#
# There is insufficient memory for the Java Runtime Environment to continue.
# Native memory allocation (mmap) failed to map 67108864 bytes for G1 virtual space
# Possible reasons:
#   The system is out of physical RAM or swap space
#   The process is running with CompressedOops enabled, and the Java Heap may be blocking the growth of the native heap
# Possible solutions:
#   Reduce memory load on the system
#   Increase physical memory or swap space
#   Check if swap backing store is full
#   Decrease Java heap size (-Xmx/-Xms)
#   Decrease number of Java threads
#   Decrease Java thread stack sizes (-Xss)
#   Set larger code cache with -XX:ReservedCodeCacheSize=
#   JVM is running with Unscaled Compressed Oops mode in which the Java heap is
#     placed in the first 4GB address space. The Java Heap base address is the
#     maximum limit for the native heap growth. Please use -XX:HeapBaseMinAddress
#     to set the Java Heap base and to place the Java Heap above 4GB virtual address.
# This output file may be truncated or incomplete.
#
#  Out of Memory Error (os_windows.cpp:3550), pid=504, tid=5732
#
# JRE version:  (17.0.7+8) (build )
# Java VM: Java HotSpot(TM) 64-Bit Server VM (17.0.7+8-LTS-224, mixed mode, sharing, tiered, compressed oops, compressed class ptrs, g1 gc, windows-amd64)
# No core dump will be written. Minidumps are not enabled by default on client versions of Windows
#

---------------  S U M M A R Y ------------

Command Line: -Xmx64m -Xms64m -Dorg.gradle.appname=gradlew org.gradle.wrapper.GradleWrapperMain app:installDebug -PreactNativeDevServerPort=8081

Host: Intel(R) Core(TM) i7-6600U CPU @ 2.60GHz, 4 cores, 7G,  Windows 10 , 64 bit Build 19041 (10.0.19041.1889)
Time: Tue Dec 12 12:13:59 2023 India Standard Time elapsed time: 0.020345 seconds (0d 0h 0m 0s)

---------------  T H R E A D  ---------------

Current thread (0x0000021f16fad750):  JavaThread "Unknown thread" [_thread_in_vm, id=5732, stack(0x0000003c38400000,0x0000003c38500000)]

Stack: [0x0000003c38400000,0x0000003c38500000]
Native frames: (J=compiled Java code, j=interpreted, Vv=VM code, C=native code)
V  [jvm.dll+0x676a4a]
V  [jvm.dll+0x7d74f4]
V  [jvm.dll+0x7d8c9e]
V  [jvm.dll+0x7d9303]
V  [jvm.dll+0x2452c5]
V  [jvm.dll+0x6738f9]
V  [jvm.dll+0x668232]
V  [jvm.dll+0x302826]
V  [jvm.dll+0x309da6]
V  [jvm.dll+0x35952e]
V  [jvm.dll+0x35975f]
V  [jvm.dll+0x2d9a38]
V  [jvm.dll+0x2da9a4]
V  [jvm.dll+0x7a8fb1]
V  [jvm.dll+0x3670e1]
V  [jvm.dll+0x788359]
V  [jvm.dll+0x3ea5ef]
V  [jvm.dll+0x3ec071]
C  [jli.dll+0x5297]
C  [ucrtbase.dll+0x21bb2]
C  [KERNEL32.DLL+0x17034]
C  [ntdll.dll+0x52651]


---------------  P R O C E S S  ---------------

Threads class SMR info:
_java_thread_list=0x00007fffe0924998, length=0, elements={
}

Java Threads: ( => current thread )

Other Threads:
  0x0000021f16fcf5d0 GCTaskThread "GC Thread#0" [stack: 0x0000003c38500000,0x0000003c38600000] [id=9716]
  0x0000021f16fd1c30 ConcurrentGCThread "G1 Main Marker" [stack: 0x0000003c38600000,0x0000003c38700000] [id=12628]
  0x0000021f16fd2cf0 ConcurrentGCThread "G1 Conc#0" [stack: 0x0000003c38700000,0x0000003c38800000] [id=6848]

[error occurred during error reporting (printing all threads), id 0xc0000005, EXCEPTION_ACCESS_VIOLATION (0xc0000005) at pc=0x00007fffe015a697]

VM state: not at safepoint (not fully initialized)

VM Mutex/Monitor currently owned by a thread:  ([mutex/lock_event])
[0x0000021f16faaaa0] Heap_lock - owner thread: 0x0000021f16fad750

Heap address: 0x00000000fc000000, size: 64 MB, Compressed Oops mode: 32-bit

CDS archive(s) mapped at: [0x0000000000000000-0x0000000000000000-0x0000000000000000), size 0, SharedBaseAddress: 0x0000000800000000, ArchiveRelocationMode: 0.
Narrow klass base: 0x0000000000000000, Narrow klass shift: 0, Narrow klass range: 0x0

GC Precious Log:
<Empty>

Heap:
 garbage-first heap   total 0K, used 0K [0x00000000fc000000, 0x0000000100000000)
  region size 1024K, 0 young (0K), 0 survivors (0K)

[error occurred during error reporting (printing heap information), id 0xc0000005, EXCEPTION_ACCESS_VIOLATION (0xc0000005) at pc=0x00007fffe05400b9]

GC Heap History (0 events):
No events

Deoptimization events (0 events):
No events

Classes unloaded (0 events):
No events

Classes redefined (0 events):
No events

Internal exceptions (0 events):
No events

VM Operations (0 events):
No events

Events (1 events):
Event: 0.011 Loaded shared library C:\Program Files\Java\jdk-17\bin\java.dll


Dynamic libraries:
0x00007ff71cd50000 - 0x00007ff71cd60000 	C:\Program Files\Java\jdk-17\bin\java.exe
0x00007ff828190000 - 0x00007ff828388000 	C:\WINDOWS\SYSTEM32\ntdll.dll
0x00007ff8265d0000 - 0x00007ff82668d000 	C:\WINDOWS\System32\KERNEL32.DLL
0x00007ff825d70000 - 0x00007ff82603e000 	C:\WINDOWS\System32\KERNELBASE.dll
0x00007ff8260f0000 - 0x00007ff8261f0000 	C:\WINDOWS\System32\ucrtbase.dll
0x00007ff802170000 - 0x00007ff802189000 	C:\Program Files\Java\jdk-17\bin\jli.dll
0x00007ff827c30000 - 0x00007ff827cde000 	C:\WINDOWS\System32\ADVAPI32.dll
0x00007ff827670000 - 0x00007ff82770e000 	C:\WINDOWS\System32\msvcrt.dll
0x00007ff826a90000 - 0x00007ff826b2c000 	C:\WINDOWS\System32\sechost.dll
0x00007ff827820000 - 0x00007ff827945000 	C:\WINDOWS\System32\RPCRT4.dll
0x00007ff826d30000 - 0x00007ff826ed0000 	C:\WINDOWS\System32\USER32.dll
0x00007ff825b00000 - 0x00007ff825b22000 	C:\WINDOWS\System32\win32u.dll
0x00007ff826b30000 - 0x00007ff826b5a000 	C:\WINDOWS\System32\GDI32.dll
0x00007ff825c60000 - 0x00007ff825d6b000 	C:\WINDOWS\System32\gdi32full.dll
0x00007ff8258b0000 - 0x00007ff82594d000 	C:\WINDOWS\System32\msvcp_win.dll
0x00007ff802150000 - 0x00007ff80216b000 	C:\Program Files\Java\jdk-17\bin\VCRUNTIME140.dll
0x00007ff810d00000 - 0x00007ff810f9a000 	C:\WINDOWS\WinSxS\amd64_microsoft.windows.common-controls_6595b64144ccf1df_6.0.19041.1110_none_60b5254171f9507e\COMCTL32.dll
0x00007ff819ab0000 - 0x00007ff819aba000 	C:\WINDOWS\SYSTEM32\VERSION.dll
0x00007ff827630000 - 0x00007ff827660000 	C:\WINDOWS\System32\IMM32.DLL
0x00007ff802140000 - 0x00007ff80214c000 	C:\Program Files\Java\jdk-17\bin\vcruntime140_1.dll
0x00007ffff43c0000 - 0x00007ffff444e000 	C:\Program Files\Java\jdk-17\bin\msvcp140.dll
0x00007fffdfe70000 - 0x00007fffe0a4d000 	C:\Program Files\Java\jdk-17\bin\server\jvm.dll
0x00007ff827bc0000 - 0x00007ff827bc8000 	C:\WINDOWS\System32\PSAPI.DLL
0x00007ff823fd0000 - 0x00007ff823fd9000 	C:\WINDOWS\SYSTEM32\WSOCK32.dll
0x00007ff826970000 - 0x00007ff8269db000 	C:\WINDOWS\System32\WS2_32.dll
0x00007ff811b20000 - 0x00007ff811b47000 	C:\WINDOWS\SYSTEM32\WINMM.dll
0x00007ff824100000 - 0x00007ff824112000 	C:\WINDOWS\SYSTEM32\kernel.appcore.dll
0x00007ff802130000 - 0x00007ff80213a000 	C:\Program Files\Java\jdk-17\bin\jimage.dll
0x00007ff823620000 - 0x00007ff823804000 	C:\WINDOWS\SYSTEM32\DBGHELP.DLL
0x00007ff80f310000 - 0x00007ff80f33c000 	C:\WINDOWS\SYSTEM32\dbgcore.DLL
0x00007ff825bd0000 - 0x00007ff825c52000 	C:\WINDOWS\System32\bcryptPrimitives.dll
0x00007ffff47b0000 - 0x00007ffff47d5000 	C:\Program Files\Java\jdk-17\bin\java.dll

dbghelp: loaded successfully - version: 4.0.5 - missing functions: none
symbol engine: initialized successfully - sym options: 0x614 - pdb path: .;C:\Program Files\Java\jdk-17\bin;C:\WINDOWS\SYSTEM32;C:\WINDOWS\WinSxS\amd64_microsoft.windows.common-controls_6595b64144ccf1df_6.0.19041.1110_none_60b5254171f9507e;C:\Program Files\Java\jdk-17\bin\server

VM Arguments:
jvm_args: -Xmx64m -Xms64m -Dorg.gradle.appname=gradlew 
java_command: org.gradle.wrapper.GradleWrapperMain app:installDebug -PreactNativeDevServerPort=8081
java_class_path (initial): F:\react nativ\exam\android\\gradle\wrapper\gradle-wrapper.jar
Launcher Type: SUN_STANDARD

[Global flags]
     intx CICompilerCount                          = 3                                         {product} {ergonomic}
     uint ConcGCThreads                            = 1                                         {product} {ergonomic}
     uint G1ConcRefinementThreads                  = 4                                         {product} {ergonomic}
   size_t G1HeapRegionSize                         = 1048576                                   {product} {ergonomic}
    uintx GCDrainStackTargetSize                   = 64                                        {product} {ergonomic}
   size_t InitialHeapSize                          = 67108864                                  {product} {command line}
   size_t MarkStackSize                            = 4194304                                   {product} {ergonomic}
   size_t MaxHeapSize                              = 67108864                                  {product} {command line}
   size_t MinHeapDeltaBytes                        = 1048576                                   {product} {ergonomic}
   size_t MinHeapSize                              = 67108864                                  {product} {command line}
    uintx NonNMethodCodeHeapSize                   = 5832780                                {pd product} {ergonomic}
    uintx NonProfiledCodeHeapSize                  = 122912730                              {pd product} {ergonomic}
    uintx ProfiledCodeHeapSize                     = 122912730                              {pd product} {ergonomic}
    uintx ReservedCodeCacheSize                    = 251658240                              {pd product} {ergonomic}
     bool SegmentedCodeCache                       = true                                      {product} {ergonomic}
   size_t SoftMaxHeapSize                          = 67108864                               {manageable} {ergonomic}
     bool UseCompressedClassPointers               = true                           {product lp64_product} {ergonomic}
     bool UseCompressedOops                        = true                           {product lp64_product} {ergonomic}
     bool UseG1GC                                  = true                                      {product} {ergonomic}
     bool UseLargePagesIndividualAllocation        = false                                  {pd product} {ergonomic}

Logging:
Log output configuration:
 #0: stdout all=warning uptime,level,tags
 #1: stderr all=off uptime,level,tags

Environment Variables:
JAVA_HOME=C:\Program Files\Java\jdk-17
CLASSPATH=F:\react nativ\exam\android\\gradle\wrapper\gradle-wrapper.jar
PATH=F:\react nativ\exam\node_modules\.bin;F:\react nativ\exam\node_modules\.bin;F:\react nativ\node_modules\.bin;F:\node_modules\.bin;C:\Program Files\nodejs\node_modules\npm\node_modules\@npmcli\run-script\lib\node-gyp-bin;C:\oraclexe\app\oracle\product\10.2.0\server\bin;C:\Program Files (x86)\Common Files\Intel\Shared Libraries\redist\intel64\compiler;C:\WINDOWS\system32;C:\WINDOWS;C:\WINDOWS\System32\Wbem;C:\WINDOWS\System32\WindowsPowerShell\v1.0\;C:\WINDOWS\System32\OpenSSH\;C:\Program Files\nodejs\;C:\Program Files\Java\jdk-17\bin;C:\Users\dell\AppData\Local\Microsoft\WindowsApps;C:\Users\dell\AppData\Local\Programs\Microsoft VS Code\bin;C:\Users\dell\AppData\Roaming\npm;C:\Program Files\Java\jdk-17;C:\Users\dell\AppData\Local\Android\Sdk\platform-tools;
USERNAME=dell
LANG=en_US.UTF-8
OS=Windows_NT
PROCESSOR_IDENTIFIER=Intel64 Family 6 Model 78 Stepping 3, GenuineIntel



---------------  S Y S T E M  ---------------

OS:
 Windows 10 , 64 bit Build 19041 (10.0.19041.1889)
OS uptime: 1 days 0:01 hours
Hyper-V role detected

CPU: total 4 (initial active 4) (2 cores per cpu, 2 threads per core) family 6 model 78 stepping 3 microcode 0xcc, cx8, cmov, fxsr, ht, mmx, 3dnowpref, sse, sse2, sse3, ssse3, sse4.1, sse4.2, popcnt, lzcnt, tsc, tscinvbit, avx, avx2, aes, erms, clmul, bmi1, bmi2, rtm, adx, fma, vzeroupper, clflush, clflushopt, hv

Memory: 4k page, system-wide physical 8084M (819M free)
TotalPageFile size 10132M (AvailPageFile size 55M)
current process WorkingSet (physical memory assigned to process): 10M, peak: 10M
current process commit charge ("private bytes"): 51M, peak: 115M

vm_info: Java HotSpot(TM) 64-Bit Server VM (17.0.7+8-LTS-224) for windows-amd64 JRE (17.0.7+8-LTS-224), built on Feb 28 2023 23:03:02 by "mach5one" with MS VC++ 17.1 (VS2022)

END.
