#
# There is insufficient memory for the Java Runtime Environment to continue.
# Native memory allocation (malloc) failed to allocate 1125776 bytes for Chunk::new
# Possible reasons:
#   The system is out of physical RAM or swap space
#   The process is running with CompressedOops enabled, and the Java Heap may be blocking the growth of the native heap
# Possible solutions:
#   Reduce memory load on the system
#   Increase physical memory or swap space
#   Check if swap backing store is full
#   Decrease Java heap size (-Xmx/-Xms)
#   Decrease number of Java threads
#   Decrease Java thread stack sizes (-Xss)
#   Set larger code cache with -XX:ReservedCodeCacheSize=
#   JVM is running with Unscaled Compressed Oops mode in which the Java heap is
#     placed in the first 4GB address space. The Java Heap base address is the
#     maximum limit for the native heap growth. Please use -XX:HeapBaseMinAddress
#     to set the Java Heap base and to place the Java Heap above 4GB virtual address.
# This output file may be truncated or incomplete.
#
#  Out of Memory Error (arena.cpp:189), pid=5596, tid=10192
#
# JRE version: Java(TM) SE Runtime Environment (17.0.7+8) (build 17.0.7+8-LTS-224)
# Java VM: Java HotSpot(TM) 64-Bit Server VM (17.0.7+8-LTS-224, mixed mode, sharing, tiered, compressed oops, compressed class ptrs, g1 gc, windows-amd64)
# No core dump will be written. Minidumps are not enabled by default on client versions of Windows
#

---------------  S U M M A R Y ------------

Command Line: -XX:MaxMetaspaceSize=512m --add-opens=java.base/java.util=ALL-UNNAMED --add-opens=java.base/java.lang=ALL-UNNAMED --add-opens=java.base/java.lang.invoke=ALL-UNNAMED --add-opens=java.prefs/java.util.prefs=ALL-UNNAMED --add-opens=java.base/java.nio.charset=ALL-UNNAMED --add-opens=java.base/java.net=ALL-UNNAMED --add-opens=java.base/java.util.concurrent.atomic=ALL-UNNAMED -Xmx2048m -Dfile.encoding=windows-1252 -Duser.country=IN -Duser.language=en -Duser.variant org.gradle.launcher.daemon.bootstrap.GradleDaemon 8.0.1

Host: Intel(R) Core(TM) i7-6600U CPU @ 2.60GHz, 4 cores, 7G,  Windows 10 , 64 bit Build 19041 (10.0.19041.1889)
Time: Wed Dec  6 12:16:04 2023 India Standard Time elapsed time: 53.356073 seconds (0d 0h 0m 53s)

---------------  T H R E A D  ---------------

Current thread (0x00000291eba2f9e0):  JavaThread "C2 CompilerThread1" daemon [_thread_in_native, id=10192, stack(0x000000db1ee00000,0x000000db1ef00000)]


Current CompileTask:
C2:  53356 11114       4       java.beans.Introspector::addMethod (196 bytes)

Stack: [0x000000db1ee00000,0x000000db1ef00000]
Native frames: (J=compiled Java code, j=interpreted, Vv=VM code, C=native code)
V  [jvm.dll+0x676a4a]
V  [jvm.dll+0x7d74f4]
V  [jvm.dll+0x7d8c9e]
V  [jvm.dll+0x7d9303]
V  [jvm.dll+0x2452c5]
V  [jvm.dll+0xaaa2b]
V  [jvm.dll+0xaafcc]
V  [jvm.dll+0x2aac2f]
V  [jvm.dll+0x57f375]
V  [jvm.dll+0x2205f2]
V  [jvm.dll+0x2209cf]
V  [jvm.dll+0x219926]
V  [jvm.dll+0x216df9]
V  [jvm.dll+0x1a35e0]
V  [jvm.dll+0x226a6e]
V  [jvm.dll+0x224e15]
V  [jvm.dll+0x78d05c]
V  [jvm.dll+0x78759a]
V  [jvm.dll+0x675875]
C  [ucrtbase.dll+0x21bb2]
C  [KERNEL32.DLL+0x17034]
C  [ntdll.dll+0x52651]


---------------  P R O C E S S  ---------------

Threads class SMR info:
_java_thread_list=0x00000291eff5f4a0, length=89, elements={
0x00000291cd4b1220, 0x00000291eadc1a60, 0x00000291eadc27e0, 0x00000291eadda920,
0x00000291eaddb3e0, 0x00000291eadddcb0, 0x00000291eaddf980, 0x00000291eade0620,
0x00000291eae3e2f0, 0x00000291eae53cf0, 0x00000291eb8a8940, 0x00000291eb8b1060,
0x00000291ec42c0e0, 0x00000291eb830780, 0x00000291eca04430, 0x00000291ebc49030,
0x00000291ebc498d0, 0x00000291ecf84220, 0x00000291ecf846f0, 0x00000291ec4f1e00,
0x00000291ec4f1930, 0x00000291ec4f27a0, 0x00000291ec4f22d0, 0x00000291ec4ef780,
0x00000291ec4f2c70, 0x00000291ec4efc50, 0x00000291ec4ef2b0, 0x00000291ec4f1460,
0x00000291ec4f0120, 0x00000291ec4f05f0, 0x00000291ec4f0f90, 0x00000291ec4f0ac0,
0x00000291ed87f8a0, 0x00000291ed880be0, 0x00000291ed87f3d0, 0x00000291ed87b540,
0x00000291ed8828c0, 0x00000291ed87d6f0, 0x00000291ed87c3b0, 0x00000291ed8810b0,
0x00000291ed8823f0, 0x00000291ed87c880, 0x00000291ed87ba10, 0x00000291ed880710,
0x00000291ed87ea30, 0x00000291ed87e090, 0x00000291ed87bee0, 0x00000291ed87cd50,
0x00000291ed87fd70, 0x00000291ed881580, 0x00000291ed87d220, 0x00000291ed881a50,
0x00000291ed87dbc0, 0x00000291ed880240, 0x00000291ed87ef00, 0x00000291ef8a3a20,
0x00000291ef8a73e0, 0x00000291ef8a5bd0, 0x00000291ef8a6570, 0x00000291ef8a0530,
0x00000291ef8a1870, 0x00000291ef8a60a0, 0x00000291ef8a2210, 0x00000291ef8a6f10,
0x00000291ef8a3550, 0x00000291ef8a3080, 0x00000291ef8a5700, 0x00000291ef8a3ef0,
0x00000291ef8a6a40, 0x00000291ef8a0ed0, 0x00000291ef8a1d40, 0x00000291ef8a4d60,
0x00000291ef8a13a0, 0x00000291ef8a5230, 0x00000291ef8a78b0, 0x00000291ef8a0060,
0x00000291efbe8860, 0x00000291efbeb880, 0x00000291efbed090, 0x00000291efbeaa10,
0x00000291efbe9200, 0x00000291efbe9ba0, 0x00000291efbe96d0, 0x00000291efbedf00,
0x00000291efbeaee0, 0x00000291efbeed70, 0x00000291efbefbe0, 0x00000291efbebd50,
0x00000291eba2f9e0
}

Java Threads: ( => current thread )
  0x00000291cd4b1220 JavaThread "main" [_thread_blocked, id=9208, stack(0x000000db18a00000,0x000000db18b00000)]
  0x00000291eadc1a60 JavaThread "Reference Handler" daemon [_thread_blocked, id=14488, stack(0x000000db19100000,0x000000db19200000)]
  0x00000291eadc27e0 JavaThread "Finalizer" daemon [_thread_blocked, id=8936, stack(0x000000db19200000,0x000000db19300000)]
  0x00000291eadda920 JavaThread "Signal Dispatcher" daemon [_thread_blocked, id=13556, stack(0x000000db19300000,0x000000db19400000)]
  0x00000291eaddb3e0 JavaThread "Attach Listener" daemon [_thread_blocked, id=14892, stack(0x000000db19400000,0x000000db19500000)]
  0x00000291eadddcb0 JavaThread "Service Thread" daemon [_thread_blocked, id=5024, stack(0x000000db19500000,0x000000db19600000)]
  0x00000291eaddf980 JavaThread "Monitor Deflation Thread" daemon [_thread_blocked, id=8764, stack(0x000000db19600000,0x000000db19700000)]
  0x00000291eade0620 JavaThread "C2 CompilerThread0" daemon [_thread_blocked, id=7268, stack(0x000000db19700000,0x000000db19800000)]
  0x00000291eae3e2f0 JavaThread "C1 CompilerThread0" daemon [_thread_blocked, id=6412, stack(0x000000db19800000,0x000000db19900000)]
  0x00000291eae53cf0 JavaThread "Sweeper thread" daemon [_thread_blocked, id=6888, stack(0x000000db19900000,0x000000db19a00000)]
  0x00000291eb8a8940 JavaThread "Common-Cleaner" daemon [_thread_blocked, id=3020, stack(0x000000db19a00000,0x000000db19b00000)]
  0x00000291eb8b1060 JavaThread "Notification Thread" daemon [_thread_blocked, id=8556, stack(0x000000db19b00000,0x000000db19c00000)]
  0x00000291ec42c0e0 JavaThread "Daemon health stats" [_thread_blocked, id=10908, stack(0x000000db1a000000,0x000000db1a100000)]
  0x00000291eb830780 JavaThread "Incoming local TCP Connector on port 49545" [_thread_in_native, id=3912, stack(0x000000db1a100000,0x000000db1a200000)]
  0x00000291eca04430 JavaThread "Daemon periodic checks" [_thread_blocked, id=11580, stack(0x000000db1a200000,0x000000db1a300000)]
  0x00000291ebc49030 JavaThread "Daemon" [_thread_blocked, id=14440, stack(0x000000db1a300000,0x000000db1a400000)]
  0x00000291ebc498d0 JavaThread "Handler for socket connection from /127.0.0.1:49545 to /127.0.0.1:49547" [_thread_in_native, id=7784, stack(0x000000db1a400000,0x000000db1a500000)]
  0x00000291ecf84220 JavaThread "Cancel handler" [_thread_blocked, id=14152, stack(0x000000db1a500000,0x000000db1a600000)]
  0x00000291ecf846f0 JavaThread "Daemon worker" [_thread_blocked, id=11800, stack(0x000000db1a600000,0x000000db1a700000)]
  0x00000291ec4f1e00 JavaThread "Asynchronous log dispatcher for DefaultDaemonConnection: socket connection from /127.0.0.1:49545 to /127.0.0.1:49547" [_thread_blocked, id=9104, stack(0x000000db1a700000,0x000000db1a800000)]
  0x00000291ec4f1930 JavaThread "Stdin handler" [_thread_blocked, id=5712, stack(0x000000db1a800000,0x000000db1a900000)]
  0x00000291ec4f27a0 JavaThread "Daemon client event forwarder" [_thread_blocked, id=12956, stack(0x000000db1a900000,0x000000db1aa00000)]
  0x00000291ec4f22d0 JavaThread "Cache worker for journal cache (C:\Users\dell\.gradle\caches\journal-1)" [_thread_blocked, id=7056, stack(0x000000db1aa00000,0x000000db1ab00000)]
  0x00000291ec4ef780 JavaThread "File lock request listener" [_thread_in_native, id=2672, stack(0x000000db1ab00000,0x000000db1ac00000)]
  0x00000291ec4f2c70 JavaThread "Cache worker for file hash cache (C:\Users\dell\.gradle\caches\8.0.1\fileHashes)" [_thread_blocked, id=10152, stack(0x000000db1ac00000,0x000000db1ad00000)]
  0x00000291ec4efc50 JavaThread "File watcher server" daemon [_thread_in_native, id=13988, stack(0x000000db1ad00000,0x000000db1ae00000)]
  0x00000291ec4ef2b0 JavaThread "File watcher consumer" daemon [_thread_blocked, id=13792, stack(0x000000db1ae00000,0x000000db1af00000)]
  0x00000291ec4f1460 JavaThread "Cache worker for checksums cache (F:\react nativ\pictogame\android\.gradle\8.0.1\checksums)" [_thread_blocked, id=8760, stack(0x000000db1af00000,0x000000db1b000000)]
  0x00000291ec4f0120 JavaThread "Cache worker for cache directory md-rule (C:\Users\dell\.gradle\caches\8.0.1\md-rule)" [_thread_blocked, id=9500, stack(0x000000db1b000000,0x000000db1b100000)]
  0x00000291ec4f05f0 JavaThread "Cache worker for file content cache (C:\Users\dell\.gradle\caches\8.0.1\fileContent)" [_thread_blocked, id=12208, stack(0x000000db1b100000,0x000000db1b200000)]
  0x00000291ec4f0f90 JavaThread "Cache worker for file hash cache (F:\react nativ\pictogame\android\.gradle\8.0.1\fileHashes)" [_thread_blocked, id=6252, stack(0x000000db1b200000,0x000000db1b300000)]
  0x00000291ec4f0ac0 JavaThread "Cache worker for cache directory md-supplier (C:\Users\dell\.gradle\caches\8.0.1\md-supplier)" [_thread_blocked, id=7304, stack(0x000000db1b300000,0x000000db1b400000)]
  0x00000291ed87f8a0 JavaThread "Cache worker for execution history cache (C:\Users\dell\.gradle\caches\8.0.1\executionHistory)" [_thread_blocked, id=5304, stack(0x000000db1b500000,0x000000db1b600000)]
  0x00000291ed880be0 JavaThread "jar transforms" [_thread_blocked, id=9336, stack(0x000000db1b600000,0x000000db1b700000)]
  0x00000291ed87f3d0 JavaThread "jar transforms Thread 2" [_thread_blocked, id=10620, stack(0x000000db1b700000,0x000000db1b800000)]
  0x00000291ed87b540 JavaThread "jar transforms Thread 3" [_thread_blocked, id=9904, stack(0x000000db1b800000,0x000000db1b900000)]
  0x00000291ed8828c0 JavaThread "jar transforms Thread 4" [_thread_blocked, id=11684, stack(0x000000db1b900000,0x000000db1ba00000)]
  0x00000291ed87d6f0 JavaThread "File lock release action executor" [_thread_blocked, id=5416, stack(0x000000db1ba00000,0x000000db1bb00000)]
  0x00000291ed87c3b0 JavaThread "Cache worker for kotlin-dsl (C:\Users\dell\.gradle\caches\8.0.1\kotlin-dsl)" [_thread_blocked, id=13972, stack(0x000000db18900000,0x000000db18a00000)]
  0x00000291ed8810b0 JavaThread "Cache worker for dependencies-accessors (F:\react nativ\pictogame\android\.gradle\8.0.1\dependencies-accessors)" [_thread_blocked, id=788, stack(0x000000db1bb00000,0x000000db1bc00000)]
  0x00000291ed8823f0 JavaThread "Cache worker for Build Output Cleanup Cache (F:\react nativ\pictogame\node_modules\@react-native\gradle-plugin\.gradle\buildOutputCleanup)" [_thread_blocked, id=11268, stack(0x000000db1bc00000,0x000000db1bd00000)]
  0x00000291ed87c880 JavaThread "Unconstrained build operations" [_thread_blocked, id=1260, stack(0x000000db1bd00000,0x000000db1be00000)]
  0x00000291ed87ba10 JavaThread "Unconstrained build operations Thread 2" [_thread_blocked, id=15320, stack(0x000000db1be00000,0x000000db1bf00000)]
  0x00000291ed880710 JavaThread "Unconstrained build operations Thread 3" [_thread_blocked, id=9704, stack(0x000000db1bf00000,0x000000db1c000000)]
  0x00000291ed87ea30 JavaThread "Unconstrained build operations Thread 4" [_thread_blocked, id=7200, stack(0x000000db1c000000,0x000000db1c100000)]
  0x00000291ed87e090 JavaThread "Unconstrained build operations Thread 5" [_thread_blocked, id=10544, stack(0x000000db1c100000,0x000000db1c200000)]
  0x00000291ed87bee0 JavaThread "Unconstrained build operations Thread 6" [_thread_blocked, id=12520, stack(0x000000db1c200000,0x000000db1c300000)]
  0x00000291ed87cd50 JavaThread "Unconstrained build operations Thread 7" [_thread_blocked, id=1492, stack(0x000000db1c300000,0x000000db1c400000)]
  0x00000291ed87fd70 JavaThread "Unconstrained build operations Thread 8" [_thread_blocked, id=12108, stack(0x000000db1c400000,0x000000db1c500000)]
  0x00000291ed881580 JavaThread "Unconstrained build operations Thread 9" [_thread_blocked, id=8124, stack(0x000000db1c500000,0x000000db1c600000)]
  0x00000291ed87d220 JavaThread "Unconstrained build operations Thread 10" [_thread_blocked, id=13148, stack(0x000000db1c600000,0x000000db1c700000)]
  0x00000291ed881a50 JavaThread "Unconstrained build operations Thread 11" [_thread_blocked, id=3628, stack(0x000000db1c700000,0x000000db1c800000)]
  0x00000291ed87dbc0 JavaThread "Unconstrained build operations Thread 12" [_thread_blocked, id=12976, stack(0x000000db1c800000,0x000000db1c900000)]
  0x00000291ed880240 JavaThread "Unconstrained build operations Thread 13" [_thread_blocked, id=8108, stack(0x000000db1c900000,0x000000db1ca00000)]
  0x00000291ed87ef00 JavaThread "Unconstrained build operations Thread 14" [_thread_blocked, id=11512, stack(0x000000db1ca00000,0x000000db1cb00000)]
  0x00000291ef8a3a20 JavaThread "Unconstrained build operations Thread 15" [_thread_blocked, id=1648, stack(0x000000db1cb00000,0x000000db1cc00000)]
  0x00000291ef8a73e0 JavaThread "Unconstrained build operations Thread 16" [_thread_blocked, id=9352, stack(0x000000db1cc00000,0x000000db1cd00000)]
  0x00000291ef8a5bd0 JavaThread "Unconstrained build operations Thread 17" [_thread_blocked, id=5840, stack(0x000000db1cd00000,0x000000db1ce00000)]
  0x00000291ef8a6570 JavaThread "Unconstrained build operations Thread 18" [_thread_blocked, id=5152, stack(0x000000db1ce00000,0x000000db1cf00000)]
  0x00000291ef8a0530 JavaThread "Unconstrained build operations Thread 19" [_thread_blocked, id=10120, stack(0x000000db1cf00000,0x000000db1d000000)]
  0x00000291ef8a1870 JavaThread "Unconstrained build operations Thread 20" [_thread_blocked, id=2180, stack(0x000000db1d000000,0x000000db1d100000)]
  0x00000291ef8a60a0 JavaThread "Unconstrained build operations Thread 21" [_thread_blocked, id=10804, stack(0x000000db1d100000,0x000000db1d200000)]
  0x00000291ef8a2210 JavaThread "Unconstrained build operations Thread 22" [_thread_blocked, id=3788, stack(0x000000db1d200000,0x000000db1d300000)]
  0x00000291ef8a6f10 JavaThread "Unconstrained build operations Thread 23" [_thread_blocked, id=1320, stack(0x000000db1d300000,0x000000db1d400000)]
  0x00000291ef8a3550 JavaThread "Unconstrained build operations Thread 24" [_thread_blocked, id=6352, stack(0x000000db1d400000,0x000000db1d500000)]
  0x00000291ef8a3080 JavaThread "Unconstrained build operations Thread 25" [_thread_blocked, id=14472, stack(0x000000db1d500000,0x000000db1d600000)]
  0x00000291ef8a5700 JavaThread "Unconstrained build operations Thread 26" [_thread_blocked, id=11444, stack(0x000000db1d600000,0x000000db1d700000)]
  0x00000291ef8a3ef0 JavaThread "Memory manager" [_thread_blocked, id=12460, stack(0x000000db1d700000,0x000000db1d800000)]
  0x00000291ef8a6a40 JavaThread "Cache worker for Build Output Cleanup Cache (F:\react nativ\pictogame\android\.gradle\buildOutputCleanup)" [_thread_blocked, id=12500, stack(0x000000db1d800000,0x000000db1d900000)]
  0x00000291ef8a0ed0 JavaThread "included builds" [_thread_blocked, id=6256, stack(0x000000db1db00000,0x000000db1dc00000)]
  0x00000291ef8a1d40 JavaThread "Execution worker" [_thread_blocked, id=7988, stack(0x000000db1dc00000,0x000000db1dd00000)]
  0x00000291ef8a4d60 JavaThread "Execution worker Thread 2" [_thread_blocked, id=11220, stack(0x000000db1dd00000,0x000000db1de00000)]
  0x00000291ef8a13a0 JavaThread "Execution worker Thread 3" [_thread_blocked, id=7024, stack(0x000000db1de00000,0x000000db1df00000)]
  0x00000291ef8a5230 JavaThread "Cache worker for execution history cache (F:\react nativ\pictogame\node_modules\@react-native\gradle-plugin\.gradle\8.0.1\executionHistory)" [_thread_blocked, id=13564, stack(0x000000db1df00000,0x000000db1e000000)]
  0x00000291ef8a78b0 JavaThread "Unconstrained build operations Thread 27" [_thread_blocked, id=2056, stack(0x000000db1e000000,0x000000db1e100000)]
  0x00000291ef8a0060 JavaThread "Unconstrained build operations Thread 28" [_thread_blocked, id=8720, stack(0x000000db1e100000,0x000000db1e200000)]
  0x00000291efbe8860 JavaThread "Unconstrained build operations Thread 29" [_thread_blocked, id=15092, stack(0x000000db1e200000,0x000000db1e300000)]
  0x00000291efbeb880 JavaThread "Unconstrained build operations Thread 30" [_thread_blocked, id=15096, stack(0x000000db1e300000,0x000000db1e400000)]
  0x00000291efbed090 JavaThread "Unconstrained build operations Thread 31" [_thread_blocked, id=4332, stack(0x000000db1e400000,0x000000db1e500000)]
  0x00000291efbeaa10 JavaThread "Unconstrained build operations Thread 32" [_thread_blocked, id=10864, stack(0x000000db1e500000,0x000000db1e600000)]
  0x00000291efbe9200 JavaThread "Unconstrained build operations Thread 33" [_thread_blocked, id=6580, stack(0x000000db1e600000,0x000000db1e700000)]
  0x00000291efbe9ba0 JavaThread "Unconstrained build operations Thread 34" [_thread_blocked, id=13960, stack(0x000000db1e700000,0x000000db1e800000)]
  0x00000291efbe96d0 JavaThread "Unconstrained build operations Thread 35" [_thread_blocked, id=11592, stack(0x000000db1e800000,0x000000db1e900000)]
  0x00000291efbedf00 JavaThread "Unconstrained build operations Thread 36" [_thread_blocked, id=13400, stack(0x000000db1e900000,0x000000db1ea00000)]
  0x00000291efbeaee0 JavaThread "Unconstrained build operations Thread 37" [_thread_blocked, id=12296, stack(0x000000db1ea00000,0x000000db1eb00000)]
  0x00000291efbeed70 JavaThread "Unconstrained build operations Thread 38" [_thread_blocked, id=10584, stack(0x000000db1eb00000,0x000000db1ec00000)]
  0x00000291efbefbe0 JavaThread "Unconstrained build operations Thread 39" [_thread_blocked, id=7164, stack(0x000000db1ec00000,0x000000db1ed00000)]
  0x00000291efbebd50 JavaThread "Unconstrained build operations Thread 40" [_thread_blocked, id=4660, stack(0x000000db1ed00000,0x000000db1ee00000)]
=>0x00000291eba2f9e0 JavaThread "C2 CompilerThread1" daemon [_thread_in_native, id=10192, stack(0x000000db1ee00000,0x000000db1ef00000)]

Other Threads:
  0x00000291eadbbef0 VMThread "VM Thread" [stack: 0x000000db19000000,0x000000db19100000] [id=8712]
  0x00000291eb8bf570 WatcherThread [stack: 0x000000db19c00000,0x000000db19d00000] [id=7924]
  0x00000291cd50ac00 GCTaskThread "GC Thread#0" [stack: 0x000000db18b00000,0x000000db18c00000] [id=12652]
  0x00000291ebb2f440 GCTaskThread "GC Thread#1" [stack: 0x000000db19d00000,0x000000db19e00000] [id=14924]
  0x00000291ebb400c0 GCTaskThread "GC Thread#2" [stack: 0x000000db19e00000,0x000000db19f00000] [id=2224]
  0x00000291ec1c9930 GCTaskThread "GC Thread#3" [stack: 0x000000db19f00000,0x000000db1a000000] [id=13540]
  0x00000291cd51da70 ConcurrentGCThread "G1 Main Marker" [stack: 0x000000db18c00000,0x000000db18d00000] [id=12152]
  0x00000291cd51e390 ConcurrentGCThread "G1 Conc#0" [stack: 0x000000db18d00000,0x000000db18e00000] [id=3936]
  0x00000291eac80090 ConcurrentGCThread "G1 Refine#0" [stack: 0x000000db18e00000,0x000000db18f00000] [id=13480]
  0x00000291ecb5b650 ConcurrentGCThread "G1 Refine#1" [stack: 0x000000db1b400000,0x000000db1b500000] [id=10172]
  0x00000291eac809c0 ConcurrentGCThread "G1 Service" [stack: 0x000000db18f00000,0x000000db19000000] [id=5736]

Threads with active compile tasks:
C2 CompilerThread0    53429 11216       4       org.gradle.internal.logging.sink.OutputEventTransformer::onOutput (399 bytes)
C2 CompilerThread1    53429 11114       4       java.beans.Introspector::addMethod (196 bytes)

VM state: at safepoint (normal execution)

VM Mutex/Monitor currently owned by a thread:  ([mutex/lock_event])
[0x00000291cd4ac340] Threads_lock - owner thread: 0x00000291eadbbef0
[0x00000291cd4ac8e0] Heap_lock - owner thread: 0x00000291ecf846f0

Heap address: 0x0000000080000000, size: 2048 MB, Compressed Oops mode: 32-bit

CDS archive(s) mapped at: [0x0000000800000000-0x0000000800bd0000-0x0000000800bd0000), size 12386304, SharedBaseAddress: 0x0000000800000000, ArchiveRelocationMode: 0.
Compressed class space mapped at: 0x0000000800c00000-0x000000081a800000, reserved size: 432013312
Narrow klass base: 0x0000000800000000, Narrow klass shift: 0, Narrow klass range: 0x100000000

GC Precious Log:
 CPUs: 4 total, 4 available
 Memory: 8084M
 Large Page Support: Disabled
 NUMA Support: Disabled
 Compressed Oops: Enabled (32-bit)
 Heap Region Size: 1M
 Heap Min Capacity: 8M
 Heap Initial Capacity: 128M
 Heap Max Capacity: 2G
 Pre-touch: Disabled
 Parallel Workers: 4
 Concurrent Workers: 1
 Concurrent Refinement Workers: 4
 Periodic GC: Disabled

Heap:
 garbage-first heap   total 196608K, used 113514K [0x0000000080000000, 0x0000000100000000)
  region size 1024K, 2 young (2048K), 2 survivors (2048K)
 Metaspace       used 82870K, committed 83712K, reserved 495616K
  class space    used 11538K, committed 11968K, reserved 421888K

Heap Regions: E=young(eden), S=young(survivor), O=old, HS=humongous(starts), HC=humongous(continues), CS=collection set, F=free, OA=open archive, CA=closed archive, TAMS=top-at-mark-start (previous, next)
|   0|0x0000000080000000, 0x0000000080100000, 0x0000000080100000|100%| O|  |TAMS 0x0000000080100000, 0x0000000080000000| Untracked 
|   1|0x0000000080100000, 0x0000000080200000, 0x0000000080200000|100%| O|  |TAMS 0x0000000080200000, 0x0000000080100000| Untracked 
|   2|0x0000000080200000, 0x0000000080300000, 0x0000000080300000|100%|HS|  |TAMS 0x0000000080300000, 0x0000000080200000| Complete 
|   3|0x0000000080300000, 0x0000000080400000, 0x0000000080400000|100%|HC|  |TAMS 0x0000000080400000, 0x0000000080300000| Complete 
|   4|0x0000000080400000, 0x0000000080500000, 0x0000000080500000|100%|HC|  |TAMS 0x0000000080500000, 0x0000000080400000| Complete 
|   5|0x0000000080500000, 0x0000000080600000, 0x0000000080600000|100%|HC|  |TAMS 0x0000000080600000, 0x0000000080500000| Complete 
|   6|0x0000000080600000, 0x0000000080700000, 0x0000000080700000|100%| O|  |TAMS 0x0000000080700000, 0x0000000080600000| Untracked 
|   7|0x0000000080700000, 0x0000000080800000, 0x0000000080800000|100%| O|  |TAMS 0x0000000080800000, 0x0000000080700000| Untracked 
|   8|0x0000000080800000, 0x0000000080900000, 0x0000000080900000|100%| O|  |TAMS 0x0000000080900000, 0x0000000080800000| Untracked 
|   9|0x0000000080900000, 0x0000000080a00000, 0x0000000080a00000|100%| O|  |TAMS 0x0000000080a00000, 0x0000000080900000| Untracked 
|  10|0x0000000080a00000, 0x0000000080b00000, 0x0000000080b00000|100%| O|  |TAMS 0x0000000080b00000, 0x0000000080a00000| Untracked 
|  11|0x0000000080b00000, 0x0000000080c00000, 0x0000000080c00000|100%| O|  |TAMS 0x0000000080c00000, 0x0000000080b00000| Untracked 
|  12|0x0000000080c00000, 0x0000000080d00000, 0x0000000080d00000|100%| O|  |TAMS 0x0000000080d00000, 0x0000000080c00000| Untracked 
|  13|0x0000000080d00000, 0x0000000080e00000, 0x0000000080e00000|100%| O|  |TAMS 0x0000000080e00000, 0x0000000080d00000| Untracked 
|  14|0x0000000080e00000, 0x0000000080f00000, 0x0000000080f00000|100%| O|  |TAMS 0x0000000080f00000, 0x0000000080e00000| Untracked 
|  15|0x0000000080f00000, 0x0000000081000000, 0x0000000081000000|100%| O|  |TAMS 0x0000000081000000, 0x0000000080f00000| Untracked 
|  16|0x0000000081000000, 0x0000000081100000, 0x0000000081100000|100%| O|  |TAMS 0x0000000081100000, 0x0000000081000000| Untracked 
|  17|0x0000000081100000, 0x0000000081200000, 0x0000000081200000|100%| O|  |TAMS 0x0000000081200000, 0x0000000081100000| Untracked 
|  18|0x0000000081200000, 0x0000000081300000, 0x0000000081300000|100%| O|  |TAMS 0x0000000081300000, 0x0000000081200000| Untracked 
|  19|0x0000000081300000, 0x0000000081400000, 0x0000000081400000|100%| O|  |TAMS 0x0000000081400000, 0x0000000081300000| Untracked 
|  20|0x0000000081400000, 0x0000000081500000, 0x0000000081500000|100%| O|  |TAMS 0x0000000081500000, 0x0000000081400000| Untracked 
|  21|0x0000000081500000, 0x0000000081600000, 0x0000000081600000|100%| O|  |TAMS 0x0000000081600000, 0x0000000081500000| Untracked 
|  22|0x0000000081600000, 0x0000000081700000, 0x0000000081700000|100%| O|  |TAMS 0x0000000081700000, 0x0000000081600000| Untracked 
|  23|0x0000000081700000, 0x0000000081800000, 0x0000000081800000|100%| O|  |TAMS 0x0000000081800000, 0x0000000081700000| Untracked 
|  24|0x0000000081800000, 0x0000000081900000, 0x0000000081900000|100%| O|  |TAMS 0x0000000081900000, 0x0000000081800000| Untracked 
|  25|0x0000000081900000, 0x0000000081a00000, 0x0000000081a00000|100%| O|  |TAMS 0x0000000081a00000, 0x0000000081900000| Untracked 
|  26|0x0000000081a00000, 0x0000000081b00000, 0x0000000081b00000|100%| O|  |TAMS 0x0000000081b00000, 0x0000000081a00000| Untracked 
|  27|0x0000000081b00000, 0x0000000081c00000, 0x0000000081c00000|100%| O|  |TAMS 0x0000000081c00000, 0x0000000081b00000| Untracked 
|  28|0x0000000081c00000, 0x0000000081d00000, 0x0000000081d00000|100%| O|  |TAMS 0x0000000081d00000, 0x0000000081c00000| Untracked 
|  29|0x0000000081d00000, 0x0000000081e00000, 0x0000000081e00000|100%| O|  |TAMS 0x0000000081e00000, 0x0000000081d00000| Untracked 
|  30|0x0000000081e00000, 0x0000000081f00000, 0x0000000081f00000|100%| O|  |TAMS 0x0000000081f00000, 0x0000000081e00000| Untracked 
|  31|0x0000000081f00000, 0x0000000082000000, 0x0000000082000000|100%| O|  |TAMS 0x0000000082000000, 0x0000000081f00000| Untracked 
|  32|0x0000000082000000, 0x0000000082100000, 0x0000000082100000|100%| O|  |TAMS 0x0000000082100000, 0x0000000082000000| Untracked 
|  33|0x0000000082100000, 0x0000000082200000, 0x0000000082200000|100%| O|  |TAMS 0x0000000082200000, 0x0000000082100000| Untracked 
|  34|0x0000000082200000, 0x0000000082300000, 0x0000000082300000|100%| O|  |TAMS 0x0000000082300000, 0x0000000082200000| Untracked 
|  35|0x0000000082300000, 0x0000000082400000, 0x0000000082400000|100%|HS|  |TAMS 0x0000000082400000, 0x0000000082300000| Complete 
|  36|0x0000000082400000, 0x0000000082500000, 0x0000000082500000|100%|HC|  |TAMS 0x0000000082500000, 0x0000000082400000| Complete 
|  37|0x0000000082500000, 0x0000000082600000, 0x0000000082600000|100%| O|  |TAMS 0x0000000082600000, 0x0000000082500000| Untracked 
|  38|0x0000000082600000, 0x0000000082700000, 0x0000000082700000|100%|HS|  |TAMS 0x0000000082700000, 0x0000000082600000| Complete 
|  39|0x0000000082700000, 0x0000000082800000, 0x0000000082800000|100%|HC|  |TAMS 0x0000000082800000, 0x0000000082700000| Complete 
|  40|0x0000000082800000, 0x0000000082900000, 0x0000000082900000|100%|HC|  |TAMS 0x0000000082900000, 0x0000000082800000| Complete 
|  41|0x0000000082900000, 0x0000000082a00000, 0x0000000082a00000|100%|HC|  |TAMS 0x0000000082a00000, 0x0000000082900000| Complete 
|  42|0x0000000082a00000, 0x0000000082b00000, 0x0000000082b00000|100%| O|  |TAMS 0x0000000082b00000, 0x0000000082a00000| Untracked 
|  43|0x0000000082b00000, 0x0000000082c00000, 0x0000000082c00000|100%| O|  |TAMS 0x0000000082c00000, 0x0000000082b00000| Untracked 
|  44|0x0000000082c00000, 0x0000000082d00000, 0x0000000082d00000|100%| O|  |TAMS 0x0000000082d00000, 0x0000000082c00000| Untracked 
|  45|0x0000000082d00000, 0x0000000082e00000, 0x0000000082e00000|100%| O|  |TAMS 0x0000000082e00000, 0x0000000082d00000| Untracked 
|  46|0x0000000082e00000, 0x0000000082f00000, 0x0000000082f00000|100%| O|  |TAMS 0x0000000082f00000, 0x0000000082e00000| Untracked 
|  47|0x0000000082f00000, 0x0000000083000000, 0x0000000083000000|100%| O|  |TAMS 0x0000000083000000, 0x0000000082f00000| Untracked 
|  48|0x0000000083000000, 0x0000000083100000, 0x0000000083100000|100%| O|  |TAMS 0x0000000083100000, 0x0000000083000000| Untracked 
|  49|0x0000000083100000, 0x0000000083200000, 0x0000000083200000|100%| O|  |TAMS 0x0000000083200000, 0x0000000083100000| Untracked 
|  50|0x0000000083200000, 0x0000000083300000, 0x0000000083300000|100%| O|  |TAMS 0x0000000083300000, 0x0000000083200000| Untracked 
|  51|0x0000000083300000, 0x0000000083400000, 0x0000000083400000|100%| O|  |TAMS 0x0000000083400000, 0x0000000083300000| Untracked 
|  52|0x0000000083400000, 0x0000000083500000, 0x0000000083500000|100%| O|  |TAMS 0x0000000083500000, 0x0000000083400000| Untracked 
|  53|0x0000000083500000, 0x0000000083500000, 0x0000000083600000|  0%| F|  |TAMS 0x0000000083500000, 0x0000000083500000| Untracked 
|  54|0x0000000083600000, 0x0000000083700000, 0x0000000083700000|100%| O|  |TAMS 0x0000000083700000, 0x0000000083600000| Untracked 
|  55|0x0000000083700000, 0x0000000083800000, 0x0000000083800000|100%| O|  |TAMS 0x0000000083800000, 0x0000000083700000| Untracked 
|  56|0x0000000083800000, 0x0000000083900000, 0x0000000083900000|100%| O|  |TAMS 0x0000000083900000, 0x0000000083800000| Untracked 
|  57|0x0000000083900000, 0x0000000083a00000, 0x0000000083a00000|100%| O|  |TAMS 0x0000000083a00000, 0x0000000083900000| Untracked 
|  58|0x0000000083a00000, 0x0000000083b00000, 0x0000000083b00000|100%| O|  |TAMS 0x0000000083b00000, 0x0000000083a00000| Untracked 
|  59|0x0000000083b00000, 0x0000000083c00000, 0x0000000083c00000|100%|HS|  |TAMS 0x0000000083c00000, 0x0000000083b00000| Complete 
|  60|0x0000000083c00000, 0x0000000083d00000, 0x0000000083d00000|100%|HS|  |TAMS 0x0000000083d00000, 0x0000000083c00000| Complete 
|  61|0x0000000083d00000, 0x0000000083e00000, 0x0000000083e00000|100%| O|  |TAMS 0x0000000083e00000, 0x0000000083d00000| Untracked 
|  62|0x0000000083e00000, 0x0000000083f00000, 0x0000000083f00000|100%| O|  |TAMS 0x0000000083f00000, 0x0000000083e00000| Untracked 
|  63|0x0000000083f00000, 0x0000000084000000, 0x0000000084000000|100%| O|  |TAMS 0x0000000084000000, 0x0000000083f00000| Untracked 
|  64|0x0000000084000000, 0x0000000084100000, 0x0000000084100000|100%| O|  |TAMS 0x0000000084100000, 0x0000000084000000| Untracked 
|  65|0x0000000084100000, 0x0000000084200000, 0x0000000084200000|100%| O|  |TAMS 0x0000000084200000, 0x0000000084100000| Untracked 
|  66|0x0000000084200000, 0x0000000084300000, 0x0000000084300000|100%| O|  |TAMS 0x0000000084300000, 0x0000000084200000| Untracked 
|  67|0x0000000084300000, 0x0000000084400000, 0x0000000084400000|100%| O|  |TAMS 0x0000000084400000, 0x0000000084300000| Untracked 
|  68|0x0000000084400000, 0x0000000084500000, 0x0000000084500000|100%| O|  |TAMS 0x0000000084500000, 0x0000000084400000| Untracked 
|  69|0x0000000084500000, 0x0000000084600000, 0x0000000084600000|100%| O|  |TAMS 0x0000000084600000, 0x0000000084500000| Untracked 
|  70|0x0000000084600000, 0x0000000084700000, 0x0000000084700000|100%| O|  |TAMS 0x0000000084700000, 0x0000000084600000| Untracked 
|  71|0x0000000084700000, 0x0000000084800000, 0x0000000084800000|100%| O|  |TAMS 0x0000000084800000, 0x0000000084700000| Untracked 
|  72|0x0000000084800000, 0x0000000084900000, 0x0000000084900000|100%| O|  |TAMS 0x0000000084900000, 0x0000000084800000| Untracked 
|  73|0x0000000084900000, 0x0000000084a00000, 0x0000000084a00000|100%| O|  |TAMS 0x0000000084a00000, 0x0000000084900000| Untracked 
|  74|0x0000000084a00000, 0x0000000084b00000, 0x0000000084b00000|100%| O|  |TAMS 0x0000000084b00000, 0x0000000084a00000| Untracked 
|  75|0x0000000084b00000, 0x0000000084c00000, 0x0000000084c00000|100%| O|  |TAMS 0x0000000084c00000, 0x0000000084b00000| Untracked 
|  76|0x0000000084c00000, 0x0000000084d00000, 0x0000000084d00000|100%| O|  |TAMS 0x0000000084d00000, 0x0000000084c00000| Untracked 
|  77|0x0000000084d00000, 0x0000000084e00000, 0x0000000084e00000|100%| O|  |TAMS 0x0000000084e00000, 0x0000000084d00000| Untracked 
|  78|0x0000000084e00000, 0x0000000084f00000, 0x0000000084f00000|100%|HS|  |TAMS 0x0000000084f00000, 0x0000000084e00000| Complete 
|  79|0x0000000084f00000, 0x0000000085000000, 0x0000000085000000|100%|HC|  |TAMS 0x0000000085000000, 0x0000000084f00000| Complete 
|  80|0x0000000085000000, 0x0000000085100000, 0x0000000085100000|100%| O|  |TAMS 0x0000000085100000, 0x0000000085000000| Untracked 
|  81|0x0000000085100000, 0x0000000085200000, 0x0000000085200000|100%| O|  |TAMS 0x0000000085200000, 0x0000000085100000| Untracked 
|  82|0x0000000085200000, 0x0000000085300000, 0x0000000085300000|100%|HS|  |TAMS 0x0000000085300000, 0x0000000085200000| Complete 
|  83|0x0000000085300000, 0x0000000085400000, 0x0000000085400000|100%|HC|  |TAMS 0x0000000085400000, 0x0000000085300000| Complete 
|  84|0x0000000085400000, 0x0000000085500000, 0x0000000085500000|100%|HC|  |TAMS 0x0000000085500000, 0x0000000085400000| Complete 
|  85|0x0000000085500000, 0x0000000085600000, 0x0000000085600000|100%|HC|  |TAMS 0x0000000085600000, 0x0000000085500000| Complete 
|  86|0x0000000085600000, 0x0000000085700000, 0x0000000085700000|100%| O|  |TAMS 0x0000000085700000, 0x0000000085600000| Untracked 
|  87|0x0000000085700000, 0x0000000085800000, 0x0000000085800000|100%| O|  |TAMS 0x0000000085800000, 0x0000000085700000| Untracked 
|  88|0x0000000085800000, 0x0000000085900000, 0x0000000085900000|100%| O|  |TAMS 0x0000000085900000, 0x0000000085800000| Untracked 
|  89|0x0000000085900000, 0x0000000085900000, 0x0000000085a00000|  0%| F|  |TAMS 0x0000000085900000, 0x0000000085900000| Untracked 
|  90|0x0000000085a00000, 0x0000000085b00000, 0x0000000085b00000|100%|HS|  |TAMS 0x0000000085b00000, 0x0000000085a00000| Complete 
|  91|0x0000000085b00000, 0x0000000085c00000, 0x0000000085c00000|100%|HS|  |TAMS 0x0000000085c00000, 0x0000000085b00000| Complete 
|  92|0x0000000085c00000, 0x0000000085d00000, 0x0000000085d00000|100%|HS|  |TAMS 0x0000000085d00000, 0x0000000085c00000| Complete 
|  93|0x0000000085d00000, 0x0000000085e00000, 0x0000000085e00000|100%|HS|  |TAMS 0x0000000085e00000, 0x0000000085d00000| Complete 
|  94|0x0000000085e00000, 0x0000000085f00000, 0x0000000085f00000|100%|HC|  |TAMS 0x0000000085f00000, 0x0000000085e00000| Complete 
|  95|0x0000000085f00000, 0x0000000086000000, 0x0000000086000000|100%|HC|  |TAMS 0x0000000086000000, 0x0000000085f00000| Complete 
|  96|0x0000000086000000, 0x0000000086100000, 0x0000000086100000|100%| O|  |TAMS 0x0000000086000000, 0x0000000086000000| Untracked 
|  97|0x0000000086100000, 0x0000000086200000, 0x0000000086200000|100%| O|  |TAMS 0x0000000086100000, 0x0000000086100000| Untracked 
|  98|0x0000000086200000, 0x0000000086300000, 0x0000000086300000|100%| O|  |TAMS 0x0000000086200000, 0x0000000086200000| Untracked 
|  99|0x0000000086300000, 0x0000000086400000, 0x0000000086400000|100%| O|  |TAMS 0x0000000086300000, 0x0000000086300000| Untracked 
| 100|0x0000000086400000, 0x0000000086500000, 0x0000000086500000|100%| O|  |TAMS 0x0000000086400000, 0x0000000086400000| Untracked 
| 101|0x0000000086500000, 0x0000000086600000, 0x0000000086600000|100%| O|  |TAMS 0x0000000086500000, 0x0000000086500000| Untracked 
| 102|0x0000000086600000, 0x0000000086700000, 0x0000000086700000|100%| O|  |TAMS 0x0000000086600000, 0x0000000086600000| Untracked 
| 103|0x0000000086700000, 0x0000000086800000, 0x0000000086800000|100%|HS|  |TAMS 0x0000000086700000, 0x0000000086700000| Complete 
| 104|0x0000000086800000, 0x0000000086900000, 0x0000000086900000|100%|HC|  |TAMS 0x0000000086800000, 0x0000000086800000| Complete 
| 105|0x0000000086900000, 0x0000000086a00000, 0x0000000086a00000|100%| O|  |TAMS 0x0000000086900000, 0x0000000086900000| Untracked 
| 106|0x0000000086a00000, 0x0000000086b00000, 0x0000000086b00000|100%| O|  |TAMS 0x0000000086a00000, 0x0000000086a00000| Untracked 
| 107|0x0000000086b00000, 0x0000000086c00000, 0x0000000086c00000|100%| O|  |TAMS 0x0000000086b00000, 0x0000000086b00000| Untracked 
| 108|0x0000000086c00000, 0x0000000086d00000, 0x0000000086d00000|100%| O|  |TAMS 0x0000000086c00000, 0x0000000086c00000| Untracked 
| 109|0x0000000086d00000, 0x0000000086e00000, 0x0000000086e00000|100%| O|  |TAMS 0x0000000086d00000, 0x0000000086d00000| Untracked 
| 110|0x0000000086e00000, 0x0000000086f00000, 0x0000000086f00000|100%| O|  |TAMS 0x0000000086e00000, 0x0000000086e00000| Untracked 
| 111|0x0000000086f00000, 0x0000000086f82000, 0x0000000087000000| 50%| O|  |TAMS 0x0000000086f00000, 0x0000000086f00000| Untracked 
| 112|0x0000000087000000, 0x0000000087000000, 0x0000000087100000|  0%| F|  |TAMS 0x0000000087000000, 0x0000000087000000| Untracked 
| 113|0x0000000087100000, 0x0000000087100000, 0x0000000087200000|  0%| F|  |TAMS 0x0000000087100000, 0x0000000087100000| Untracked 
| 114|0x0000000087200000, 0x0000000087200000, 0x0000000087300000|  0%| F|  |TAMS 0x0000000087200000, 0x0000000087200000| Untracked 
| 115|0x0000000087300000, 0x0000000087300000, 0x0000000087400000|  0%| F|  |TAMS 0x0000000087300000, 0x0000000087300000| Untracked 
| 116|0x0000000087400000, 0x0000000087400000, 0x0000000087500000|  0%| F|  |TAMS 0x0000000087400000, 0x0000000087400000| Untracked 
| 117|0x0000000087500000, 0x0000000087500000, 0x0000000087600000|  0%| F|  |TAMS 0x0000000087500000, 0x0000000087500000| Untracked 
| 118|0x0000000087600000, 0x0000000087600000, 0x0000000087700000|  0%| F|  |TAMS 0x0000000087600000, 0x0000000087600000| Untracked 
| 119|0x0000000087700000, 0x0000000087700000, 0x0000000087800000|  0%| F|  |TAMS 0x0000000087700000, 0x0000000087700000| Untracked 
| 120|0x0000000087800000, 0x0000000087800000, 0x0000000087900000|  0%| F|  |TAMS 0x0000000087800000, 0x0000000087800000| Untracked 
| 121|0x0000000087900000, 0x0000000087900000, 0x0000000087a00000|  0%| F|  |TAMS 0x0000000087900000, 0x0000000087900000| Untracked 
| 122|0x0000000087a00000, 0x0000000087a00000, 0x0000000087b00000|  0%| F|  |TAMS 0x0000000087a00000, 0x0000000087a00000| Untracked 
| 123|0x0000000087b00000, 0x0000000087b00000, 0x0000000087c00000|  0%| F|  |TAMS 0x0000000087b00000, 0x0000000087b00000| Untracked 
| 124|0x0000000087c00000, 0x0000000087c00000, 0x0000000087d00000|  0%| F|  |TAMS 0x0000000087c00000, 0x0000000087c00000| Untracked 
| 125|0x0000000087d00000, 0x0000000087d00000, 0x0000000087e00000|  0%| F|  |TAMS 0x0000000087d00000, 0x0000000087d00000| Untracked 
| 126|0x0000000087e00000, 0x0000000087e00000, 0x0000000087f00000|  0%| F|  |TAMS 0x0000000087e00000, 0x0000000087e00000| Untracked 
| 127|0x0000000087f00000, 0x0000000087f00000, 0x0000000088000000|  0%| F|  |TAMS 0x0000000087f00000, 0x0000000087f00000| Untracked 
| 128|0x0000000088000000, 0x0000000088000000, 0x0000000088100000|  0%| F|  |TAMS 0x0000000088000000, 0x0000000088000000| Untracked 
| 129|0x0000000088100000, 0x0000000088100000, 0x0000000088200000|  0%| F|  |TAMS 0x0000000088100000, 0x0000000088100000| Untracked 
| 130|0x0000000088200000, 0x0000000088200000, 0x0000000088300000|  0%| F|  |TAMS 0x0000000088200000, 0x0000000088200000| Untracked 
| 131|0x0000000088300000, 0x0000000088300000, 0x0000000088400000|  0%| F|  |TAMS 0x0000000088300000, 0x0000000088300000| Untracked 
| 132|0x0000000088400000, 0x0000000088400000, 0x0000000088500000|  0%| F|  |TAMS 0x0000000088400000, 0x0000000088400000| Untracked 
| 133|0x0000000088500000, 0x0000000088500000, 0x0000000088600000|  0%| F|  |TAMS 0x0000000088500000, 0x0000000088500000| Untracked 
| 134|0x0000000088600000, 0x0000000088600000, 0x0000000088700000|  0%| F|  |TAMS 0x0000000088600000, 0x0000000088600000| Untracked 
| 135|0x0000000088700000, 0x0000000088700000, 0x0000000088800000|  0%| F|  |TAMS 0x0000000088700000, 0x0000000088700000| Untracked 
| 136|0x0000000088800000, 0x0000000088800000, 0x0000000088900000|  0%| F|  |TAMS 0x0000000088800000, 0x0000000088800000| Untracked 
| 137|0x0000000088900000, 0x0000000088900000, 0x0000000088a00000|  0%| F|  |TAMS 0x0000000088900000, 0x0000000088900000| Untracked 
| 138|0x0000000088a00000, 0x0000000088a00000, 0x0000000088b00000|  0%| F|  |TAMS 0x0000000088a00000, 0x0000000088a00000| Untracked 
| 139|0x0000000088b00000, 0x0000000088b00000, 0x0000000088c00000|  0%| F|  |TAMS 0x0000000088b00000, 0x0000000088b00000| Untracked 
| 140|0x0000000088c00000, 0x0000000088c00000, 0x0000000088d00000|  0%| F|  |TAMS 0x0000000088c00000, 0x0000000088c00000| Untracked 
| 141|0x0000000088d00000, 0x0000000088d00000, 0x0000000088e00000|  0%| F|  |TAMS 0x0000000088d00000, 0x0000000088d00000| Untracked 
| 142|0x0000000088e00000, 0x0000000088e00000, 0x0000000088f00000|  0%| F|  |TAMS 0x0000000088e00000, 0x0000000088e00000| Untracked 
| 143|0x0000000088f00000, 0x0000000088f00000, 0x0000000089000000|  0%| F|  |TAMS 0x0000000088f00000, 0x0000000088f00000| Untracked 
| 144|0x0000000089000000, 0x0000000089000000, 0x0000000089100000|  0%| F|  |TAMS 0x0000000089000000, 0x0000000089000000| Untracked 
| 145|0x0000000089100000, 0x0000000089100000, 0x0000000089200000|  0%| F|  |TAMS 0x0000000089100000, 0x0000000089100000| Untracked 
| 146|0x0000000089200000, 0x0000000089200000, 0x0000000089300000|  0%| F|  |TAMS 0x0000000089200000, 0x0000000089200000| Untracked 
| 147|0x0000000089300000, 0x0000000089300000, 0x0000000089400000|  0%| F|  |TAMS 0x0000000089300000, 0x0000000089300000| Untracked 
| 148|0x0000000089400000, 0x0000000089400000, 0x0000000089500000|  0%| F|  |TAMS 0x0000000089400000, 0x0000000089400000| Untracked 
| 149|0x0000000089500000, 0x0000000089500000, 0x0000000089600000|  0%| F|  |TAMS 0x0000000089500000, 0x0000000089500000| Untracked 
| 150|0x0000000089600000, 0x0000000089600000, 0x0000000089700000|  0%| F|  |TAMS 0x0000000089600000, 0x0000000089600000| Untracked 
| 151|0x0000000089700000, 0x0000000089700000, 0x0000000089800000|  0%| F|  |TAMS 0x0000000089700000, 0x0000000089700000| Untracked 
| 152|0x0000000089800000, 0x0000000089800000, 0x0000000089900000|  0%| F|  |TAMS 0x0000000089800000, 0x0000000089800000| Untracked 
| 153|0x0000000089900000, 0x0000000089900000, 0x0000000089a00000|  0%| F|  |TAMS 0x0000000089900000, 0x0000000089900000| Untracked 
| 154|0x0000000089a00000, 0x0000000089a00000, 0x0000000089b00000|  0%| F|  |TAMS 0x0000000089a00000, 0x0000000089a00000| Untracked 
| 155|0x0000000089b00000, 0x0000000089b00000, 0x0000000089c00000|  0%| F|  |TAMS 0x0000000089b00000, 0x0000000089b00000| Untracked 
| 156|0x0000000089c00000, 0x0000000089c00000, 0x0000000089d00000|  0%| F|  |TAMS 0x0000000089c00000, 0x0000000089c00000| Untracked 
| 157|0x0000000089d00000, 0x0000000089d00000, 0x0000000089e00000|  0%| F|  |TAMS 0x0000000089d00000, 0x0000000089d00000| Untracked 
| 158|0x0000000089e00000, 0x0000000089e00000, 0x0000000089f00000|  0%| F|  |TAMS 0x0000000089e00000, 0x0000000089e00000| Untracked 
| 159|0x0000000089f00000, 0x0000000089f00000, 0x000000008a000000|  0%| F|  |TAMS 0x0000000089f00000, 0x0000000089f00000| Untracked 
| 160|0x000000008a000000, 0x000000008a000000, 0x000000008a100000|  0%| F|  |TAMS 0x000000008a000000, 0x000000008a000000| Untracked 
| 161|0x000000008a100000, 0x000000008a100000, 0x000000008a200000|  0%| F|  |TAMS 0x000000008a100000, 0x000000008a100000| Untracked 
| 162|0x000000008a200000, 0x000000008a200000, 0x000000008a300000|  0%| F|  |TAMS 0x000000008a200000, 0x000000008a200000| Untracked 
| 163|0x000000008a300000, 0x000000008a300000, 0x000000008a400000|  0%| F|  |TAMS 0x000000008a300000, 0x000000008a300000| Untracked 
| 164|0x000000008a400000, 0x000000008a400000, 0x000000008a500000|  0%| F|  |TAMS 0x000000008a400000, 0x000000008a400000| Untracked 
| 165|0x000000008a500000, 0x000000008a500000, 0x000000008a600000|  0%| F|  |TAMS 0x000000008a500000, 0x000000008a500000| Untracked 
| 166|0x000000008a600000, 0x000000008a600000, 0x000000008a700000|  0%| F|  |TAMS 0x000000008a600000, 0x000000008a600000| Untracked 
| 167|0x000000008a700000, 0x000000008a700000, 0x000000008a800000|  0%| F|  |TAMS 0x000000008a700000, 0x000000008a700000| Untracked 
| 168|0x000000008a800000, 0x000000008a800000, 0x000000008a900000|  0%| F|  |TAMS 0x000000008a800000, 0x000000008a800000| Untracked 
| 169|0x000000008a900000, 0x000000008a900000, 0x000000008aa00000|  0%| F|  |TAMS 0x000000008a900000, 0x000000008a900000| Untracked 
| 170|0x000000008aa00000, 0x000000008aa00000, 0x000000008ab00000|  0%| F|  |TAMS 0x000000008aa00000, 0x000000008aa00000| Untracked 
| 171|0x000000008ab00000, 0x000000008ab00000, 0x000000008ac00000|  0%| F|  |TAMS 0x000000008ab00000, 0x000000008ab00000| Untracked 
| 172|0x000000008ac00000, 0x000000008ac00000, 0x000000008ad00000|  0%| F|  |TAMS 0x000000008ac00000, 0x000000008ac00000| Untracked 
| 173|0x000000008ad00000, 0x000000008ad00000, 0x000000008ae00000|  0%| F|  |TAMS 0x000000008ad00000, 0x000000008ad00000| Untracked 
| 174|0x000000008ae00000, 0x000000008ae00000, 0x000000008af00000|  0%| F|  |TAMS 0x000000008ae00000, 0x000000008ae00000| Untracked 
| 175|0x000000008af00000, 0x000000008af00000, 0x000000008b000000|  0%| F|  |TAMS 0x000000008af00000, 0x000000008af00000| Untracked 
| 176|0x000000008b000000, 0x000000008b000000, 0x000000008b100000|  0%| F|  |TAMS 0x000000008b000000, 0x000000008b000000| Untracked 
| 177|0x000000008b100000, 0x000000008b100000, 0x000000008b200000|  0%| F|  |TAMS 0x000000008b100000, 0x000000008b100000| Untracked 
| 178|0x000000008b200000, 0x000000008b200000, 0x000000008b300000|  0%| F|  |TAMS 0x000000008b200000, 0x000000008b200000| Untracked 
| 179|0x000000008b300000, 0x000000008b300000, 0x000000008b400000|  0%| F|  |TAMS 0x000000008b300000, 0x000000008b300000| Untracked 
| 180|0x000000008b400000, 0x000000008b400000, 0x000000008b500000|  0%| F|  |TAMS 0x000000008b400000, 0x000000008b400000| Untracked 
| 181|0x000000008b500000, 0x000000008b500000, 0x000000008b600000|  0%| F|  |TAMS 0x000000008b500000, 0x000000008b500000| Untracked 
| 182|0x000000008b600000, 0x000000008b600000, 0x000000008b700000|  0%| F|  |TAMS 0x000000008b600000, 0x000000008b600000| Untracked 
| 183|0x000000008b700000, 0x000000008b700000, 0x000000008b800000|  0%| F|  |TAMS 0x000000008b700000, 0x000000008b700000| Untracked 
| 184|0x000000008b800000, 0x000000008b858908, 0x000000008b900000| 34%| S|CS|TAMS 0x000000008b800000, 0x000000008b800000| Complete 
| 185|0x000000008b900000, 0x000000008ba00000, 0x000000008ba00000|100%| S|CS|TAMS 0x000000008b900000, 0x000000008b900000| Complete 
| 186|0x000000008ba00000, 0x000000008ba00000, 0x000000008bb00000|  0%| F|  |TAMS 0x000000008ba00000, 0x000000008ba00000| Untracked 
| 187|0x000000008bb00000, 0x000000008bb00000, 0x000000008bc00000|  0%| F|  |TAMS 0x000000008bb00000, 0x000000008bb00000| Untracked 
| 188|0x000000008bc00000, 0x000000008bc00000, 0x000000008bd00000|  0%| F|  |TAMS 0x000000008bc00000, 0x000000008bc00000| Untracked 
| 189|0x000000008bd00000, 0x000000008bd00000, 0x000000008be00000|  0%| F|  |TAMS 0x000000008bd00000, 0x000000008bd00000| Untracked 
| 190|0x000000008be00000, 0x000000008be00000, 0x000000008bf00000|  0%| F|  |TAMS 0x000000008be00000, 0x000000008be00000| Untracked 
| 191|0x000000008bf00000, 0x000000008bf00000, 0x000000008c000000|  0%| F|  |TAMS 0x000000008bf00000, 0x000000008bf00000| Untracked 

Card table byte_map: [0x00000291e4140000,0x00000291e4540000] _byte_map_base: 0x00000291e3d40000

Marking Bits (Prev, Next): (CMBitMap*) 0x00000291cd50d180, (CMBitMap*) 0x00000291cd50d140
 Prev Bits: [0x00000291e6940000, 0x00000291e8940000)
 Next Bits: [0x00000291e4940000, 0x00000291e6940000)

Polling page: 0x00000291cb2d0000

Metaspace:

Usage:
  Non-class:     69.66 MB used.
      Class:     11.27 MB used.
       Both:     80.93 MB used.

Virtual space:
  Non-class space:       72.00 MB reserved,      70.06 MB ( 97%) committed,  9 nodes.
      Class space:      412.00 MB reserved,      11.69 MB (  3%) committed,  1 nodes.
             Both:      484.00 MB reserved,      81.75 MB ( 17%) committed. 

Chunk freelists:
   Non-Class:  1.94 MB
       Class:  381.00 KB
        Both:  2.31 MB

MaxMetaspaceSize: 512.00 MB
CompressedClassSpaceSize: 412.00 MB
Initial GC threshold: 21.00 MB
Current GC threshold: 134.50 MB
CDS: on
MetaspaceReclaimPolicy: balanced
 - commit_granule_bytes: 65536.
 - commit_granule_words: 8192.
 - virtual_space_node_default_size: 1048576.
 - enlarge_chunks_in_place: 1.
 - new_chunks_are_fully_committed: 0.
 - uncommit_free_chunks: 1.
 - use_allocation_guard: 0.
 - handle_deallocations: 1.


Internal statistics:

num_allocs_failed_limit: 6.
num_arena_births: 946.
num_arena_deaths: 0.
num_vsnodes_births: 10.
num_vsnodes_deaths: 0.
num_space_committed: 1308.
num_space_uncommitted: 0.
num_chunks_returned_to_freelist: 6.
num_chunks_taken_from_freelist: 4366.
num_chunk_merges: 6.
num_chunk_splits: 2945.
num_chunks_enlarged: 1985.
num_purges: 0.
num_inconsistent_stats: 0.

CodeHeap 'non-profiled nmethods': size=120000Kb used=5212Kb max_used=5212Kb free=114787Kb
 bounds [0x00000291dc810000, 0x00000291dcd30000, 0x00000291e3d40000]
CodeHeap 'profiled nmethods': size=120000Kb used=19114Kb max_used=19114Kb free=100885Kb
 bounds [0x00000291d4d40000, 0x00000291d5ff0000, 0x00000291dc270000]
CodeHeap 'non-nmethods': size=5760Kb used=2395Kb max_used=2508Kb free=3364Kb
 bounds [0x00000291dc270000, 0x00000291dc4f0000, 0x00000291dc810000]
 total_blobs=10611 nmethods=9685 adapters=838
 compilation: enabled
              stopped_count=0, restarted_count=0
 full_count=0

Compilation events (20 events):
Event: 53.316 Thread 0x00000291eae3e2f0 11226       1       com.android.build.gradle.internal.DependencyConfigurator::access$getProject$p (5 bytes)
Event: 53.317 Thread 0x00000291eae3e2f0 nmethod 11226 0x00000291dcd25e10 code [0x00000291dcd25fa0, 0x00000291dcd26058]
Event: 53.317 Thread 0x00000291eae3e2f0 11218       1       org.gradle.api.internal.artifacts.transform.DefaultTransformationRegistrationFactory$NormalizerCollectingVisitor::access$100 (5 bytes)
Event: 53.317 Thread 0x00000291eae3e2f0 nmethod 11218 0x00000291dcd26110 code [0x00000291dcd262a0, 0x00000291dcd26358]
Event: 53.317 Thread 0x00000291eae3e2f0 11219       1       org.gradle.api.internal.artifacts.transform.DefaultTransformationRegistrationFactory$NormalizerCollectingVisitor::access$200 (5 bytes)
Event: 53.317 Thread 0x00000291eae3e2f0 nmethod 11219 0x00000291dcd26410 code [0x00000291dcd265a0, 0x00000291dcd26658]
Event: 53.317 Thread 0x00000291eae3e2f0 11220       1       org.gradle.api.internal.artifacts.transform.DefaultTransformationRegistrationFactory$NormalizerCollectingVisitor::access$300 (5 bytes)
Event: 53.317 Thread 0x00000291eae3e2f0 nmethod 11220 0x00000291dcd26710 code [0x00000291dcd268a0, 0x00000291dcd26958]
Event: 53.317 Thread 0x00000291eae3e2f0 11221       1       org.gradle.internal.instantiation.generator.AbstractClassGenerator$GeneratedClassImpl::access$1000 (5 bytes)
Event: 53.317 Thread 0x00000291eae3e2f0 nmethod 11221 0x00000291dcd26a10 code [0x00000291dcd26ba0, 0x00000291dcd26c58]
Event: 53.317 Thread 0x00000291eae3e2f0 11222       1       org.gradle.internal.instantiation.generator.AbstractClassGenerator$GeneratedClassImpl::access$900 (5 bytes)
Event: 53.317 Thread 0x00000291eae3e2f0 nmethod 11222 0x00000291dcd26d10 code [0x00000291dcd26ea0, 0x00000291dcd26f58]
Event: 53.320 Thread 0x00000291eae3e2f0 11228       3       java.util.AbstractCollection::containsAll (38 bytes)
Event: 53.320 Thread 0x00000291eae3e2f0 nmethod 11228 0x00000291d5fea310 code [0x00000291d5fea500, 0x00000291d5feaa58]
Event: 53.321 Thread 0x00000291eae3e2f0 11229       3       com.android.build.gradle.internal.DependencyConfigurator$configureGeneralTransforms$12::execute (9 bytes)
Event: 53.321 Thread 0x00000291eae3e2f0 nmethod 11229 0x00000291d5feac10 code [0x00000291d5feadc0, 0x00000291d5feb008]
Event: 53.323 Thread 0x00000291eae3e2f0 11230       1       com.android.build.api.component.impl.TestComponentImpl::getMainVariant (5 bytes)
Event: 53.324 Thread 0x00000291eae3e2f0 nmethod 11230 0x00000291dcd27010 code [0x00000291dcd271a0, 0x00000291dcd27278]
Event: 53.350 Thread 0x00000291eae3e2f0 11232       3       kotlin.collections.CollectionsKt___CollectionsKt::last (75 bytes)
Event: 53.351 Thread 0x00000291eae3e2f0 nmethod 11232 0x00000291d5feb110 code [0x00000291d5feb3c0, 0x00000291d5fec1c8]

GC Heap History (20 events):
Event: 40.486 GC heap before
{Heap before GC invocations=30 (full 0):
 garbage-first heap   total 119808K, used 98124K [0x0000000080000000, 0x0000000100000000)
  region size 1024K, 27 young (27648K), 3 survivors (3072K)
 Metaspace       used 68074K, committed 68800K, reserved 487424K
  class space    used 9329K, committed 9664K, reserved 421888K
}
Event: 40.496 GC heap after
{Heap after GC invocations=31 (full 0):
 garbage-first heap   total 119808K, used 77824K [0x0000000080000000, 0x0000000100000000)
  region size 1024K, 4 young (4096K), 4 survivors (4096K)
 Metaspace       used 68074K, committed 68800K, reserved 487424K
  class space    used 9329K, committed 9664K, reserved 421888K
}
Event: 40.546 GC heap before
{Heap before GC invocations=31 (full 0):
 garbage-first heap   total 119808K, used 78848K [0x0000000080000000, 0x0000000100000000)
  region size 1024K, 5 young (5120K), 4 survivors (4096K)
 Metaspace       used 68105K, committed 68800K, reserved 487424K
  class space    used 9332K, committed 9664K, reserved 421888K
}
Event: 40.552 GC heap after
{Heap after GC invocations=32 (full 0):
 garbage-first heap   total 148480K, used 74115K [0x0000000080000000, 0x0000000100000000)
  region size 1024K, 1 young (1024K), 1 survivors (1024K)
 Metaspace       used 68105K, committed 68800K, reserved 487424K
  class space    used 9332K, committed 9664K, reserved 421888K
}
Event: 41.463 GC heap before
{Heap before GC invocations=32 (full 0):
 garbage-first heap   total 148480K, used 113027K [0x0000000080000000, 0x0000000100000000)
  region size 1024K, 39 young (39936K), 1 survivors (1024K)
 Metaspace       used 71852K, committed 72576K, reserved 487424K
  class space    used 9800K, committed 10176K, reserved 421888K
}
Event: 41.468 GC heap after
{Heap after GC invocations=33 (full 0):
 garbage-first heap   total 148480K, used 76987K [0x0000000080000000, 0x0000000100000000)
  region size 1024K, 4 young (4096K), 4 survivors (4096K)
 Metaspace       used 71852K, committed 72576K, reserved 487424K
  class space    used 9800K, committed 10176K, reserved 421888K
}
Event: 42.145 GC heap before
{Heap before GC invocations=34 (full 0):
 garbage-first heap   total 148480K, used 115899K [0x0000000080000000, 0x0000000100000000)
  region size 1024K, 42 young (43008K), 4 survivors (4096K)
 Metaspace       used 73067K, committed 73792K, reserved 487424K
  class space    used 9997K, committed 10368K, reserved 421888K
}
Event: 42.159 GC heap after
{Heap after GC invocations=35 (full 0):
 garbage-first heap   total 148480K, used 78809K [0x0000000080000000, 0x0000000100000000)
  region size 1024K, 3 young (3072K), 3 survivors (3072K)
 Metaspace       used 73067K, committed 73792K, reserved 487424K
  class space    used 9997K, committed 10368K, reserved 421888K
}
Event: 42.202 GC heap before
{Heap before GC invocations=35 (full 0):
 garbage-first heap   total 148480K, used 82905K [0x0000000080000000, 0x0000000100000000)
  region size 1024K, 7 young (7168K), 3 survivors (3072K)
 Metaspace       used 73074K, committed 73792K, reserved 487424K
  class space    used 9997K, committed 10368K, reserved 421888K
}
Event: 42.206 GC heap after
{Heap after GC invocations=36 (full 0):
 garbage-first heap   total 148480K, used 78938K [0x0000000080000000, 0x0000000100000000)
  region size 1024K, 1 young (1024K), 1 survivors (1024K)
 Metaspace       used 73074K, committed 73792K, reserved 487424K
  class space    used 9997K, committed 10368K, reserved 421888K
}
Event: 49.180 GC heap before
{Heap before GC invocations=36 (full 0):
 garbage-first heap   total 148480K, used 117850K [0x0000000080000000, 0x0000000100000000)
  region size 1024K, 39 young (39936K), 1 survivors (1024K)
 Metaspace       used 76791K, committed 77504K, reserved 495616K
  class space    used 10616K, committed 10944K, reserved 421888K
}
Event: 49.188 GC heap after
{Heap after GC invocations=37 (full 0):
 garbage-first heap   total 148480K, used 81783K [0x0000000080000000, 0x0000000100000000)
  region size 1024K, 4 young (4096K), 4 survivors (4096K)
 Metaspace       used 76791K, committed 77504K, reserved 495616K
  class space    used 10616K, committed 10944K, reserved 421888K
}
Event: 50.173 GC heap before
{Heap before GC invocations=37 (full 0):
 garbage-first heap   total 148480K, used 120695K [0x0000000080000000, 0x0000000100000000)
  region size 1024K, 40 young (40960K), 4 survivors (4096K)
 Metaspace       used 79555K, committed 80320K, reserved 495616K
  class space    used 11086K, committed 11456K, reserved 421888K
}
Event: 50.182 GC heap after
{Heap after GC invocations=38 (full 0):
 garbage-first heap   total 148480K, used 87141K [0x0000000080000000, 0x0000000100000000)
  region size 1024K, 4 young (4096K), 4 survivors (4096K)
 Metaspace       used 79555K, committed 80320K, reserved 495616K
  class space    used 11086K, committed 11456K, reserved 421888K
}
Event: 52.007 GC heap before
{Heap before GC invocations=38 (full 0):
 garbage-first heap   total 148480K, used 124005K [0x0000000080000000, 0x0000000100000000)
  region size 1024K, 37 young (37888K), 4 survivors (4096K)
 Metaspace       used 81085K, committed 81920K, reserved 495616K
  class space    used 11317K, committed 11712K, reserved 421888K
}
Event: 52.018 GC heap after
{Heap after GC invocations=39 (full 0):
 garbage-first heap   total 148480K, used 97180K [0x0000000080000000, 0x0000000100000000)
  region size 1024K, 5 young (5120K), 5 survivors (5120K)
 Metaspace       used 81085K, committed 81920K, reserved 495616K
  class space    used 11317K, committed 11712K, reserved 421888K
}
Event: 52.483 GC heap before
{Heap before GC invocations=39 (full 0):
 garbage-first heap   total 148480K, used 121756K [0x0000000080000000, 0x0000000100000000)
  region size 1024K, 24 young (24576K), 5 survivors (5120K)
 Metaspace       used 81196K, committed 81984K, reserved 495616K
  class space    used 11319K, committed 11712K, reserved 421888K
}
Event: 52.491 GC heap after
{Heap after GC invocations=40 (full 0):
 garbage-first heap   total 148480K, used 108544K [0x0000000080000000, 0x0000000100000000)
  region size 1024K, 4 young (4096K), 4 survivors (4096K)
 Metaspace       used 81196K, committed 81984K, reserved 495616K
  class space    used 11319K, committed 11712K, reserved 421888K
}
Event: 53.076 GC heap before
{Heap before GC invocations=41 (full 0):
 garbage-first heap   total 196608K, used 124928K [0x0000000080000000, 0x0000000100000000)
  region size 1024K, 19 young (19456K), 4 survivors (4096K)
 Metaspace       used 82634K, committed 83456K, reserved 495616K
  class space    used 11506K, committed 11904K, reserved 421888K
}
Event: 53.081 GC heap after
{Heap after GC invocations=42 (full 0):
 garbage-first heap   total 196608K, used 113573K [0x0000000080000000, 0x0000000100000000)
  region size 1024K, 3 young (3072K), 3 survivors (3072K)
 Metaspace       used 82634K, committed 83456K, reserved 495616K
  class space    used 11506K, committed 11904K, reserved 421888K
}

Deoptimization events (20 events):
Event: 52.791 Thread 0x00000291ecf846f0 Uncommon trap: trap_request=0xffffff45 fr.pc=0x00000291dcb98d38 relative=0x0000000000001ab8
Event: 52.791 Thread 0x00000291ecf846f0 Uncommon trap: reason=unstable_if action=reinterpret pc=0x00000291dcb98d38 method=sun.net.www.protocol.jar.Handler.parseURL(Ljava/net/URL;Ljava/lang/String;II)V @ 116 c2
Event: 52.791 Thread 0x00000291ecf846f0 DEOPT PACKING pc=0x00000291dcb98d38 sp=0x000000db1a6f7b40
Event: 52.792 Thread 0x00000291ecf846f0 DEOPT UNPACKING pc=0x00000291dc2c23a3 sp=0x000000db1a6f7ad0 mode 2
Event: 52.825 Thread 0x00000291ecf846f0 DEOPT PACKING pc=0x00000291d5dde6c4 sp=0x000000db1a6f70b0
Event: 52.825 Thread 0x00000291ecf846f0 DEOPT UNPACKING pc=0x00000291dc2c2b43 sp=0x000000db1a6f65d0 mode 0
Event: 53.083 Thread 0x00000291ecf846f0 Uncommon trap: trap_request=0xffffff45 fr.pc=0x00000291dccc76e0 relative=0x0000000000001700
Event: 53.083 Thread 0x00000291ecf846f0 Uncommon trap: reason=unstable_if action=reinterpret pc=0x00000291dccc76e0 method=java.util.concurrent.ConcurrentHashMap.computeIfAbsent(Ljava/lang/Object;Ljava/util/function/Function;)Ljava/lang/Object; @ 244 c2
Event: 53.083 Thread 0x00000291ecf846f0 DEOPT PACKING pc=0x00000291dccc76e0 sp=0x000000db1a6f4f00
Event: 53.083 Thread 0x00000291ecf846f0 DEOPT UNPACKING pc=0x00000291dc2c23a3 sp=0x000000db1a6f4ea0 mode 2
Event: 53.094 Thread 0x00000291ecf846f0 DEOPT PACKING pc=0x00000291d58501f1 sp=0x000000db1a6f3700
Event: 53.094 Thread 0x00000291ecf846f0 DEOPT UNPACKING pc=0x00000291dc2c2b43 sp=0x000000db1a6f2b60 mode 0
Event: 53.149 Thread 0x00000291ecf846f0 Uncommon trap: trap_request=0xffffff45 fr.pc=0x00000291dcbb8548 relative=0x0000000000001588
Event: 53.149 Thread 0x00000291ecf846f0 Uncommon trap: reason=unstable_if action=reinterpret pc=0x00000291dcbb8548 method=java.lang.PublicMethods$MethodList.getMostSpecific()Ljava/lang/reflect/Method; @ 35 c2
Event: 53.149 Thread 0x00000291ecf846f0 DEOPT PACKING pc=0x00000291dcbb8548 sp=0x000000db1a6f46d0
Event: 53.149 Thread 0x00000291ecf846f0 DEOPT UNPACKING pc=0x00000291dc2c23a3 sp=0x000000db1a6f45a0 mode 2
Event: 53.149 Thread 0x00000291ecf846f0 Uncommon trap: trap_request=0xffffff45 fr.pc=0x00000291dcb215ec relative=0x000000000000014c
Event: 53.149 Thread 0x00000291ecf846f0 Uncommon trap: reason=unstable_if action=reinterpret pc=0x00000291dcb215ec method=java.lang.PublicMethods$MethodList.getMostSpecific()Ljava/lang/reflect/Method; @ 35 c2
Event: 53.149 Thread 0x00000291ecf846f0 DEOPT PACKING pc=0x00000291dcb215ec sp=0x000000db1a6f4680
Event: 53.149 Thread 0x00000291ecf846f0 DEOPT UNPACKING pc=0x00000291dc2c23a3 sp=0x000000db1a6f4598 mode 2

Classes unloaded (0 events):
No events

Classes redefined (0 events):
No events

Internal exceptions (20 events):
Event: 53.043 Thread 0x00000291ecf846f0 Exception <a 'java/lang/ClassNotFoundException'{0x000000008b9f1800}: org/jetbrains/kotlin/gradle/targets/js/npm/DefaultPeerNpmDependencyExtensionBeanInfo> (0x000000008b9f1800) 
thrown [s\open\src\hotspot\share\classfile\systemDictionary.cpp, line 256]
Event: 53.045 Thread 0x00000291ecf846f0 Exception <a 'java/lang/ClassNotFoundException'{0x000000008b9fd398}: org/jetbrains/kotlin/gradle/targets/js/npm/DefaultPeerNpmDependencyExtensionCustomizer> (0x000000008b9fd398) 
thrown [s\open\src\hotspot\share\classfile\systemDictionary.cpp, line 256]
Event: 53.050 Thread 0x00000291ecf846f0 Exception <a 'java/lang/ClassNotFoundException'{0x000000008b83ec90}: org/jetbrains/kotlin/gradle/targets/js/npm/DefaultPeerNpmDependencyExtension$delegate$1BeanInfo> (0x000000008b83ec90) 
thrown [s\open\src\hotspot\share\classfile\systemDictionary.cpp, line 256]
Event: 53.050 Thread 0x00000291ecf846f0 Exception <a 'java/lang/ClassNotFoundException'{0x000000008b84b2e8}: org/jetbrains/kotlin/gradle/targets/js/npm/DefaultPeerNpmDependencyExtension$delegate$1Customizer> (0x000000008b84b2e8) 
thrown [s\open\src\hotspot\share\classfile\systemDictionary.cpp, line 256]
Event: 53.071 Thread 0x00000291ecf846f0 Exception <a 'java/lang/ClassNotFoundException'{0x000000008b8cb930}: build_4rf756z1efkt0u5eqd3e5wha2$_run_closure1BeanInfo> (0x000000008b8cb930) 
thrown [s\open\src\hotspot\share\classfile\systemDictionary.cpp, line 256]
Event: 53.071 Thread 0x00000291ecf846f0 Exception <a 'java/lang/ClassNotFoundException'{0x000000008b8d7850}: build_4rf756z1efkt0u5eqd3e5wha2$_run_closure1Customizer> (0x000000008b8d7850) 
thrown [s\open\src\hotspot\share\classfile\systemDictionary.cpp, line 256]
Event: 53.075 Thread 0x00000291ecf846f0 Exception <a 'java/lang/ClassNotFoundException'{0x000000008b8f8e78}: java/lang/BooleanBeanInfo> (0x000000008b8f8e78) 
thrown [s\open\src\hotspot\share\classfile\systemDictionary.cpp, line 256]
Event: 53.082 Thread 0x00000291ecf846f0 Exception <a 'java/lang/ClassNotFoundException'{0x000000008bf03b08}: java/lang/BooleanCustomizer> (0x000000008bf03b08) 
thrown [s\open\src\hotspot\share\classfile\systemDictionary.cpp, line 256]
Event: 53.099 Thread 0x00000291ecf846f0 Exception <a 'java/lang/ClassNotFoundException'{0x000000008bf62650}: com/android/build/gradle/internal/dsl/NdkOptions_DecoratedBeanInfo> (0x000000008bf62650) 
thrown [s\open\src\hotspot\share\classfile\systemDictionary.cpp, line 256]
Event: 53.102 Thread 0x00000291ecf846f0 Exception <a 'java/lang/ClassNotFoundException'{0x000000008bf72400}: com/android/build/gradle/internal/dsl/NdkOptionsBeanInfo> (0x000000008bf72400) 
thrown [s\open\src\hotspot\share\classfile\systemDictionary.cpp, line 256]
Event: 53.104 Thread 0x00000291ecf846f0 Exception <a 'java/lang/ClassNotFoundException'{0x000000008bf82420}: com/android/build/gradle/internal/dsl/NdkOptionsCustomizer> (0x000000008bf82420) 
thrown [s\open\src\hotspot\share\classfile\systemDictionary.cpp, line 256]
Event: 53.106 Thread 0x00000291ecf846f0 Exception <a 'java/lang/ClassNotFoundException'{0x000000008bfa6b48}: com/android/build/gradle/internal/dsl/NdkOptions_DecoratedCustomizer> (0x000000008bfa6b48) 
thrown [s\open\src\hotspot\share\classfile\systemDictionary.cpp, line 256]
Event: 53.155 Thread 0x00000291ecf846f0 Exception <a 'java/lang/ClassNotFoundException'{0x000000008be6efc8}: com/android/build/gradle/internal/dsl/PackagingOptions$AgpDecorated_DecoratedBeanInfo> (0x000000008be6efc8) 
thrown [s\open\src\hotspot\share\classfile\systemDictionary.cpp, line 256]
Event: 53.155 Thread 0x00000291ecf846f0 Exception <a 'java/lang/ClassNotFoundException'{0x000000008be7ddb8}: com/android/build/gradle/internal/dsl/PackagingOptions$AgpDecoratedBeanInfo> (0x000000008be7ddb8) 
thrown [s\open\src\hotspot\share\classfile\systemDictionary.cpp, line 256]
Event: 53.156 Thread 0x00000291ecf846f0 Exception <a 'java/lang/ClassNotFoundException'{0x000000008be8c6d8}: com/android/build/gradle/internal/dsl/PackagingOptionsBeanInfo> (0x000000008be8c6d8) 
thrown [s\open\src\hotspot\share\classfile\systemDictionary.cpp, line 256]
Event: 53.157 Thread 0x00000291ecf846f0 Exception <a 'java/lang/ClassNotFoundException'{0x000000008be9b2d0}: com/android/build/gradle/internal/dsl/PackagingOptionsCustomizer> (0x000000008be9b2d0) 
thrown [s\open\src\hotspot\share\classfile\systemDictionary.cpp, line 256]
Event: 53.158 Thread 0x00000291ecf846f0 Exception <a 'java/lang/ClassNotFoundException'{0x000000008beb36b8}: com/android/build/gradle/internal/dsl/PackagingOptions$AgpDecoratedCustomizer> (0x000000008beb36b8) 
thrown [s\open\src\hotspot\share\classfile\systemDictionary.cpp, line 256]
Event: 53.160 Thread 0x00000291ecf846f0 Exception <a 'java/lang/ClassNotFoundException'{0x000000008bed8cf8}: com/android/build/gradle/internal/dsl/PackagingOptions$AgpDecorated_DecoratedCustomizer> (0x000000008bed8cf8) 
thrown [s\open\src\hotspot\share\classfile\systemDictionary.cpp, line 256]
Event: 53.170 Thread 0x00000291ecf846f0 Exception <a 'java/lang/ClassNotFoundException'{0x000000008bd475a0}: org/jetbrains/kotlin/gradle/plugin/sources/DefaultKotlinSourceSetBeanInfo> (0x000000008bd475a0) 
thrown [s\open\src\hotspot\share\classfile\systemDictionary.cpp, line 256]
Event: 53.172 Thread 0x00000291ecf846f0 Exception <a 'java/lang/ClassNotFoundException'{0x000000008bd5a190}: org/jetbrains/kotlin/gradle/plugin/sources/DefaultKotlinSourceSetCustomizer> (0x000000008bd5a190) 
thrown [s\open\src\hotspot\share\classfile\systemDictionary.cpp, line 256]

VM Operations (20 events):
Event: 49.330 Executing VM operation: HandshakeAllThreads
Event: 49.330 Executing VM operation: HandshakeAllThreads done
Event: 49.887 Executing VM operation: ICBufferFull
Event: 49.887 Executing VM operation: ICBufferFull done
Event: 50.173 Executing VM operation: G1CollectForAllocation
Event: 50.182 Executing VM operation: G1CollectForAllocation done
Event: 51.213 Executing VM operation: Cleanup
Event: 51.285 Executing VM operation: Cleanup done
Event: 51.868 Executing VM operation: ICBufferFull
Event: 51.868 Executing VM operation: ICBufferFull done
Event: 52.007 Executing VM operation: G1CollectForAllocation
Event: 52.019 Executing VM operation: G1CollectForAllocation done
Event: 52.483 Executing VM operation: G1TryInitiateConcMark
Event: 52.491 Executing VM operation: G1TryInitiateConcMark done
Event: 52.702 Executing VM operation: G1Concurrent
Event: 52.710 Executing VM operation: G1Concurrent done
Event: 52.816 Executing VM operation: G1Concurrent
Event: 52.816 Executing VM operation: G1Concurrent done
Event: 53.075 Executing VM operation: G1CollectForAllocation
Event: 53.081 Executing VM operation: G1CollectForAllocation done

Events (20 events):
Event: 50.797 loading class java/nio/file/PathsCustomizer
Event: 50.797 loading class java/nio/file/PathsCustomizer done
Event: 51.851 loading class java/util/Collections$ReverseComparator
Event: 51.851 loading class java/util/Collections$ReverseComparator done
Event: 51.851 loading class java/util/Comparators$NaturalOrderComparator
Event: 51.851 loading class java/util/Comparators$NaturalOrderComparator done
Event: 51.851 loading class java/util/Collections$ReverseComparator2
Event: 51.852 loading class java/util/Collections$ReverseComparator2 done
Event: 52.825 Thread 0x00000291eba2f9e0 Thread exited: 0x00000291eba2f9e0
Event: 53.074 loading class java/lang/BooleanBeanInfo
Event: 53.074 loading class java/lang/BooleanBeanInfo done
Event: 53.075 loading class java/lang/BooleanBeanInfo
Event: 53.075 loading class java/lang/BooleanBeanInfo done
Event: 53.075 loading class java/lang/BooleanCustomizer
Event: 53.075 loading class java/lang/BooleanCustomizer done
Event: 53.082 loading class java/lang/BooleanCustomizer
Event: 53.082 loading class java/lang/BooleanCustomizer done
Event: 53.082 loading class jdk/internal/ValueBased
Event: 53.082 loading class jdk/internal/ValueBased done
Event: 53.111 Thread 0x00000291eba2f9e0 Thread added: 0x00000291eba2f9e0


Dynamic libraries:
0x00007ff66c290000 - 0x00007ff66c2a0000 	C:\Program Files\Java\jdk-17\bin\java.exe
0x00007ffbc1f90000 - 0x00007ffbc2188000 	C:\WINDOWS\SYSTEM32\ntdll.dll
0x00007ffbc0b40000 - 0x00007ffbc0bfd000 	C:\WINDOWS\System32\KERNEL32.DLL
0x00007ffbbf6b0000 - 0x00007ffbbf97e000 	C:\WINDOWS\System32\KERNELBASE.dll
0x00007ffbbf980000 - 0x00007ffbbfa80000 	C:\WINDOWS\System32\ucrtbase.dll
0x00007ffbae480000 - 0x00007ffbae499000 	C:\Program Files\Java\jdk-17\bin\jli.dll
0x00007ffbae460000 - 0x00007ffbae47b000 	C:\Program Files\Java\jdk-17\bin\VCRUNTIME140.dll
0x00007ffbc08a0000 - 0x00007ffbc094e000 	C:\WINDOWS\System32\ADVAPI32.dll
0x00007ffbc0970000 - 0x00007ffbc0a0e000 	C:\WINDOWS\System32\msvcrt.dll
0x00007ffbc0000000 - 0x00007ffbc009c000 	C:\WINDOWS\System32\sechost.dll
0x00007ffbc1070000 - 0x00007ffbc1195000 	C:\WINDOWS\System32\RPCRT4.dll
0x00007ffbc1a40000 - 0x00007ffbc1be0000 	C:\WINDOWS\System32\USER32.dll
0x00007ffbbfce0000 - 0x00007ffbbfd02000 	C:\WINDOWS\System32\win32u.dll
0x00007ffbc0c10000 - 0x00007ffbc0c3a000 	C:\WINDOWS\System32\GDI32.dll
0x00007ffbbfdb0000 - 0x00007ffbbfebb000 	C:\WINDOWS\System32\gdi32full.dll
0x00007ffbbfd10000 - 0x00007ffbbfdad000 	C:\WINDOWS\System32\msvcp_win.dll
0x00007ffbab440000 - 0x00007ffbab6da000 	C:\WINDOWS\WinSxS\amd64_microsoft.windows.common-controls_6595b64144ccf1df_6.0.19041.1110_none_60b5254171f9507e\COMCTL32.dll
0x00007ffbb4bf0000 - 0x00007ffbb4bfa000 	C:\WINDOWS\SYSTEM32\VERSION.dll
0x00007ffbc0510000 - 0x00007ffbc0540000 	C:\WINDOWS\System32\IMM32.DLL
0x00007ffbbb560000 - 0x00007ffbbb56c000 	C:\Program Files\Java\jdk-17\bin\vcruntime140_1.dll
0x00007ffb8e910000 - 0x00007ffb8e99e000 	C:\Program Files\Java\jdk-17\bin\msvcp140.dll
0x00007ffb8af00000 - 0x00007ffb8badd000 	C:\Program Files\Java\jdk-17\bin\server\jvm.dll
0x00007ffbc0630000 - 0x00007ffbc0638000 	C:\WINDOWS\System32\PSAPI.DLL
0x00007ffbb8320000 - 0x00007ffbb8329000 	C:\WINDOWS\SYSTEM32\WSOCK32.dll
0x00007ffbc0c40000 - 0x00007ffbc0cab000 	C:\WINDOWS\System32\WS2_32.dll
0x00007ffba9d80000 - 0x00007ffba9da7000 	C:\WINDOWS\SYSTEM32\WINMM.dll
0x00007ffbbd570000 - 0x00007ffbbd582000 	C:\WINDOWS\SYSTEM32\kernel.appcore.dll
0x00007ffbb6d10000 - 0x00007ffbb6d1a000 	C:\Program Files\Java\jdk-17\bin\jimage.dll
0x00007ffbb80c0000 - 0x00007ffbb82a4000 	C:\WINDOWS\SYSTEM32\DBGHELP.DLL
0x00007ffba5700000 - 0x00007ffba572c000 	C:\WINDOWS\SYSTEM32\dbgcore.DLL
0x00007ffbbfbe0000 - 0x00007ffbbfc62000 	C:\WINDOWS\System32\bcryptPrimitives.dll
0x00007ffb9d130000 - 0x00007ffb9d155000 	C:\Program Files\Java\jdk-17\bin\java.dll
0x00007ffb8e180000 - 0x00007ffb8e257000 	C:\Program Files\Java\jdk-17\bin\jsvml.dll
0x00007ffbc11a0000 - 0x00007ffbc18e4000 	C:\WINDOWS\System32\SHELL32.dll
0x00007ffbbd770000 - 0x00007ffbbdf04000 	C:\WINDOWS\SYSTEM32\windows.storage.dll
0x00007ffbc0cb0000 - 0x00007ffbc1004000 	C:\WINDOWS\System32\combase.dll
0x00007ffbbef60000 - 0x00007ffbbef90000 	C:\WINDOWS\SYSTEM32\Wldp.dll
0x00007ffbc1ea0000 - 0x00007ffbc1f4d000 	C:\WINDOWS\System32\SHCORE.dll
0x00007ffbc0540000 - 0x00007ffbc0595000 	C:\WINDOWS\System32\shlwapi.dll
0x00007ffbbf5f0000 - 0x00007ffbbf60f000 	C:\WINDOWS\SYSTEM32\profapi.dll
0x00007ffbae440000 - 0x00007ffbae459000 	C:\Program Files\Java\jdk-17\bin\net.dll
0x00007ffbbabb0000 - 0x00007ffbbacba000 	C:\WINDOWS\SYSTEM32\WINHTTP.dll
0x00007ffbbed40000 - 0x00007ffbbedaa000 	C:\WINDOWS\system32\mswsock.dll
0x00007ffb9d110000 - 0x00007ffb9d126000 	C:\Program Files\Java\jdk-17\bin\nio.dll
0x00007ffb9ccf0000 - 0x00007ffb9cd08000 	C:\Program Files\Java\jdk-17\bin\zip.dll
0x00007ffbb4c00000 - 0x00007ffbb4c10000 	C:\Program Files\Java\jdk-17\bin\verify.dll
0x00007ffb92790000 - 0x00007ffb927b7000 	C:\Users\dell\.gradle\native\68d5fa5c4cc2d200863cafc0d521ce42e7d3e7ee720ec0a83991735586a16f82\windows-amd64\native-platform.dll
0x00007ffb8d010000 - 0x00007ffb8d154000 	C:\Users\dell\.gradle\native\e376f236ea51e6404a007f0833ffe2c6e607c4080706a723a18a27aeea778392\windows-amd64\native-platform-file-events.dll
0x00007ffbab360000 - 0x00007ffbab36a000 	C:\Program Files\Java\jdk-17\bin\management.dll
0x00007ffba26b0000 - 0x00007ffba26bb000 	C:\Program Files\Java\jdk-17\bin\management_ext.dll
0x00007ffbbefa0000 - 0x00007ffbbefb8000 	C:\WINDOWS\SYSTEM32\CRYPTSP.dll
0x00007ffbbe6e0000 - 0x00007ffbbe714000 	C:\WINDOWS\system32\rsaenh.dll
0x00007ffbbfec0000 - 0x00007ffbbfee7000 	C:\WINDOWS\System32\bcrypt.dll
0x00007ffbbf5b0000 - 0x00007ffbbf5de000 	C:\WINDOWS\SYSTEM32\USERENV.dll
0x00007ffbbeed0000 - 0x00007ffbbeedc000 	C:\WINDOWS\SYSTEM32\CRYPTBASE.dll
0x00007ffbbea50000 - 0x00007ffbbea8b000 	C:\WINDOWS\SYSTEM32\IPHLPAPI.DLL
0x00007ffbc0c00000 - 0x00007ffbc0c08000 	C:\WINDOWS\System32\NSI.dll
0x00007ffbaf0d0000 - 0x00007ffbaf0e7000 	C:\WINDOWS\SYSTEM32\dhcpcsvc6.DLL
0x00007ffbb4d50000 - 0x00007ffbb4d6d000 	C:\WINDOWS\SYSTEM32\dhcpcsvc.DLL
0x00007ffbbea90000 - 0x00007ffbbeb5a000 	C:\WINDOWS\SYSTEM32\DNSAPI.dll
0x00007ffbb4920000 - 0x00007ffbb492d000 	C:\Program Files\Java\jdk-17\bin\sunmscapi.dll
0x00007ffbbfa80000 - 0x00007ffbbfbd6000 	C:\WINDOWS\System32\CRYPT32.dll
0x00007ffbbf0b0000 - 0x00007ffbbf0d7000 	C:\WINDOWS\SYSTEM32\ncrypt.dll
0x00007ffbbf070000 - 0x00007ffbbf0ab000 	C:\WINDOWS\SYSTEM32\NTASN1.dll
0x00007ffb9cce0000 - 0x00007ffb9cce7000 	C:\WINDOWS\system32\wshunix.dll

dbghelp: loaded successfully - version: 4.0.5 - missing functions: none
symbol engine: initialized successfully - sym options: 0x614 - pdb path: .;C:\Program Files\Java\jdk-17\bin;C:\WINDOWS\SYSTEM32;C:\WINDOWS\WinSxS\amd64_microsoft.windows.common-controls_6595b64144ccf1df_6.0.19041.1110_none_60b5254171f9507e;C:\Program Files\Java\jdk-17\bin\server;C:\Users\dell\.gradle\native\68d5fa5c4cc2d200863cafc0d521ce42e7d3e7ee720ec0a83991735586a16f82\windows-amd64;C:\Users\dell\.gradle\native\e376f236ea51e6404a007f0833ffe2c6e607c4080706a723a18a27aeea778392\windows-amd64

VM Arguments:
jvm_args: -XX:MaxMetaspaceSize=512m --add-opens=java.base/java.util=ALL-UNNAMED --add-opens=java.base/java.lang=ALL-UNNAMED --add-opens=java.base/java.lang.invoke=ALL-UNNAMED --add-opens=java.prefs/java.util.prefs=ALL-UNNAMED --add-opens=java.base/java.nio.charset=ALL-UNNAMED --add-opens=java.base/java.net=ALL-UNNAMED --add-opens=java.base/java.util.concurrent.atomic=ALL-UNNAMED -Xmx2048m -Dfile.encoding=windows-1252 -Duser.country=IN -Duser.language=en -Duser.variant 
java_command: org.gradle.launcher.daemon.bootstrap.GradleDaemon 8.0.1
java_class_path (initial): C:\Users\dell\.gradle\wrapper\dists\gradle-8.0.1-all\aro4hu1c3oeioove7l0i4i14o\gradle-8.0.1\lib\gradle-launcher-8.0.1.jar
Launcher Type: SUN_STANDARD

[Global flags]
     intx CICompilerCount                          = 3                                         {product} {ergonomic}
   size_t CompressedClassSpaceSize                 = 432013312                                 {product} {ergonomic}
     uint ConcGCThreads                            = 1                                         {product} {ergonomic}
     uint G1ConcRefinementThreads                  = 4                                         {product} {ergonomic}
   size_t G1HeapRegionSize                         = 1048576                                   {product} {ergonomic}
    uintx GCDrainStackTargetSize                   = 64                                        {product} {ergonomic}
   size_t InitialHeapSize                          = 134217728                                 {product} {ergonomic}
   size_t MarkStackSize                            = 4194304                                   {product} {ergonomic}
   size_t MaxHeapSize                              = 2147483648                                {product} {command line}
   size_t MaxMetaspaceSize                         = 536870912                                 {product} {command line}
   size_t MaxNewSize                               = 1287651328                                {product} {ergonomic}
   size_t MinHeapDeltaBytes                        = 1048576                                   {product} {ergonomic}
   size_t MinHeapSize                              = 8388608                                   {product} {ergonomic}
    uintx NonNMethodCodeHeapSize                   = 5832780                                {pd product} {ergonomic}
    uintx NonProfiledCodeHeapSize                  = 122912730                              {pd product} {ergonomic}
    uintx ProfiledCodeHeapSize                     = 122912730                              {pd product} {ergonomic}
    uintx ReservedCodeCacheSize                    = 251658240                              {pd product} {ergonomic}
     bool SegmentedCodeCache                       = true                                      {product} {ergonomic}
   size_t SoftMaxHeapSize                          = 2147483648                             {manageable} {ergonomic}
     bool UseCompressedClassPointers               = true                           {product lp64_product} {ergonomic}
     bool UseCompressedOops                        = true                           {product lp64_product} {ergonomic}
     bool UseG1GC                                  = true                                      {product} {ergonomic}
     bool UseLargePagesIndividualAllocation        = false                                  {pd product} {ergonomic}

Logging:
Log output configuration:
 #0: stdout all=warning uptime,level,tags
 #1: stderr all=off uptime,level,tags

Environment Variables:
JAVA_HOME=C:\Program Files\Java\jdk-17
CLASSPATH=F:\react nativ\pictogame\android\\gradle\wrapper\gradle-wrapper.jar
PATH=F:\react nativ\pictogame\node_modules\.bin;F:\react nativ\pictogame\node_modules\.bin;F:\react nativ\node_modules\.bin;F:\node_modules\.bin;C:\Program Files\nodejs\node_modules\npm\node_modules\@npmcli\run-script\lib\node-gyp-bin;C:\oraclexe\app\oracle\product\10.2.0\server\bin;C:\Program Files (x86)\Common Files\Intel\Shared Libraries\redist\intel64\compiler;C:\WINDOWS\system32;C:\WINDOWS;C:\WINDOWS\System32\Wbem;C:\WINDOWS\System32\WindowsPowerShell\v1.0\;C:\WINDOWS\System32\OpenSSH\;C:\Program Files\nodejs\;C:\Users\dell\AppData\Local\Microsoft\WindowsApps;C:\Users\dell\AppData\Local\Programs\Microsoft VS Code\bin;C:\Users\dell\AppData\Roaming\npm;C:\Program Files\Java\jdk-17;C:\Users\dell\AppData\Local\Android\Sdk\platform-tools;
USERNAME=dell
LANG=en_US.UTF-8
OS=Windows_NT
PROCESSOR_IDENTIFIER=Intel64 Family 6 Model 78 Stepping 3, GenuineIntel



---------------  S Y S T E M  ---------------

OS:
 Windows 10 , 64 bit Build 19041 (10.0.19041.1889)
OS uptime: 0 days 3:48 hours
Hyper-V role detected

CPU: total 4 (initial active 4) (2 cores per cpu, 2 threads per core) family 6 model 78 stepping 3 microcode 0xcc, cx8, cmov, fxsr, ht, mmx, 3dnowpref, sse, sse2, sse3, ssse3, sse4.1, sse4.2, popcnt, lzcnt, tsc, tscinvbit, avx, avx2, aes, erms, clmul, bmi1, bmi2, rtm, adx, fma, vzeroupper, clflush, clflushopt, hv

Memory: 4k page, system-wide physical 8084M (528M free)
TotalPageFile size 10132M (AvailPageFile size 88M)
current process WorkingSet (physical memory assigned to process): 406M, peak: 406M
current process commit charge ("private bytes"): 478M, peak: 598M

vm_info: Java HotSpot(TM) 64-Bit Server VM (17.0.7+8-LTS-224) for windows-amd64 JRE (17.0.7+8-LTS-224), built on Feb 28 2023 23:03:02 by "mach5one" with MS VC++ 17.1 (VS2022)

END.
