#
# There is insufficient memory for the Java Runtime Environment to continue.
# Native memory allocation (mmap) failed to map 189792256 bytes for G1 virtual space
# Possible reasons:
#   The system is out of physical RAM or swap space
#   The process is running with CompressedOops enabled, and the Java Heap may be blocking the growth of the native heap
# Possible solutions:
#   Reduce memory load on the system
#   Increase physical memory or swap space
#   Check if swap backing store is full
#   Decrease Java heap size (-Xmx/-Xms)
#   Decrease number of Java threads
#   Decrease Java thread stack sizes (-Xss)
#   Set larger code cache with -XX:ReservedCodeCacheSize=
#   JVM is running with Unscaled Compressed Oops mode in which the Java heap is
#     placed in the first 4GB address space. The Java Heap base address is the
#     maximum limit for the native heap growth. Please use -XX:HeapBaseMinAddress
#     to set the Java Heap base and to place the Java Heap above 4GB virtual address.
# This output file may be truncated or incomplete.
#
#  Out of Memory Error (os_windows.cpp:3550), pid=10320, tid=10856
#
# JRE version: Java(TM) SE Runtime Environment (17.0.7+8) (build 17.0.7+8-LTS-224)
# Java VM: Java HotSpot(TM) 64-Bit Server VM (17.0.7+8-LTS-224, mixed mode, sharing, tiered, compressed oops, compressed class ptrs, g1 gc, windows-amd64)
# No core dump will be written. Minidumps are not enabled by default on client versions of Windows
#

---------------  S U M M A R Y ------------

Command Line: -XX:MaxMetaspaceSize=512m --add-opens=java.base/java.util=ALL-UNNAMED --add-opens=java.base/java.lang=ALL-UNNAMED --add-opens=java.base/java.lang.invoke=ALL-UNNAMED --add-opens=java.prefs/java.util.prefs=ALL-UNNAMED --add-opens=java.base/java.nio.charset=ALL-UNNAMED --add-opens=java.base/java.net=ALL-UNNAMED --add-opens=java.base/java.util.concurrent.atomic=ALL-UNNAMED -Xmx2048m -Dfile.encoding=windows-1252 -Duser.country=IN -Duser.language=en -Duser.variant org.gradle.launcher.daemon.bootstrap.GradleDaemon 8.0.1

Host: Intel(R) Core(TM) i7-6600U CPU @ 2.60GHz, 4 cores, 7G,  Windows 10 , 64 bit Build 19041 (10.0.19041.1889)
Time: Tue Oct  3 12:23:43 2023 India Standard Time elapsed time: 71.639008 seconds (0d 0h 1m 11s)

---------------  T H R E A D  ---------------

Current thread (0x000001f5ec03a680):  VMThread "VM Thread" [stack: 0x0000007eef200000,0x0000007eef300000] [id=10856]

Stack: [0x0000007eef200000,0x0000007eef300000]
Native frames: (J=compiled Java code, j=interpreted, Vv=VM code, C=native code)
V  [jvm.dll+0x676a4a]
V  [jvm.dll+0x7d74f4]
V  [jvm.dll+0x7d8c9e]
V  [jvm.dll+0x7d9303]
V  [jvm.dll+0x2452c5]
V  [jvm.dll+0x6738f9]
V  [jvm.dll+0x668232]
V  [jvm.dll+0x302826]
V  [jvm.dll+0x309da6]
V  [jvm.dll+0x35952e]
V  [jvm.dll+0x35975f]
V  [jvm.dll+0x2d9a38]
V  [jvm.dll+0x2d7e45]
V  [jvm.dll+0x2d744c]
V  [jvm.dll+0x31ab1b]
V  [jvm.dll+0x7ddb0b]
V  [jvm.dll+0x7de844]
V  [jvm.dll+0x7ded5d]
V  [jvm.dll+0x7df134]
V  [jvm.dll+0x7df200]
V  [jvm.dll+0x78759a]
V  [jvm.dll+0x675875]
C  [ucrtbase.dll+0x21bb2]
C  [KERNEL32.DLL+0x17034]
C  [ntdll.dll+0x52651]

VM_Operation (0x0000007eefafe100): G1CollectForAllocation, mode: safepoint, requested by thread 0x000001f5ec05fc80


---------------  P R O C E S S  ---------------

Threads class SMR info:
_java_thread_list=0x000001f5f4e21e70, length=88, elements={
0x000001f5ce731780, 0x000001f5ec043140, 0x000001f5ec043ec0, 0x000001f5ec0599d0,
0x000001f5ec05a490, 0x000001f5ec05cd60, 0x000001f5ec05e630, 0x000001f5ec05f2d0,
0x000001f5ec05fc80, 0x000001f5ec0cd770, 0x000001f5eccad6b0, 0x000001f5eccafb90,
0x000001f5ee2038f0, 0x000001f5ecfe5e30, 0x000001f5ee7336e0, 0x000001f5ee935b00,
0x000001f5ee820780, 0x000001f5ecd55830, 0x000001f5ed1003f0, 0x000001f5edc4ba00,
0x000001f5edc4ea20, 0x000001f5edc4b060, 0x000001f5edc4bed0, 0x000001f5edc4d6e0,
0x000001f5edc4c3a0, 0x000001f5edc4cd40, 0x000001f5edc4b530, 0x000001f5edc4dbb0,
0x000001f5edc4c870, 0x000001f5edc4d210, 0x000001f5edc4e080, 0x000001f5eddcc2a0,
0x000001f5eddc8410, 0x000001f5eddca5c0, 0x000001f5eddc4f20, 0x000001f5eddc6260,
0x000001f5eddc7a70, 0x000001f5eddc53f0, 0x000001f5eddcb900, 0x000001f5eddc70d0,
0x000001f5eddc75a0, 0x000001f5eddc58c0, 0x000001f5eddc7f40, 0x000001f5eddc5d90,
0x000001f5eddc6730, 0x000001f5eddc88e0, 0x000001f5eddc8db0, 0x000001f5eddc9280,
0x000001f5eddc9c20, 0x000001f5eddca0f0, 0x000001f5eddcaa90, 0x000001f5eddcb430,
0x000001f5ed7a8640, 0x000001f5ed7a94b0, 0x000001f5ed7ace70, 0x000001f5ed7a8b10,
0x000001f5ed7ad340, 0x000001f5ed7a8170, 0x000001f5ed7a8fe0, 0x000001f5ed7a9980,
0x000001f5ed7a9e50, 0x000001f5ed7a7ca0, 0x000001f5ed7aa320, 0x000001f5ed7aa7f0,
0x000001f5ed7ab190, 0x000001f5ed7ab660, 0x000001f5ed7abb30, 0x000001f5ed7ad810,
0x000001f5ed7adce0, 0x000001f5ed7af4f0, 0x000001f5ed7ae1b0, 0x000001f5ed7ae680,
0x000001f5ed7aeb50, 0x000001f5ed7af020, 0x000001f5f1b1ad90, 0x000001f5f1b19a50,
0x000001f5f1b1cf40, 0x000001f5f1b18240, 0x000001f5f1b16090, 0x000001f5f1b1a3f0,
0x000001f5f1b16a30, 0x000001f5f1b18710, 0x000001f5f1b190b0, 0x000001f5f1b156f0,
0x000001f5f1b17d70, 0x000001f5f1b16560, 0x000001f5f1b173d0, 0x000001f5ef6a4a90
}

Java Threads: ( => current thread )
  0x000001f5ce731780 JavaThread "main" [_thread_blocked, id=1928, stack(0x0000007eeeb00000,0x0000007eeec00000)]
  0x000001f5ec043140 JavaThread "Reference Handler" daemon [_thread_blocked, id=6200, stack(0x0000007eef300000,0x0000007eef400000)]
  0x000001f5ec043ec0 JavaThread "Finalizer" daemon [_thread_blocked, id=8628, stack(0x0000007eef400000,0x0000007eef500000)]
  0x000001f5ec0599d0 JavaThread "Signal Dispatcher" daemon [_thread_blocked, id=5980, stack(0x0000007eef500000,0x0000007eef600000)]
  0x000001f5ec05a490 JavaThread "Attach Listener" daemon [_thread_blocked, id=10964, stack(0x0000007eef600000,0x0000007eef700000)]
  0x000001f5ec05cd60 JavaThread "Service Thread" daemon [_thread_blocked, id=2224, stack(0x0000007eef700000,0x0000007eef800000)]
  0x000001f5ec05e630 JavaThread "Monitor Deflation Thread" daemon [_thread_blocked, id=13132, stack(0x0000007eef800000,0x0000007eef900000)]
  0x000001f5ec05f2d0 JavaThread "C2 CompilerThread0" daemon [_thread_blocked, id=15632, stack(0x0000007eef900000,0x0000007eefa00000)]
  0x000001f5ec05fc80 JavaThread "C1 CompilerThread0" daemon [_thread_blocked, id=6572, stack(0x0000007eefa00000,0x0000007eefb00000)]
  0x000001f5ec0cd770 JavaThread "Sweeper thread" daemon [_thread_blocked, id=3856, stack(0x0000007eefb00000,0x0000007eefc00000)]
  0x000001f5eccad6b0 JavaThread "Common-Cleaner" daemon [_thread_blocked, id=17236, stack(0x0000007eefc00000,0x0000007eefd00000)]
  0x000001f5eccafb90 JavaThread "Notification Thread" daemon [_thread_blocked, id=15252, stack(0x0000007eefd00000,0x0000007eefe00000)]
  0x000001f5ee2038f0 JavaThread "Daemon health stats" [_thread_blocked, id=5444, stack(0x0000007ef0200000,0x0000007ef0300000)]
  0x000001f5ecfe5e30 JavaThread "Incoming local TCP Connector on port 49684" [_thread_in_native, id=14948, stack(0x0000007ef0300000,0x0000007ef0400000)]
  0x000001f5ee7336e0 JavaThread "Daemon periodic checks" [_thread_blocked, id=13516, stack(0x0000007ef0400000,0x0000007ef0500000)]
  0x000001f5ee935b00 JavaThread "Daemon" [_thread_blocked, id=1212, stack(0x0000007ef0500000,0x0000007ef0600000)]
  0x000001f5ee820780 JavaThread "Handler for socket connection from /127.0.0.1:49684 to /127.0.0.1:49685" [_thread_in_native, id=9832, stack(0x0000007ef0600000,0x0000007ef0700000)]
  0x000001f5ecd55830 JavaThread "Cancel handler" [_thread_blocked, id=7804, stack(0x0000007ef0700000,0x0000007ef0800000)]
  0x000001f5ed1003f0 JavaThread "Daemon worker" [_thread_blocked, id=14056, stack(0x0000007ef0800000,0x0000007ef0900000)]
  0x000001f5edc4ba00 JavaThread "Asynchronous log dispatcher for DefaultDaemonConnection: socket connection from /127.0.0.1:49684 to /127.0.0.1:49685" [_thread_blocked, id=6784, stack(0x0000007ef0900000,0x0000007ef0a00000)]
  0x000001f5edc4ea20 JavaThread "Daemon client event forwarder" [_thread_blocked, id=13056, stack(0x0000007ef0b00000,0x0000007ef0c00000)]
  0x000001f5edc4b060 JavaThread "Cache worker for journal cache (C:\Users\dell\.gradle\caches\journal-1)" [_thread_blocked, id=3276, stack(0x0000007ef0c00000,0x0000007ef0d00000)]
  0x000001f5edc4bed0 JavaThread "File lock request listener" [_thread_in_native, id=6424, stack(0x0000007ef0d00000,0x0000007ef0e00000)]
  0x000001f5edc4d6e0 JavaThread "Cache worker for file hash cache (C:\Users\dell\.gradle\caches\8.0.1\fileHashes)" [_thread_blocked, id=12828, stack(0x0000007ef0e00000,0x0000007ef0f00000)]
  0x000001f5edc4c3a0 JavaThread "File watcher server" daemon [_thread_in_native, id=9432, stack(0x0000007ef0f00000,0x0000007ef1000000)]
  0x000001f5edc4cd40 JavaThread "File watcher consumer" daemon [_thread_blocked, id=14116, stack(0x0000007ef1000000,0x0000007ef1100000)]
  0x000001f5edc4b530 JavaThread "Cache worker for checksums cache (F:\react nativ\pictogame\android\.gradle\8.0.1\checksums)" [_thread_blocked, id=3684, stack(0x0000007ef1100000,0x0000007ef1200000)]
  0x000001f5edc4dbb0 JavaThread "Cache worker for cache directory md-rule (C:\Users\dell\.gradle\caches\8.0.1\md-rule)" [_thread_blocked, id=11356, stack(0x0000007ef1200000,0x0000007ef1300000)]
  0x000001f5edc4c870 JavaThread "Cache worker for file content cache (C:\Users\dell\.gradle\caches\8.0.1\fileContent)" [_thread_blocked, id=1848, stack(0x0000007ef1300000,0x0000007ef1400000)]
  0x000001f5edc4d210 JavaThread "Cache worker for file hash cache (F:\react nativ\pictogame\android\.gradle\8.0.1\fileHashes)" [_thread_blocked, id=6036, stack(0x0000007ef1400000,0x0000007ef1500000)]
  0x000001f5edc4e080 JavaThread "Cache worker for cache directory md-supplier (C:\Users\dell\.gradle\caches\8.0.1\md-supplier)" [_thread_blocked, id=1596, stack(0x0000007ef1500000,0x0000007ef1600000)]
  0x000001f5eddcc2a0 JavaThread "Cache worker for execution history cache (C:\Users\dell\.gradle\caches\8.0.1\executionHistory)" [_thread_blocked, id=16904, stack(0x0000007ef1700000,0x0000007ef1800000)]
  0x000001f5eddc8410 JavaThread "jar transforms" [_thread_blocked, id=9856, stack(0x0000007ef1800000,0x0000007ef1900000)]
  0x000001f5eddca5c0 JavaThread "jar transforms Thread 2" [_thread_blocked, id=12252, stack(0x0000007ef1900000,0x0000007ef1a00000)]
  0x000001f5eddc4f20 JavaThread "jar transforms Thread 3" [_thread_blocked, id=13768, stack(0x0000007ef1a00000,0x0000007ef1b00000)]
  0x000001f5eddc6260 JavaThread "jar transforms Thread 4" [_thread_blocked, id=7664, stack(0x0000007ef1b00000,0x0000007ef1c00000)]
  0x000001f5eddc7a70 JavaThread "Cache worker for kotlin-dsl (C:\Users\dell\.gradle\caches\8.0.1\kotlin-dsl)" [_thread_blocked, id=4348, stack(0x0000007ef1d00000,0x0000007ef1e00000)]
  0x000001f5eddc53f0 JavaThread "Cache worker for dependencies-accessors (F:\react nativ\pictogame\android\.gradle\8.0.1\dependencies-accessors)" [_thread_blocked, id=11052, stack(0x0000007ef1c00000,0x0000007ef1d00000)]
  0x000001f5eddcb900 JavaThread "Cache worker for Build Output Cleanup Cache (F:\react nativ\pictogame\node_modules\@react-native\gradle-plugin\.gradle\buildOutputCleanup)" [_thread_blocked, id=16608, stack(0x0000007ef1f00000,0x0000007ef2000000)]
  0x000001f5eddc70d0 JavaThread "Unconstrained build operations" [_thread_blocked, id=3676, stack(0x0000007ef1e00000,0x0000007ef1f00000)]
  0x000001f5eddc75a0 JavaThread "Unconstrained build operations Thread 2" [_thread_blocked, id=4224, stack(0x0000007ef2000000,0x0000007ef2100000)]
  0x000001f5eddc58c0 JavaThread "Unconstrained build operations Thread 3" [_thread_blocked, id=6076, stack(0x0000007ef2100000,0x0000007ef2200000)]
  0x000001f5eddc7f40 JavaThread "Unconstrained build operations Thread 4" [_thread_blocked, id=9000, stack(0x0000007ef2200000,0x0000007ef2300000)]
  0x000001f5eddc5d90 JavaThread "Unconstrained build operations Thread 5" [_thread_blocked, id=12672, stack(0x0000007ef2300000,0x0000007ef2400000)]
  0x000001f5eddc6730 JavaThread "Unconstrained build operations Thread 6" [_thread_blocked, id=1412, stack(0x0000007ef2400000,0x0000007ef2500000)]
  0x000001f5eddc88e0 JavaThread "Unconstrained build operations Thread 7" [_thread_blocked, id=8964, stack(0x0000007ef2500000,0x0000007ef2600000)]
  0x000001f5eddc8db0 JavaThread "Unconstrained build operations Thread 8" [_thread_blocked, id=16600, stack(0x0000007ef2600000,0x0000007ef2700000)]
  0x000001f5eddc9280 JavaThread "Unconstrained build operations Thread 9" [_thread_blocked, id=9272, stack(0x0000007ef2700000,0x0000007ef2800000)]
  0x000001f5eddc9c20 JavaThread "Unconstrained build operations Thread 10" [_thread_blocked, id=6732, stack(0x0000007ef2800000,0x0000007ef2900000)]
  0x000001f5eddca0f0 JavaThread "Unconstrained build operations Thread 11" [_thread_blocked, id=13504, stack(0x0000007ef2900000,0x0000007ef2a00000)]
  0x000001f5eddcaa90 JavaThread "Unconstrained build operations Thread 12" [_thread_blocked, id=4260, stack(0x0000007ef2a00000,0x0000007ef2b00000)]
  0x000001f5eddcb430 JavaThread "Unconstrained build operations Thread 13" [_thread_blocked, id=14448, stack(0x0000007ef2b00000,0x0000007ef2c00000)]
  0x000001f5ed7a8640 JavaThread "Unconstrained build operations Thread 14" [_thread_blocked, id=9968, stack(0x0000007ef2c00000,0x0000007ef2d00000)]
  0x000001f5ed7a94b0 JavaThread "Unconstrained build operations Thread 15" [_thread_blocked, id=14036, stack(0x0000007ef2d00000,0x0000007ef2e00000)]
  0x000001f5ed7ace70 JavaThread "Unconstrained build operations Thread 16" [_thread_blocked, id=12852, stack(0x0000007ef2e00000,0x0000007ef2f00000)]
  0x000001f5ed7a8b10 JavaThread "Unconstrained build operations Thread 17" [_thread_blocked, id=14696, stack(0x0000007ef2f00000,0x0000007ef3000000)]
  0x000001f5ed7ad340 JavaThread "Unconstrained build operations Thread 18" [_thread_blocked, id=12736, stack(0x0000007ef3000000,0x0000007ef3100000)]
  0x000001f5ed7a8170 JavaThread "Unconstrained build operations Thread 19" [_thread_blocked, id=6404, stack(0x0000007ef3100000,0x0000007ef3200000)]
  0x000001f5ed7a8fe0 JavaThread "Unconstrained build operations Thread 20" [_thread_blocked, id=15876, stack(0x0000007ef3200000,0x0000007ef3300000)]
  0x000001f5ed7a9980 JavaThread "Unconstrained build operations Thread 21" [_thread_blocked, id=9868, stack(0x0000007ef3300000,0x0000007ef3400000)]
  0x000001f5ed7a9e50 JavaThread "Unconstrained build operations Thread 22" [_thread_blocked, id=14840, stack(0x0000007ef3400000,0x0000007ef3500000)]
  0x000001f5ed7a7ca0 JavaThread "Unconstrained build operations Thread 23" [_thread_blocked, id=2108, stack(0x0000007ef3500000,0x0000007ef3600000)]
  0x000001f5ed7aa320 JavaThread "Unconstrained build operations Thread 24" [_thread_blocked, id=1392, stack(0x0000007ef3600000,0x0000007ef3700000)]
  0x000001f5ed7aa7f0 JavaThread "Unconstrained build operations Thread 25" [_thread_blocked, id=14072, stack(0x0000007ef3700000,0x0000007ef3800000)]
  0x000001f5ed7ab190 JavaThread "Unconstrained build operations Thread 26" [_thread_blocked, id=11856, stack(0x0000007ef3800000,0x0000007ef3900000)]
  0x000001f5ed7ab660 JavaThread "Memory manager" [_thread_blocked, id=17292, stack(0x0000007ef3b00000,0x0000007ef3c00000)]
  0x000001f5ed7abb30 JavaThread "Cache worker for Build Output Cleanup Cache (F:\react nativ\pictogame\android\.gradle\buildOutputCleanup)" [_thread_blocked, id=13760, stack(0x0000007ef3d00000,0x0000007ef3e00000)]
  0x000001f5ed7ad810 JavaThread "included builds" [_thread_blocked, id=12588, stack(0x0000007ef3e00000,0x0000007ef3f00000)]
  0x000001f5ed7adce0 JavaThread "Execution worker" [_thread_blocked, id=16236, stack(0x0000007ef3f00000,0x0000007ef4000000)]
  0x000001f5ed7af4f0 JavaThread "Execution worker Thread 2" [_thread_blocked, id=5904, stack(0x0000007ef4000000,0x0000007ef4100000)]
  0x000001f5ed7ae1b0 JavaThread "Execution worker Thread 3" [_thread_blocked, id=12520, stack(0x0000007ef4100000,0x0000007ef4200000)]
  0x000001f5ed7ae680 JavaThread "Cache worker for execution history cache (F:\react nativ\pictogame\node_modules\@react-native\gradle-plugin\.gradle\8.0.1\executionHistory)" [_thread_blocked, id=13896, stack(0x0000007ef4200000,0x0000007ef4300000)]
  0x000001f5ed7aeb50 JavaThread "Unconstrained build operations Thread 27" [_thread_blocked, id=6988, stack(0x0000007ef4300000,0x0000007ef4400000)]
  0x000001f5ed7af020 JavaThread "Unconstrained build operations Thread 28" [_thread_blocked, id=17372, stack(0x0000007ef4400000,0x0000007ef4500000)]
  0x000001f5f1b1ad90 JavaThread "Unconstrained build operations Thread 29" [_thread_blocked, id=9440, stack(0x0000007ef4500000,0x0000007ef4600000)]
  0x000001f5f1b19a50 JavaThread "Unconstrained build operations Thread 30" [_thread_blocked, id=4492, stack(0x0000007ef4600000,0x0000007ef4700000)]
  0x000001f5f1b1cf40 JavaThread "Unconstrained build operations Thread 31" [_thread_blocked, id=2408, stack(0x0000007ef4700000,0x0000007ef4800000)]
  0x000001f5f1b18240 JavaThread "Unconstrained build operations Thread 32" [_thread_blocked, id=5804, stack(0x0000007ef4800000,0x0000007ef4900000)]
  0x000001f5f1b16090 JavaThread "Unconstrained build operations Thread 33" [_thread_blocked, id=5876, stack(0x0000007ef4900000,0x0000007ef4a00000)]
  0x000001f5f1b1a3f0 JavaThread "Unconstrained build operations Thread 34" [_thread_blocked, id=15524, stack(0x0000007ef4a00000,0x0000007ef4b00000)]
  0x000001f5f1b16a30 JavaThread "Unconstrained build operations Thread 35" [_thread_blocked, id=15508, stack(0x0000007ef4b00000,0x0000007ef4c00000)]
  0x000001f5f1b18710 JavaThread "Unconstrained build operations Thread 36" [_thread_blocked, id=15148, stack(0x0000007ef4c00000,0x0000007ef4d00000)]
  0x000001f5f1b190b0 JavaThread "Unconstrained build operations Thread 37" [_thread_blocked, id=13652, stack(0x0000007ef4d00000,0x0000007ef4e00000)]
  0x000001f5f1b156f0 JavaThread "Unconstrained build operations Thread 38" [_thread_blocked, id=9552, stack(0x0000007ef4e00000,0x0000007ef4f00000)]
  0x000001f5f1b17d70 JavaThread "Unconstrained build operations Thread 39" [_thread_blocked, id=5372, stack(0x0000007ef4f00000,0x0000007ef5000000)]
  0x000001f5f1b16560 JavaThread "Unconstrained build operations Thread 40" [_thread_blocked, id=13724, stack(0x0000007ef5000000,0x0000007ef5100000)]
  0x000001f5f1b173d0 JavaThread "Cache worker for execution history cache (F:\react nativ\pictogame\android\.gradle\8.0.1\executionHistory)" [_thread_blocked, id=14204, stack(0x0000007eeec00000,0x0000007eeed00000)]
  0x000001f5ef6a4a90 JavaThread "C2 CompilerThread1" daemon [_thread_blocked, id=12948, stack(0x0000007eeea00000,0x0000007eeeb00000)]

Other Threads:
=>0x000001f5ec03a680 VMThread "VM Thread" [stack: 0x0000007eef200000,0x0000007eef300000] [id=10856]
  0x000001f5eccb0060 WatcherThread [stack: 0x0000007eefe00000,0x0000007eeff00000] [id=15040]
  0x000001f5ce78b070 GCTaskThread "GC Thread#0" [stack: 0x0000007eeed00000,0x0000007eeee00000] [id=13280]
  0x000001f5ecfe2b60 GCTaskThread "GC Thread#1" [stack: 0x0000007eeff00000,0x0000007ef0000000] [id=6388]
  0x000001f5eced4370 GCTaskThread "GC Thread#2" [stack: 0x0000007ef0000000,0x0000007ef0100000] [id=4220]
  0x000001f5ed8cef10 GCTaskThread "GC Thread#3" [stack: 0x0000007ef0100000,0x0000007ef0200000] [id=17184]
  0x000001f5ce79dee0 ConcurrentGCThread "G1 Main Marker" [stack: 0x0000007eeee00000,0x0000007eeef00000] [id=16512]
  0x000001f5ce79e800 ConcurrentGCThread "G1 Conc#0" [stack: 0x0000007eeef00000,0x0000007eef000000] [id=5892]
  0x000001f5ebf00090 ConcurrentGCThread "G1 Refine#0" [stack: 0x0000007eef000000,0x0000007eef100000] [id=5408]
  0x000001f5ef01e030 ConcurrentGCThread "G1 Refine#1" [stack: 0x0000007ef1600000,0x0000007ef1700000] [id=10540]
  0x000001f5ebf009c0 ConcurrentGCThread "G1 Service" [stack: 0x0000007eef100000,0x0000007eef200000] [id=832]

Threads with active compile tasks:
C2 CompilerThread0    71710 12258       4       org.gradle.internal.reflect.JavaPropertyReflectionUtil::getAnnotation (101 bytes)
C1 CompilerThread0    71710 12263       3       org.gradle.internal.instantiation.generator.InjectUtil::selectConstructor (332 bytes)

VM state: at safepoint (normal execution)

VM Mutex/Monitor currently owned by a thread:  ([mutex/lock_event])
[0x000001f5ce72de50] Threads_lock - owner thread: 0x000001f5ec03a680
[0x000001f5ce72df70] Heap_lock - owner thread: 0x000001f5ec05fc80

Heap address: 0x0000000080000000, size: 2048 MB, Compressed Oops mode: 32-bit

CDS archive(s) mapped at: [0x0000000800000000-0x0000000800bd0000-0x0000000800bd0000), size 12386304, SharedBaseAddress: 0x0000000800000000, ArchiveRelocationMode: 0.
Compressed class space mapped at: 0x0000000800c00000-0x000000081a800000, reserved size: 432013312
Narrow klass base: 0x0000000800000000, Narrow klass shift: 0, Narrow klass range: 0x100000000

GC Precious Log:
 CPUs: 4 total, 4 available
 Memory: 8084M
 Large Page Support: Disabled
 NUMA Support: Disabled
 Compressed Oops: Enabled (32-bit)
 Heap Region Size: 1M
 Heap Min Capacity: 8M
 Heap Initial Capacity: 128M
 Heap Max Capacity: 2G
 Pre-touch: Disabled
 Parallel Workers: 4
 Concurrent Workers: 1
 Concurrent Refinement Workers: 4
 Periodic GC: Disabled

Heap:
 garbage-first heap   total 227328K, used 136028K [0x0000000080000000, 0x0000000100000000)
  region size 1024K, 5 young (5120K), 5 survivors (5120K)
 Metaspace       used 91263K, committed 92096K, reserved 503808K
  class space    used 12674K, committed 13056K, reserved 421888K

Heap Regions: E=young(eden), S=young(survivor), O=old, HS=humongous(starts), HC=humongous(continues), CS=collection set, F=free, OA=open archive, CA=closed archive, TAMS=top-at-mark-start (previous, next)
|   0|0x0000000080000000, 0x0000000080100000, 0x0000000080100000|100%| O|  |TAMS 0x0000000080100000, 0x0000000080000000| Untracked 
|   1|0x0000000080100000, 0x0000000080200000, 0x0000000080200000|100%| O|  |TAMS 0x0000000080200000, 0x0000000080100000| Untracked 
|   2|0x0000000080200000, 0x0000000080300000, 0x0000000080300000|100%|HS|  |TAMS 0x0000000080300000, 0x0000000080200000| Complete 
|   3|0x0000000080300000, 0x0000000080400000, 0x0000000080400000|100%|HC|  |TAMS 0x0000000080400000, 0x0000000080300000| Complete 
|   4|0x0000000080400000, 0x0000000080500000, 0x0000000080500000|100%|HC|  |TAMS 0x0000000080500000, 0x0000000080400000| Complete 
|   5|0x0000000080500000, 0x0000000080600000, 0x0000000080600000|100%|HC|  |TAMS 0x0000000080600000, 0x0000000080500000| Complete 
|   6|0x0000000080600000, 0x0000000080700000, 0x0000000080700000|100%| O|  |TAMS 0x0000000080700000, 0x0000000080600000| Untracked 
|   7|0x0000000080700000, 0x0000000080800000, 0x0000000080800000|100%| O|  |TAMS 0x0000000080800000, 0x0000000080700000| Untracked 
|   8|0x0000000080800000, 0x0000000080900000, 0x0000000080900000|100%| O|  |TAMS 0x0000000080900000, 0x0000000080800000| Untracked 
|   9|0x0000000080900000, 0x0000000080a00000, 0x0000000080a00000|100%| O|  |TAMS 0x0000000080a00000, 0x0000000080900000| Untracked 
|  10|0x0000000080a00000, 0x0000000080b00000, 0x0000000080b00000|100%| O|  |TAMS 0x0000000080b00000, 0x0000000080a00000| Untracked 
|  11|0x0000000080b00000, 0x0000000080c00000, 0x0000000080c00000|100%| O|  |TAMS 0x0000000080c00000, 0x0000000080b00000| Untracked 
|  12|0x0000000080c00000, 0x0000000080d00000, 0x0000000080d00000|100%| O|  |TAMS 0x0000000080d00000, 0x0000000080c00000| Untracked 
|  13|0x0000000080d00000, 0x0000000080e00000, 0x0000000080e00000|100%| O|  |TAMS 0x0000000080e00000, 0x0000000080d00000| Untracked 
|  14|0x0000000080e00000, 0x0000000080f00000, 0x0000000080f00000|100%| O|  |TAMS 0x0000000080f00000, 0x0000000080e00000| Untracked 
|  15|0x0000000080f00000, 0x0000000081000000, 0x0000000081000000|100%| O|  |TAMS 0x0000000081000000, 0x0000000080f00000| Untracked 
|  16|0x0000000081000000, 0x0000000081100000, 0x0000000081100000|100%| O|  |TAMS 0x0000000081100000, 0x0000000081000000| Untracked 
|  17|0x0000000081100000, 0x0000000081200000, 0x0000000081200000|100%| O|  |TAMS 0x0000000081200000, 0x0000000081100000| Untracked 
|  18|0x0000000081200000, 0x0000000081300000, 0x0000000081300000|100%| O|  |TAMS 0x0000000081300000, 0x0000000081200000| Untracked 
|  19|0x0000000081300000, 0x00000000813b5000, 0x0000000081400000| 70%| O|  |TAMS 0x00000000813b5000, 0x0000000081300000| Untracked 
|  20|0x0000000081400000, 0x0000000081500000, 0x0000000081500000|100%|HS|  |TAMS 0x0000000081500000, 0x0000000081400000| Complete 
|  21|0x0000000081500000, 0x0000000081600000, 0x0000000081600000|100%| O|  |TAMS 0x0000000081600000, 0x0000000081500000| Untracked 
|  22|0x0000000081600000, 0x0000000081700000, 0x0000000081700000|100%| O|  |TAMS 0x0000000081700000, 0x0000000081600000| Untracked 
|  23|0x0000000081700000, 0x0000000081800000, 0x0000000081800000|100%| O|  |TAMS 0x0000000081800000, 0x0000000081700000| Untracked 
|  24|0x0000000081800000, 0x0000000081900000, 0x0000000081900000|100%| O|  |TAMS 0x0000000081900000, 0x0000000081800000| Untracked 
|  25|0x0000000081900000, 0x0000000081a00000, 0x0000000081a00000|100%| O|  |TAMS 0x0000000081a00000, 0x0000000081900000| Untracked 
|  26|0x0000000081a00000, 0x0000000081b00000, 0x0000000081b00000|100%| O|  |TAMS 0x0000000081b00000, 0x0000000081a00000| Untracked 
|  27|0x0000000081b00000, 0x0000000081c00000, 0x0000000081c00000|100%| O|  |TAMS 0x0000000081c00000, 0x0000000081b00000| Untracked 
|  28|0x0000000081c00000, 0x0000000081d00000, 0x0000000081d00000|100%| O|  |TAMS 0x0000000081d00000, 0x0000000081c00000| Untracked 
|  29|0x0000000081d00000, 0x0000000081e00000, 0x0000000081e00000|100%| O|  |TAMS 0x0000000081e00000, 0x0000000081d00000| Untracked 
|  30|0x0000000081e00000, 0x0000000081f00000, 0x0000000081f00000|100%| O|  |TAMS 0x0000000081f00000, 0x0000000081e00000| Untracked 
|  31|0x0000000081f00000, 0x0000000082000000, 0x0000000082000000|100%| O|  |TAMS 0x0000000082000000, 0x0000000081f00000| Untracked 
|  32|0x0000000082000000, 0x0000000082100000, 0x0000000082100000|100%| O|  |TAMS 0x0000000082100000, 0x0000000082000000| Untracked 
|  33|0x0000000082100000, 0x0000000082200000, 0x0000000082200000|100%| O|  |TAMS 0x0000000082200000, 0x0000000082100000| Untracked 
|  34|0x0000000082200000, 0x0000000082300000, 0x0000000082300000|100%| O|  |TAMS 0x0000000082300000, 0x0000000082200000| Untracked 
|  35|0x0000000082300000, 0x0000000082400000, 0x0000000082400000|100%| O|  |TAMS 0x0000000082400000, 0x0000000082300000| Untracked 
|  36|0x0000000082400000, 0x0000000082500000, 0x0000000082500000|100%| O|  |TAMS 0x0000000082500000, 0x0000000082400000| Untracked 
|  37|0x0000000082500000, 0x0000000082600000, 0x0000000082600000|100%|HS|  |TAMS 0x0000000082600000, 0x0000000082500000| Complete 
|  38|0x0000000082600000, 0x0000000082700000, 0x0000000082700000|100%|HC|  |TAMS 0x0000000082700000, 0x0000000082600000| Complete 
|  39|0x0000000082700000, 0x0000000082800000, 0x0000000082800000|100%|HS|  |TAMS 0x0000000082800000, 0x0000000082700000| Complete 
|  40|0x0000000082800000, 0x0000000082900000, 0x0000000082900000|100%|HC|  |TAMS 0x0000000082900000, 0x0000000082800000| Complete 
|  41|0x0000000082900000, 0x0000000082a00000, 0x0000000082a00000|100%|HC|  |TAMS 0x0000000082a00000, 0x0000000082900000| Complete 
|  42|0x0000000082a00000, 0x0000000082b00000, 0x0000000082b00000|100%|HC|  |TAMS 0x0000000082b00000, 0x0000000082a00000| Complete 
|  43|0x0000000082b00000, 0x0000000082c00000, 0x0000000082c00000|100%| O|  |TAMS 0x0000000082c00000, 0x0000000082b00000| Untracked 
|  44|0x0000000082c00000, 0x0000000082d00000, 0x0000000082d00000|100%| O|  |TAMS 0x0000000082d00000, 0x0000000082c00000| Untracked 
|  45|0x0000000082d00000, 0x0000000082e00000, 0x0000000082e00000|100%| O|  |TAMS 0x0000000082e00000, 0x0000000082d00000| Untracked 
|  46|0x0000000082e00000, 0x0000000082f00000, 0x0000000082f00000|100%| O|  |TAMS 0x0000000082f00000, 0x0000000082e00000| Untracked 
|  47|0x0000000082f00000, 0x0000000083000000, 0x0000000083000000|100%| O|  |TAMS 0x0000000083000000, 0x0000000082f00000| Untracked 
|  48|0x0000000083000000, 0x0000000083100000, 0x0000000083100000|100%| O|  |TAMS 0x0000000083100000, 0x0000000083000000| Untracked 
|  49|0x0000000083100000, 0x0000000083200000, 0x0000000083200000|100%| O|  |TAMS 0x0000000083200000, 0x0000000083100000| Untracked 
|  50|0x0000000083200000, 0x0000000083300000, 0x0000000083300000|100%| O|  |TAMS 0x0000000083300000, 0x0000000083200000| Untracked 
|  51|0x0000000083300000, 0x0000000083400000, 0x0000000083400000|100%| O|  |TAMS 0x0000000083400000, 0x0000000083300000| Untracked 
|  52|0x0000000083400000, 0x0000000083500000, 0x0000000083500000|100%| O|  |TAMS 0x0000000083400000, 0x0000000083400000| Untracked 
|  53|0x0000000083500000, 0x0000000083600000, 0x0000000083600000|100%| O|  |TAMS 0x0000000083600000, 0x0000000083500000| Untracked 
|  54|0x0000000083600000, 0x0000000083700000, 0x0000000083700000|100%| O|  |TAMS 0x0000000083700000, 0x0000000083600000| Untracked 
|  55|0x0000000083700000, 0x0000000083800000, 0x0000000083800000|100%| O|  |TAMS 0x0000000083800000, 0x0000000083700000| Untracked 
|  56|0x0000000083800000, 0x0000000083900000, 0x0000000083900000|100%| O|  |TAMS 0x0000000083900000, 0x0000000083800000| Untracked 
|  57|0x0000000083900000, 0x0000000083a00000, 0x0000000083a00000|100%|HS|  |TAMS 0x0000000083a00000, 0x0000000083900000| Complete 
|  58|0x0000000083a00000, 0x0000000083b00000, 0x0000000083b00000|100%| O|  |TAMS 0x0000000083b00000, 0x0000000083a00000| Untracked 
|  59|0x0000000083b00000, 0x0000000083c00000, 0x0000000083c00000|100%| O|  |TAMS 0x0000000083c00000, 0x0000000083b00000| Untracked 
|  60|0x0000000083c00000, 0x0000000083d00000, 0x0000000083d00000|100%| O|  |TAMS 0x0000000083d00000, 0x0000000083c00000| Untracked 
|  61|0x0000000083d00000, 0x0000000083e00000, 0x0000000083e00000|100%| O|  |TAMS 0x0000000083e00000, 0x0000000083d00000| Untracked 
|  62|0x0000000083e00000, 0x0000000083f00000, 0x0000000083f00000|100%| O|  |TAMS 0x0000000083f00000, 0x0000000083e00000| Untracked 
|  63|0x0000000083f00000, 0x0000000084000000, 0x0000000084000000|100%| O|  |TAMS 0x0000000084000000, 0x0000000083f00000| Untracked 
|  64|0x0000000084000000, 0x0000000084100000, 0x0000000084100000|100%| O|  |TAMS 0x0000000084100000, 0x0000000084000000| Untracked 
|  65|0x0000000084100000, 0x0000000084200000, 0x0000000084200000|100%| O|  |TAMS 0x0000000084200000, 0x0000000084100000| Untracked 
|  66|0x0000000084200000, 0x0000000084300000, 0x0000000084300000|100%| O|  |TAMS 0x0000000084300000, 0x0000000084200000| Untracked 
|  67|0x0000000084300000, 0x0000000084400000, 0x0000000084400000|100%| O|  |TAMS 0x0000000084400000, 0x0000000084300000| Untracked 
|  68|0x0000000084400000, 0x0000000084500000, 0x0000000084500000|100%| O|  |TAMS 0x0000000084500000, 0x0000000084400000| Untracked 
|  69|0x0000000084500000, 0x0000000084600000, 0x0000000084600000|100%| O|  |TAMS 0x0000000084600000, 0x0000000084500000| Untracked 
|  70|0x0000000084600000, 0x0000000084700000, 0x0000000084700000|100%| O|  |TAMS 0x0000000084700000, 0x0000000084600000| Untracked 
|  71|0x0000000084700000, 0x0000000084800000, 0x0000000084800000|100%| O|  |TAMS 0x0000000084800000, 0x0000000084700000| Untracked 
|  72|0x0000000084800000, 0x0000000084900000, 0x0000000084900000|100%| O|  |TAMS 0x0000000084900000, 0x0000000084800000| Untracked 
|  73|0x0000000084900000, 0x0000000084a00000, 0x0000000084a00000|100%| O|  |TAMS 0x0000000084a00000, 0x0000000084900000| Untracked 
|  74|0x0000000084a00000, 0x0000000084b00000, 0x0000000084b00000|100%|HS|  |TAMS 0x0000000084b00000, 0x0000000084a00000| Complete 
|  75|0x0000000084b00000, 0x0000000084c00000, 0x0000000084c00000|100%|HC|  |TAMS 0x0000000084c00000, 0x0000000084b00000| Complete 
|  76|0x0000000084c00000, 0x0000000084d00000, 0x0000000084d00000|100%|HS|  |TAMS 0x0000000084d00000, 0x0000000084c00000| Complete 
|  77|0x0000000084d00000, 0x0000000084e00000, 0x0000000084e00000|100%|HC|  |TAMS 0x0000000084e00000, 0x0000000084d00000| Complete 
|  78|0x0000000084e00000, 0x0000000084f00000, 0x0000000084f00000|100%|HC|  |TAMS 0x0000000084f00000, 0x0000000084e00000| Complete 
|  79|0x0000000084f00000, 0x0000000085000000, 0x0000000085000000|100%|HC|  |TAMS 0x0000000085000000, 0x0000000084f00000| Complete 
|  80|0x0000000085000000, 0x0000000085100000, 0x0000000085100000|100%| O|  |TAMS 0x0000000085100000, 0x0000000085000000| Untracked 
|  81|0x0000000085100000, 0x0000000085200000, 0x0000000085200000|100%| O|  |TAMS 0x0000000085200000, 0x0000000085100000| Untracked 
|  82|0x0000000085200000, 0x0000000085300000, 0x0000000085300000|100%| O|  |TAMS 0x0000000085300000, 0x0000000085200000| Untracked 
|  83|0x0000000085300000, 0x0000000085400000, 0x0000000085400000|100%| O|  |TAMS 0x0000000085400000, 0x0000000085300000| Untracked 
|  84|0x0000000085400000, 0x0000000085500000, 0x0000000085500000|100%| O|  |TAMS 0x0000000085500000, 0x0000000085400000| Untracked 
|  85|0x0000000085500000, 0x0000000085600000, 0x0000000085600000|100%|HS|  |TAMS 0x0000000085600000, 0x0000000085500000| Complete 
|  86|0x0000000085600000, 0x0000000085700000, 0x0000000085700000|100%| O|  |TAMS 0x0000000085700000, 0x0000000085600000| Untracked 
|  87|0x0000000085700000, 0x0000000085800000, 0x0000000085800000|100%| O|  |TAMS 0x0000000085800000, 0x0000000085700000| Untracked 
|  88|0x0000000085800000, 0x0000000085900000, 0x0000000085900000|100%| O|  |TAMS 0x0000000085900000, 0x0000000085800000| Untracked 
|  89|0x0000000085900000, 0x0000000085a00000, 0x0000000085a00000|100%| O|  |TAMS 0x0000000085a00000, 0x0000000085900000| Untracked 
|  90|0x0000000085a00000, 0x0000000085b00000, 0x0000000085b00000|100%| O|  |TAMS 0x0000000085b00000, 0x0000000085a00000| Untracked 
|  91|0x0000000085b00000, 0x0000000085c00000, 0x0000000085c00000|100%| O|  |TAMS 0x0000000085c00000, 0x0000000085b00000| Untracked 
|  92|0x0000000085c00000, 0x0000000085d00000, 0x0000000085d00000|100%| O|  |TAMS 0x0000000085d00000, 0x0000000085c00000| Untracked 
|  93|0x0000000085d00000, 0x0000000085e00000, 0x0000000085e00000|100%| O|  |TAMS 0x0000000085e00000, 0x0000000085d00000| Untracked 
|  94|0x0000000085e00000, 0x0000000085f00000, 0x0000000085f00000|100%|HS|  |TAMS 0x0000000085f00000, 0x0000000085e00000| Complete 
|  95|0x0000000085f00000, 0x0000000086000000, 0x0000000086000000|100%|HS|  |TAMS 0x0000000086000000, 0x0000000085f00000| Complete 
|  96|0x0000000086000000, 0x0000000086100000, 0x0000000086100000|100%|HS|  |TAMS 0x0000000086100000, 0x0000000086000000| Complete 
|  97|0x0000000086100000, 0x0000000086200000, 0x0000000086200000|100%|HC|  |TAMS 0x0000000086200000, 0x0000000086100000| Complete 
|  98|0x0000000086200000, 0x0000000086300000, 0x0000000086300000|100%|HC|  |TAMS 0x0000000086300000, 0x0000000086200000| Complete 
|  99|0x0000000086300000, 0x0000000086400000, 0x0000000086400000|100%| O|  |TAMS 0x0000000086400000, 0x0000000086300000| Untracked 
| 100|0x0000000086400000, 0x0000000086500000, 0x0000000086500000|100%|HS|  |TAMS 0x0000000086500000, 0x0000000086400000| Complete 
| 101|0x0000000086500000, 0x0000000086600000, 0x0000000086600000|100%|HC|  |TAMS 0x0000000086600000, 0x0000000086500000| Complete 
| 102|0x0000000086600000, 0x0000000086700000, 0x0000000086700000|100%|HS|  |TAMS 0x0000000086700000, 0x0000000086600000| Complete 
| 103|0x0000000086700000, 0x0000000086800000, 0x0000000086800000|100%|HS|  |TAMS 0x0000000086800000, 0x0000000086700000| Complete 
| 104|0x0000000086800000, 0x0000000086900000, 0x0000000086900000|100%|HS|  |TAMS 0x0000000086900000, 0x0000000086800000| Complete 
| 105|0x0000000086900000, 0x0000000086a00000, 0x0000000086a00000|100%|HC|  |TAMS 0x0000000086a00000, 0x0000000086900000| Complete 
| 106|0x0000000086a00000, 0x0000000086b00000, 0x0000000086b00000|100%|HC|  |TAMS 0x0000000086b00000, 0x0000000086a00000| Complete 
| 107|0x0000000086b00000, 0x0000000086c00000, 0x0000000086c00000|100%| O|  |TAMS 0x0000000086c00000, 0x0000000086b00000| Untracked 
| 108|0x0000000086c00000, 0x0000000086d00000, 0x0000000086d00000|100%| O|  |TAMS 0x0000000086d00000, 0x0000000086c00000| Untracked 
| 109|0x0000000086d00000, 0x0000000086e00000, 0x0000000086e00000|100%| O|  |TAMS 0x0000000086e00000, 0x0000000086d00000| Untracked 
| 110|0x0000000086e00000, 0x0000000086f00000, 0x0000000086f00000|100%| O|  |TAMS 0x0000000086f00000, 0x0000000086e00000| Untracked 
| 111|0x0000000086f00000, 0x0000000087000000, 0x0000000087000000|100%| O|  |TAMS 0x0000000087000000, 0x0000000086f00000| Untracked 
| 112|0x0000000087000000, 0x0000000087100000, 0x0000000087100000|100%| O|  |TAMS 0x0000000087100000, 0x0000000087000000| Untracked 
| 113|0x0000000087100000, 0x0000000087200000, 0x0000000087200000|100%| O|  |TAMS 0x0000000087200000, 0x0000000087100000| Untracked 
| 114|0x0000000087200000, 0x0000000087200000, 0x0000000087300000|  0%| F|  |TAMS 0x0000000087200000, 0x0000000087200000| Untracked 
| 115|0x0000000087300000, 0x0000000087400000, 0x0000000087400000|100%| O|  |TAMS 0x0000000087400000, 0x0000000087300000| Untracked 
| 116|0x0000000087400000, 0x0000000087500000, 0x0000000087500000|100%| O|  |TAMS 0x0000000087500000, 0x0000000087400000| Untracked 
| 117|0x0000000087500000, 0x0000000087600000, 0x0000000087600000|100%| O|  |TAMS 0x0000000087600000, 0x0000000087500000| Untracked 
| 118|0x0000000087600000, 0x0000000087600000, 0x0000000087700000|  0%| F|  |TAMS 0x0000000087600000, 0x0000000087600000| Untracked 
| 119|0x0000000087700000, 0x0000000087800000, 0x0000000087800000|100%| O|  |TAMS 0x0000000087800000, 0x0000000087700000| Untracked 
| 120|0x0000000087800000, 0x0000000087900000, 0x0000000087900000|100%| O|  |TAMS 0x0000000087900000, 0x0000000087800000| Untracked 
| 121|0x0000000087900000, 0x0000000087a00000, 0x0000000087a00000|100%| O|  |TAMS 0x0000000087a00000, 0x0000000087900000| Untracked 
| 122|0x0000000087a00000, 0x0000000087b00000, 0x0000000087b00000|100%| O|  |TAMS 0x0000000087b00000, 0x0000000087a00000| Untracked 
| 123|0x0000000087b00000, 0x0000000087c00000, 0x0000000087c00000|100%| O|  |TAMS 0x0000000087b00000, 0x0000000087b00000| Untracked 
| 124|0x0000000087c00000, 0x0000000087d00000, 0x0000000087d00000|100%| O|  |TAMS 0x0000000087c00000, 0x0000000087c00000| Untracked 
| 125|0x0000000087d00000, 0x0000000087e00000, 0x0000000087e00000|100%| O|  |TAMS 0x0000000087d00000, 0x0000000087d00000| Untracked 
| 126|0x0000000087e00000, 0x0000000087f00000, 0x0000000087f00000|100%| O|  |TAMS 0x0000000087e00000, 0x0000000087e00000| Untracked 
| 127|0x0000000087f00000, 0x0000000088000000, 0x0000000088000000|100%| O|  |TAMS 0x0000000087f00000, 0x0000000087f00000| Untracked 
| 128|0x0000000088000000, 0x0000000088100000, 0x0000000088100000|100%| O|  |TAMS 0x0000000088000000, 0x0000000088000000| Untracked 
| 129|0x0000000088100000, 0x0000000088200000, 0x0000000088200000|100%| O|  |TAMS 0x0000000088100000, 0x0000000088100000| Untracked 
| 130|0x0000000088200000, 0x000000008827f400, 0x0000000088300000| 49%| O|  |TAMS 0x0000000088200000, 0x0000000088200000| Untracked 
| 131|0x0000000088300000, 0x0000000088300000, 0x0000000088400000|  0%| F|  |TAMS 0x0000000088300000, 0x0000000088300000| Untracked 
| 132|0x0000000088400000, 0x0000000088400000, 0x0000000088500000|  0%| F|  |TAMS 0x0000000088400000, 0x0000000088400000| Untracked 
| 133|0x0000000088500000, 0x0000000088500000, 0x0000000088600000|  0%| F|  |TAMS 0x0000000088500000, 0x0000000088500000| Untracked 
| 134|0x0000000088600000, 0x0000000088600000, 0x0000000088700000|  0%| F|  |TAMS 0x0000000088600000, 0x0000000088600000| Untracked 
| 135|0x0000000088700000, 0x0000000088700000, 0x0000000088800000|  0%| F|  |TAMS 0x0000000088700000, 0x0000000088700000| Untracked 
| 136|0x0000000088800000, 0x0000000088800000, 0x0000000088900000|  0%| F|  |TAMS 0x0000000088800000, 0x0000000088800000| Untracked 
| 137|0x0000000088900000, 0x0000000088900000, 0x0000000088a00000|  0%| F|  |TAMS 0x0000000088900000, 0x0000000088900000| Untracked 
| 138|0x0000000088a00000, 0x0000000088a00000, 0x0000000088b00000|  0%| F|  |TAMS 0x0000000088a00000, 0x0000000088a00000| Untracked 
| 139|0x0000000088b00000, 0x0000000088b00000, 0x0000000088c00000|  0%| F|  |TAMS 0x0000000088b00000, 0x0000000088b00000| Untracked 
| 140|0x0000000088c00000, 0x0000000088c00000, 0x0000000088d00000|  0%| F|  |TAMS 0x0000000088c00000, 0x0000000088c00000| Untracked 
| 141|0x0000000088d00000, 0x0000000088d00000, 0x0000000088e00000|  0%| F|  |TAMS 0x0000000088d00000, 0x0000000088d00000| Untracked 
| 142|0x0000000088e00000, 0x0000000088e00000, 0x0000000088f00000|  0%| F|  |TAMS 0x0000000088e00000, 0x0000000088e00000| Untracked 
| 143|0x0000000088f00000, 0x0000000088f00000, 0x0000000089000000|  0%| F|  |TAMS 0x0000000088f00000, 0x0000000088f00000| Untracked 
| 144|0x0000000089000000, 0x0000000089000000, 0x0000000089100000|  0%| F|  |TAMS 0x0000000089000000, 0x0000000089000000| Untracked 
| 145|0x0000000089100000, 0x0000000089100000, 0x0000000089200000|  0%| F|  |TAMS 0x0000000089100000, 0x0000000089100000| Untracked 
| 146|0x0000000089200000, 0x0000000089200000, 0x0000000089300000|  0%| F|  |TAMS 0x0000000089200000, 0x0000000089200000| Untracked 
| 147|0x0000000089300000, 0x0000000089300000, 0x0000000089400000|  0%| F|  |TAMS 0x0000000089300000, 0x0000000089300000| Untracked 
| 148|0x0000000089400000, 0x0000000089400000, 0x0000000089500000|  0%| F|  |TAMS 0x0000000089400000, 0x0000000089400000| Untracked 
| 149|0x0000000089500000, 0x0000000089500000, 0x0000000089600000|  0%| F|  |TAMS 0x0000000089500000, 0x0000000089500000| Untracked 
| 150|0x0000000089600000, 0x0000000089600000, 0x0000000089700000|  0%| F|  |TAMS 0x0000000089600000, 0x0000000089600000| Untracked 
| 151|0x0000000089700000, 0x0000000089700000, 0x0000000089800000|  0%| F|  |TAMS 0x0000000089700000, 0x0000000089700000| Untracked 
| 152|0x0000000089800000, 0x0000000089800000, 0x0000000089900000|  0%| F|  |TAMS 0x0000000089800000, 0x0000000089800000| Untracked 
| 153|0x0000000089900000, 0x0000000089900000, 0x0000000089a00000|  0%| F|  |TAMS 0x0000000089900000, 0x0000000089900000| Untracked 
| 154|0x0000000089a00000, 0x0000000089a00000, 0x0000000089b00000|  0%| F|  |TAMS 0x0000000089a00000, 0x0000000089a00000| Untracked 
| 155|0x0000000089b00000, 0x0000000089b00000, 0x0000000089c00000|  0%| F|  |TAMS 0x0000000089b00000, 0x0000000089b00000| Untracked 
| 156|0x0000000089c00000, 0x0000000089c00000, 0x0000000089d00000|  0%| F|  |TAMS 0x0000000089c00000, 0x0000000089c00000| Untracked 
| 157|0x0000000089d00000, 0x0000000089d00000, 0x0000000089e00000|  0%| F|  |TAMS 0x0000000089d00000, 0x0000000089d00000| Untracked 
| 158|0x0000000089e00000, 0x0000000089e00000, 0x0000000089f00000|  0%| F|  |TAMS 0x0000000089e00000, 0x0000000089e00000| Untracked 
| 159|0x0000000089f00000, 0x0000000089f00000, 0x000000008a000000|  0%| F|  |TAMS 0x0000000089f00000, 0x0000000089f00000| Untracked 
| 160|0x000000008a000000, 0x000000008a000000, 0x000000008a100000|  0%| F|  |TAMS 0x000000008a000000, 0x000000008a000000| Untracked 
| 161|0x000000008a100000, 0x000000008a100000, 0x000000008a200000|  0%| F|  |TAMS 0x000000008a100000, 0x000000008a100000| Untracked 
| 162|0x000000008a200000, 0x000000008a200000, 0x000000008a300000|  0%| F|  |TAMS 0x000000008a200000, 0x000000008a200000| Untracked 
| 163|0x000000008a300000, 0x000000008a300000, 0x000000008a400000|  0%| F|  |TAMS 0x000000008a300000, 0x000000008a300000| Untracked 
| 164|0x000000008a400000, 0x000000008a4a2e40, 0x000000008a500000| 63%| S|CS|TAMS 0x000000008a400000, 0x000000008a400000| Complete 
| 165|0x000000008a500000, 0x000000008a600000, 0x000000008a600000|100%| S|CS|TAMS 0x000000008a500000, 0x000000008a500000| Complete 
| 166|0x000000008a600000, 0x000000008a700000, 0x000000008a700000|100%| S|CS|TAMS 0x000000008a600000, 0x000000008a600000| Complete 
| 167|0x000000008a700000, 0x000000008a800000, 0x000000008a800000|100%| S|CS|TAMS 0x000000008a700000, 0x000000008a700000| Complete 
| 168|0x000000008a800000, 0x000000008a900000, 0x000000008a900000|100%| S|CS|TAMS 0x000000008a800000, 0x000000008a800000| Complete 
| 169|0x000000008a900000, 0x000000008a900000, 0x000000008aa00000|  0%| F|  |TAMS 0x000000008a900000, 0x000000008a900000| Untracked 
| 170|0x000000008aa00000, 0x000000008aa00000, 0x000000008ab00000|  0%| F|  |TAMS 0x000000008aa00000, 0x000000008aa00000| Untracked 
| 171|0x000000008ab00000, 0x000000008ab00000, 0x000000008ac00000|  0%| F|  |TAMS 0x000000008ab00000, 0x000000008ab00000| Untracked 
| 172|0x000000008ac00000, 0x000000008ac00000, 0x000000008ad00000|  0%| F|  |TAMS 0x000000008ac00000, 0x000000008ac00000| Untracked 
| 173|0x000000008ad00000, 0x000000008ad00000, 0x000000008ae00000|  0%| F|  |TAMS 0x000000008ad00000, 0x000000008ad00000| Untracked 
| 174|0x000000008ae00000, 0x000000008ae00000, 0x000000008af00000|  0%| F|  |TAMS 0x000000008ae00000, 0x000000008ae00000| Untracked 
| 175|0x000000008af00000, 0x000000008af00000, 0x000000008b000000|  0%| F|  |TAMS 0x000000008af00000, 0x000000008af00000| Untracked 
| 176|0x000000008b000000, 0x000000008b000000, 0x000000008b100000|  0%| F|  |TAMS 0x000000008b000000, 0x000000008b000000| Untracked 
| 177|0x000000008b100000, 0x000000008b100000, 0x000000008b200000|  0%| F|  |TAMS 0x000000008b100000, 0x000000008b100000| Untracked 
| 178|0x000000008b200000, 0x000000008b200000, 0x000000008b300000|  0%| F|  |TAMS 0x000000008b200000, 0x000000008b200000| Untracked 
| 179|0x000000008b300000, 0x000000008b300000, 0x000000008b400000|  0%| F|  |TAMS 0x000000008b300000, 0x000000008b300000| Untracked 
| 180|0x000000008b400000, 0x000000008b400000, 0x000000008b500000|  0%| F|  |TAMS 0x000000008b400000, 0x000000008b400000| Untracked 
| 181|0x000000008b500000, 0x000000008b500000, 0x000000008b600000|  0%| F|  |TAMS 0x000000008b500000, 0x000000008b500000| Untracked 
| 182|0x000000008b600000, 0x000000008b600000, 0x000000008b700000|  0%| F|  |TAMS 0x000000008b600000, 0x000000008b600000| Untracked 
| 183|0x000000008b700000, 0x000000008b700000, 0x000000008b800000|  0%| F|  |TAMS 0x000000008b700000, 0x000000008b700000| Untracked 
| 184|0x000000008b800000, 0x000000008b800000, 0x000000008b900000|  0%| F|  |TAMS 0x000000008b800000, 0x000000008b800000| Untracked 
| 185|0x000000008b900000, 0x000000008b900000, 0x000000008ba00000|  0%| F|  |TAMS 0x000000008b900000, 0x000000008b900000| Untracked 
| 186|0x000000008ba00000, 0x000000008ba00000, 0x000000008bb00000|  0%| F|  |TAMS 0x000000008ba00000, 0x000000008ba00000| Untracked 
| 187|0x000000008bb00000, 0x000000008bb00000, 0x000000008bc00000|  0%| F|  |TAMS 0x000000008bb00000, 0x000000008bb00000| Untracked 
| 188|0x000000008bc00000, 0x000000008bc00000, 0x000000008bd00000|  0%| F|  |TAMS 0x000000008bc00000, 0x000000008bc00000| Untracked 
| 189|0x000000008bd00000, 0x000000008bd00000, 0x000000008be00000|  0%| F|  |TAMS 0x000000008bd00000, 0x000000008bd00000| Untracked 
| 190|0x000000008be00000, 0x000000008be00000, 0x000000008bf00000|  0%| F|  |TAMS 0x000000008be00000, 0x000000008be00000| Untracked 
| 191|0x000000008bf00000, 0x000000008bf00000, 0x000000008c000000|  0%| F|  |TAMS 0x000000008bf00000, 0x000000008bf00000| Untracked 
| 192|0x000000008c000000, 0x000000008c000000, 0x000000008c100000|  0%| F|  |TAMS 0x000000008c000000, 0x000000008c000000| Untracked 
| 193|0x000000008c100000, 0x000000008c100000, 0x000000008c200000|  0%| F|  |TAMS 0x000000008c100000, 0x000000008c100000| Untracked 
| 194|0x000000008c200000, 0x000000008c200000, 0x000000008c300000|  0%| F|  |TAMS 0x000000008c200000, 0x000000008c200000| Untracked 
| 195|0x000000008c300000, 0x000000008c300000, 0x000000008c400000|  0%| F|  |TAMS 0x000000008c300000, 0x000000008c300000| Untracked 
| 196|0x000000008c400000, 0x000000008c400000, 0x000000008c500000|  0%| F|  |TAMS 0x000000008c400000, 0x000000008c400000| Untracked 
| 197|0x000000008c500000, 0x000000008c500000, 0x000000008c600000|  0%| F|  |TAMS 0x000000008c500000, 0x000000008c500000| Untracked 
| 198|0x000000008c600000, 0x000000008c600000, 0x000000008c700000|  0%| F|  |TAMS 0x000000008c600000, 0x000000008c600000| Untracked 
| 199|0x000000008c700000, 0x000000008c700000, 0x000000008c800000|  0%| F|  |TAMS 0x000000008c700000, 0x000000008c700000| Untracked 
| 200|0x000000008c800000, 0x000000008c800000, 0x000000008c900000|  0%| F|  |TAMS 0x000000008c800000, 0x000000008c800000| Untracked 
| 201|0x000000008c900000, 0x000000008c900000, 0x000000008ca00000|  0%| F|  |TAMS 0x000000008c900000, 0x000000008c900000| Untracked 
| 202|0x000000008ca00000, 0x000000008ca00000, 0x000000008cb00000|  0%| F|  |TAMS 0x000000008ca00000, 0x000000008ca00000| Untracked 
| 203|0x000000008cb00000, 0x000000008cb00000, 0x000000008cc00000|  0%| F|  |TAMS 0x000000008cb00000, 0x000000008cb00000| Untracked 
| 204|0x000000008cc00000, 0x000000008cc00000, 0x000000008cd00000|  0%| F|  |TAMS 0x000000008cc00000, 0x000000008cc00000| Untracked 
| 205|0x000000008cd00000, 0x000000008cd00000, 0x000000008ce00000|  0%| F|  |TAMS 0x000000008cd00000, 0x000000008cd00000| Untracked 
| 206|0x000000008ce00000, 0x000000008ce00000, 0x000000008cf00000|  0%| F|  |TAMS 0x000000008ce00000, 0x000000008ce00000| Untracked 
| 207|0x000000008cf00000, 0x000000008cf00000, 0x000000008d000000|  0%| F|  |TAMS 0x000000008cf00000, 0x000000008cf00000| Untracked 
| 208|0x000000008d000000, 0x000000008d000000, 0x000000008d100000|  0%| F|  |TAMS 0x000000008d000000, 0x000000008d000000| Untracked 
| 209|0x000000008d100000, 0x000000008d100000, 0x000000008d200000|  0%| F|  |TAMS 0x000000008d100000, 0x000000008d100000| Untracked 
| 210|0x000000008d200000, 0x000000008d200000, 0x000000008d300000|  0%| F|  |TAMS 0x000000008d200000, 0x000000008d200000| Untracked 
| 211|0x000000008d300000, 0x000000008d300000, 0x000000008d400000|  0%| F|  |TAMS 0x000000008d300000, 0x000000008d300000| Untracked 
| 212|0x000000008d400000, 0x000000008d400000, 0x000000008d500000|  0%| F|  |TAMS 0x000000008d400000, 0x000000008d400000| Untracked 
| 213|0x000000008d500000, 0x000000008d500000, 0x000000008d600000|  0%| F|  |TAMS 0x000000008d500000, 0x000000008d500000| Untracked 
| 214|0x000000008d600000, 0x000000008d600000, 0x000000008d700000|  0%| F|  |TAMS 0x000000008d600000, 0x000000008d600000| Untracked 
| 215|0x000000008d700000, 0x000000008d700000, 0x000000008d800000|  0%| F|  |TAMS 0x000000008d700000, 0x000000008d700000| Untracked 
| 216|0x000000008d800000, 0x000000008d800000, 0x000000008d900000|  0%| F|  |TAMS 0x000000008d800000, 0x000000008d800000| Untracked 
| 217|0x000000008d900000, 0x000000008d900000, 0x000000008da00000|  0%| F|  |TAMS 0x000000008d900000, 0x000000008d900000| Untracked 
| 218|0x000000008da00000, 0x000000008da00000, 0x000000008db00000|  0%| F|  |TAMS 0x000000008da00000, 0x000000008da00000| Untracked 
| 219|0x000000008db00000, 0x000000008db00000, 0x000000008dc00000|  0%| F|  |TAMS 0x000000008db00000, 0x000000008db00000| Untracked 
| 220|0x000000008dc00000, 0x000000008dc00000, 0x000000008dd00000|  0%| F|  |TAMS 0x000000008dc00000, 0x000000008dc00000| Untracked 
| 221|0x000000008dd00000, 0x000000008dd00000, 0x000000008de00000|  0%| F|  |TAMS 0x000000008dd00000, 0x000000008dd00000| Untracked 

Card table byte_map: [0x000001f5e53c0000,0x000001f5e57c0000] _byte_map_base: 0x000001f5e4fc0000

Marking Bits (Prev, Next): (CMBitMap*) 0x000001f5ce78d5b0, (CMBitMap*) 0x000001f5ce78d5f0
 Prev Bits: [0x000001f5e5bc0000, 0x000001f5e7bc0000)
 Next Bits: [0x000001f5e7bc0000, 0x000001f5e9bc0000)

Polling page: 0x000001f5cc6c0000

Metaspace:

Usage:
  Non-class:     76.75 MB used.
      Class:     12.38 MB used.
       Both:     89.12 MB used.

Virtual space:
  Non-class space:       80.00 MB reserved,      77.19 MB ( 96%) committed,  10 nodes.
      Class space:      412.00 MB reserved,      12.75 MB (  3%) committed,  1 nodes.
             Both:      492.00 MB reserved,      89.94 MB ( 18%) committed. 

Chunk freelists:
   Non-Class:  2.50 MB
       Class:  3.25 MB
        Both:  5.75 MB

MaxMetaspaceSize: 512.00 MB
CompressedClassSpaceSize: 412.00 MB
Initial GC threshold: 21.00 MB
Current GC threshold: 141.38 MB
CDS: on
MetaspaceReclaimPolicy: balanced
 - commit_granule_bytes: 65536.
 - commit_granule_words: 8192.
 - virtual_space_node_default_size: 1048576.
 - enlarge_chunks_in_place: 1.
 - new_chunks_are_fully_committed: 0.
 - uncommit_free_chunks: 1.
 - use_allocation_guard: 0.
 - handle_deallocations: 1.


Internal statistics:

num_allocs_failed_limit: 6.
num_arena_births: 1014.
num_arena_deaths: 0.
num_vsnodes_births: 11.
num_vsnodes_deaths: 0.
num_space_committed: 1439.
num_space_uncommitted: 0.
num_chunks_returned_to_freelist: 6.
num_chunks_taken_from_freelist: 4872.
num_chunk_merges: 6.
num_chunk_splits: 3246.
num_chunks_enlarged: 2196.
num_purges: 0.
num_inconsistent_stats: 0.

CodeHeap 'non-profiled nmethods': size=120000Kb used=6974Kb max_used=6974Kb free=113025Kb
 bounds [0x000001f5dda90000, 0x000001f5de160000, 0x000001f5e4fc0000]
CodeHeap 'profiled nmethods': size=120000Kb used=22130Kb max_used=22130Kb free=97869Kb
 bounds [0x000001f5d5fc0000, 0x000001f5d7560000, 0x000001f5dd4f0000]
CodeHeap 'non-nmethods': size=5760Kb used=2399Kb max_used=2550Kb free=3360Kb
 bounds [0x000001f5dd4f0000, 0x000001f5dd780000, 0x000001f5dda90000]
 total_blobs=11784 nmethods=10851 adapters=843
 compilation: enabled
              stopped_count=0, restarted_count=0
 full_count=0

Compilation events (20 events):
Event: 71.589 Thread 0x000001f5ec05fc80 12253   !   3       org.gradle.api.internal.tasks.TaskStatistics::lazyTaskRealized (104 bytes)
Event: 71.590 Thread 0x000001f5ec05fc80 nmethod 12253 0x000001f5d7556c90 code [0x000001f5d7556f00, 0x000001f5d7557a58]
Event: 71.590 Thread 0x000001f5ec05fc80 12254       3       org.gradle.api.internal.tasks.DefaultTaskContainer$TaskCreatingProvider::access$1502 (7 bytes)
Event: 71.591 Thread 0x000001f5ec05fc80 nmethod 12254 0x000001f5d7557f90 code [0x000001f5d7558120, 0x000001f5d7558258]
Event: 71.591 Thread 0x000001f5ec05fc80 12255       3       org.gradle.api.internal.tasks.DefaultTaskContainer::createTask (72 bytes)
Event: 71.592 Thread 0x000001f5ec05fc80 nmethod 12255 0x000001f5d7558310 code [0x000001f5d7558600, 0x000001f5d7559838]
Event: 71.595 Thread 0x000001f5ec05fc80 12256       3       com.google.common.base.Joiner::appendTo (73 bytes)
Event: 71.595 Thread 0x000001f5ec05fc80 nmethod 12256 0x000001f5d7559e90 code [0x000001f5d755a0e0, 0x000001f5d755ab58]
Event: 71.596 Thread 0x000001f5ec05fc80 12257       3       org.gradle.api.internal.file.DefaultFilePropertyFactory$FixedFile::<init> (6 bytes)
Event: 71.596 Thread 0x000001f5ec05fc80 nmethod 12257 0x000001f5d755ad90 code [0x000001f5d755af40, 0x000001f5d755b158]
Event: 71.596 Thread 0x000001f5ec05f2d0 12258       4       org.gradle.internal.reflect.JavaPropertyReflectionUtil::getAnnotation (101 bytes)
Event: 71.597 Thread 0x000001f5ef6a4a90 12259       4       org.gradle.model.internal.asm.MethodVisitorScope::_INVOKESPECIAL (13 bytes)
Event: 71.598 Thread 0x000001f5ef6a4a90 nmethod 12259 0x000001f5de15f890 code [0x000001f5de15fa20, 0x000001f5de15fac8]
Event: 71.619 Thread 0x000001f5ec05fc80 12260   !   3       jdk.proxy1.$Proxy5::pn (29 bytes)
Event: 71.619 Thread 0x000001f5ec05fc80 nmethod 12260 0x000001f5d755b290 code [0x000001f5d755b460, 0x000001f5d755b858]
Event: 71.619 Thread 0x000001f5ec05fc80 12261   !   3       jdk.proxy1.$Proxy5::k (32 bytes)
Event: 71.620 Thread 0x000001f5ec05fc80 nmethod 12261 0x000001f5d755ba10 code [0x000001f5d755bbe0, 0x000001f5d755bff8]
Event: 71.620 Thread 0x000001f5ec05fc80 12262   !   3       jdk.proxy1.$Proxy5::mv (29 bytes)
Event: 71.620 Thread 0x000001f5ec05fc80 nmethod 12262 0x000001f5d755c210 code [0x000001f5d755c3e0, 0x000001f5d755c7d8]
Event: 71.621 Thread 0x000001f5ec05fc80 12263       3       org.gradle.internal.instantiation.generator.InjectUtil::selectConstructor (332 bytes)

GC Heap History (20 events):
Event: 44.243 GC heap after
{Heap after GC invocations=32 (full 0):
 garbage-first heap   total 196608K, used 65211K [0x0000000080000000, 0x0000000100000000)
  region size 1024K, 1 young (1024K), 1 survivors (1024K)
 Metaspace       used 63084K, committed 63808K, reserved 479232K
  class space    used 8780K, committed 9088K, reserved 421888K
}
Event: 48.844 GC heap before
{Heap before GC invocations=32 (full 0):
 garbage-first heap   total 196608K, used 157371K [0x0000000080000000, 0x0000000100000000)
  region size 1024K, 84 young (86016K), 1 survivors (1024K)
 Metaspace       used 71952K, committed 72704K, reserved 487424K
  class space    used 9815K, committed 10176K, reserved 421888K
}
Event: 48.857 GC heap after
{Heap after GC invocations=33 (full 0):
 garbage-first heap   total 196608K, used 74500K [0x0000000080000000, 0x0000000100000000)
  region size 1024K, 10 young (10240K), 10 survivors (10240K)
 Metaspace       used 71952K, committed 72704K, reserved 487424K
  class space    used 9815K, committed 10176K, reserved 421888K
}
Event: 58.368 GC heap before
{Heap before GC invocations=33 (full 0):
 garbage-first heap   total 196608K, used 150276K [0x0000000080000000, 0x0000000100000000)
  region size 1024K, 84 young (86016K), 10 survivors (10240K)
 Metaspace       used 76053K, committed 76800K, reserved 495616K
  class space    used 10465K, committed 10816K, reserved 421888K
}
Event: 58.387 GC heap after
{Heap after GC invocations=34 (full 0):
 garbage-first heap   total 196608K, used 79995K [0x0000000080000000, 0x0000000100000000)
  region size 1024K, 7 young (7168K), 7 survivors (7168K)
 Metaspace       used 76053K, committed 76800K, reserved 495616K
  class space    used 10465K, committed 10816K, reserved 421888K
}
Event: 60.465 GC heap before
{Heap before GC invocations=34 (full 0):
 garbage-first heap   total 196608K, used 157819K [0x0000000080000000, 0x0000000100000000)
  region size 1024K, 77 young (78848K), 7 survivors (7168K)
 Metaspace       used 80932K, committed 81792K, reserved 495616K
  class space    used 11303K, committed 11712K, reserved 421888K
}
Event: 60.491 GC heap after
{Heap after GC invocations=35 (full 0):
 garbage-first heap   total 196608K, used 95455K [0x0000000080000000, 0x0000000100000000)
  region size 1024K, 10 young (10240K), 10 survivors (10240K)
 Metaspace       used 80932K, committed 81792K, reserved 495616K
  class space    used 11303K, committed 11712K, reserved 421888K
}
Event: 60.878 GC heap before
{Heap before GC invocations=35 (full 0):
 garbage-first heap   total 196608K, used 109791K [0x0000000080000000, 0x0000000100000000)
  region size 1024K, 24 young (24576K), 10 survivors (10240K)
 Metaspace       used 81087K, committed 81920K, reserved 495616K
  class space    used 11307K, committed 11712K, reserved 421888K
}
Event: 60.898 GC heap after
{Heap after GC invocations=36 (full 0):
 garbage-first heap   total 196608K, used 97256K [0x0000000080000000, 0x0000000100000000)
  region size 1024K, 2 young (2048K), 2 survivors (2048K)
 Metaspace       used 81087K, committed 81920K, reserved 495616K
  class space    used 11307K, committed 11712K, reserved 421888K
}
Event: 66.347 GC heap before
{Heap before GC invocations=37 (full 0):
 garbage-first heap   total 196608K, used 168936K [0x0000000080000000, 0x0000000100000000)
  region size 1024K, 60 young (61440K), 2 survivors (2048K)
 Metaspace       used 83431K, committed 84352K, reserved 495616K
  class space    used 11602K, committed 12032K, reserved 421888K
}
Event: 66.364 GC heap after
{Heap after GC invocations=38 (full 0):
 garbage-first heap   total 196608K, used 124628K [0x0000000080000000, 0x0000000100000000)
  region size 1024K, 8 young (8192K), 8 survivors (8192K)
 Metaspace       used 83431K, committed 84352K, reserved 495616K
  class space    used 11602K, committed 12032K, reserved 421888K
}
Event: 66.406 GC heap before
{Heap before GC invocations=38 (full 0):
 garbage-first heap   total 196608K, used 125652K [0x0000000080000000, 0x0000000100000000)
  region size 1024K, 9 young (9216K), 8 survivors (8192K)
 Metaspace       used 83474K, committed 84416K, reserved 495616K
  class space    used 11607K, committed 12032K, reserved 421888K
}
Event: 66.418 GC heap after
{Heap after GC invocations=39 (full 0):
 garbage-first heap   total 196608K, used 125590K [0x0000000080000000, 0x0000000100000000)
  region size 1024K, 1 young (1024K), 1 survivors (1024K)
 Metaspace       used 83474K, committed 84416K, reserved 495616K
  class space    used 11607K, committed 12032K, reserved 421888K
}
Event: 69.187 GC heap before
{Heap before GC invocations=39 (full 0):
 garbage-first heap   total 196608K, used 159382K [0x0000000080000000, 0x0000000100000000)
  region size 1024K, 34 young (34816K), 1 survivors (1024K)
 Metaspace       used 85729K, committed 86592K, reserved 503808K
  class space    used 11885K, committed 12288K, reserved 421888K
}
Event: 69.202 GC heap after
{Heap after GC invocations=40 (full 0):
 garbage-first heap   total 196608K, used 130614K [0x0000000080000000, 0x0000000100000000)
  region size 1024K, 5 young (5120K), 5 survivors (5120K)
 Metaspace       used 85729K, committed 86592K, reserved 503808K
  class space    used 11885K, committed 12288K, reserved 421888K
}
Event: 70.180 GC heap before
{Heap before GC invocations=41 (full 0):
 garbage-first heap   total 227328K, used 159286K [0x0000000080000000, 0x0000000100000000)
  region size 1024K, 33 young (33792K), 5 survivors (5120K)
 Metaspace       used 87408K, committed 88256K, reserved 503808K
  class space    used 12158K, committed 12544K, reserved 421888K
}
Event: 70.198 GC heap after
{Heap after GC invocations=42 (full 0):
 garbage-first heap   total 227328K, used 132630K [0x0000000080000000, 0x0000000100000000)
  region size 1024K, 2 young (2048K), 2 survivors (2048K)
 Metaspace       used 87408K, committed 88256K, reserved 503808K
  class space    used 12158K, committed 12544K, reserved 421888K
}
Event: 70.387 GC heap before
{Heap before GC invocations=42 (full 0):
 garbage-first heap   total 227328K, used 141846K [0x0000000080000000, 0x0000000100000000)
  region size 1024K, 11 young (11264K), 2 survivors (2048K)
 Metaspace       used 87927K, committed 88832K, reserved 503808K
  class space    used 12225K, committed 12608K, reserved 421888K
}
Event: 70.392 GC heap after
{Heap after GC invocations=43 (full 0):
 garbage-first heap   total 227328K, used 132048K [0x0000000080000000, 0x0000000100000000)
  region size 1024K, 1 young (1024K), 1 survivors (1024K)
 Metaspace       used 87927K, committed 88832K, reserved 503808K
  class space    used 12225K, committed 12608K, reserved 421888K
}
Event: 71.623 GC heap before
{Heap before GC invocations=43 (full 0):
 garbage-first heap   total 227328K, used 185296K [0x0000000080000000, 0x0000000100000000)
  region size 1024K, 53 young (54272K), 1 survivors (1024K)
 Metaspace       used 91263K, committed 92096K, reserved 503808K
  class space    used 12674K, committed 13056K, reserved 421888K
}

Deoptimization events (20 events):
Event: 71.163 Thread 0x000001f5ed7ad810 Uncommon trap: trap_request=0xffffff45 fr.pc=0x000001f5de114d64 relative=0x0000000000000244
Event: 71.163 Thread 0x000001f5ed7ad810 Uncommon trap: reason=unstable_if action=reinterpret pc=0x000001f5de114d64 method=org.gradle.internal.instantiation.generator.AbstractClassGenerator.isNameProperty(Lorg/gradle/internal/instantiation/generator/AbstractClassGenerator$PropertyMetadata;)Z @ 2
Event: 71.163 Thread 0x000001f5ed7ad810 DEOPT PACKING pc=0x000001f5de114d64 sp=0x0000007ef3ef8390
Event: 71.163 Thread 0x000001f5ed7ad810 DEOPT UNPACKING pc=0x000001f5dd5423a3 sp=0x0000007ef3ef8268 mode 2
Event: 71.163 Thread 0x000001f5ed7ad810 Uncommon trap: trap_request=0xffffff45 fr.pc=0x000001f5de1170e4 relative=0x0000000000000244
Event: 71.163 Thread 0x000001f5ed7ad810 Uncommon trap: reason=unstable_if action=reinterpret pc=0x000001f5de1170e4 method=org.gradle.internal.instantiation.generator.AbstractClassGenerator.isNameProperty(Lorg/gradle/internal/instantiation/generator/AbstractClassGenerator$PropertyMetadata;)Z @ 2
Event: 71.163 Thread 0x000001f5ed7ad810 DEOPT PACKING pc=0x000001f5de1170e4 sp=0x0000007ef3ef8390
Event: 71.163 Thread 0x000001f5ed7ad810 DEOPT UNPACKING pc=0x000001f5dd5423a3 sp=0x0000007ef3ef8268 mode 2
Event: 71.199 Thread 0x000001f5ed7ad810 Uncommon trap: trap_request=0xffffff45 fr.pc=0x000001f5de0de2b4 relative=0x0000000000000214
Event: 71.199 Thread 0x000001f5ed7ad810 Uncommon trap: reason=unstable_if action=reinterpret pc=0x000001f5de0de2b4 method=org.gradle.internal.instantiation.generator.AbstractClassGenerator.isNameProperty(Lorg/gradle/internal/instantiation/generator/AbstractClassGenerator$PropertyMetadata;)Z @ 2
Event: 71.199 Thread 0x000001f5ed7ad810 DEOPT PACKING pc=0x000001f5de0de2b4 sp=0x0000007ef3ef81e0
Event: 71.199 Thread 0x000001f5ed7ad810 DEOPT UNPACKING pc=0x000001f5dd5423a3 sp=0x0000007ef3ef8170 mode 2
Event: 71.325 Thread 0x000001f5ed7ad810 Uncommon trap: trap_request=0xffffff45 fr.pc=0x000001f5ddda9554 relative=0x0000000000000ed4
Event: 71.325 Thread 0x000001f5ed7ad810 Uncommon trap: reason=unstable_if action=reinterpret pc=0x000001f5ddda9554 method=java.lang.Class.getTypeName()Ljava/lang/String; @ 23 c2
Event: 71.325 Thread 0x000001f5ed7ad810 DEOPT PACKING pc=0x000001f5ddda9554 sp=0x0000007ef3ef7950
Event: 71.325 Thread 0x000001f5ed7ad810 DEOPT UNPACKING pc=0x000001f5dd5423a3 sp=0x0000007ef3ef7948 mode 2
Event: 71.522 Thread 0x000001f5ed7ad810 DEOPT PACKING pc=0x000001f5d6c6dd27 sp=0x0000007ef3ef9740
Event: 71.522 Thread 0x000001f5ed7ad810 DEOPT UNPACKING pc=0x000001f5dd542b43 sp=0x0000007ef3ef8c08 mode 0
Event: 71.529 Thread 0x000001f5ed7ad810 DEOPT PACKING pc=0x000001f5d6c6dd27 sp=0x0000007ef3ef9740
Event: 71.529 Thread 0x000001f5ed7ad810 DEOPT UNPACKING pc=0x000001f5dd542b43 sp=0x0000007ef3ef8c08 mode 0

Classes unloaded (0 events):
No events

Classes redefined (0 events):
No events

Internal exceptions (20 events):
Event: 67.758 Thread 0x000001f5ed1003f0 Exception <a 'java/lang/ClassNotFoundException'{0x000000008b10d168}: org/gradle/api/JavaVersionCustomizer> (0x000000008b10d168) 
thrown [s\open\src\hotspot\share\classfile\systemDictionary.cpp, line 256]
Event: 67.791 Thread 0x000001f5ed1003f0 Exception <a 'java/lang/ClassNotFoundException'{0x000000008b15d3b0}: com/android/build/gradle/internal/CompileOptions$AgpDecorated_DecoratedBeanInfo> (0x000000008b15d3b0) 
thrown [s\open\src\hotspot\share\classfile\systemDictionary.cpp, line 256]
Event: 67.794 Thread 0x000001f5ed1003f0 Exception <a 'java/lang/ClassNotFoundException'{0x000000008b16b638}: com/android/build/gradle/internal/CompileOptions$AgpDecoratedBeanInfo> (0x000000008b16b638) 
thrown [s\open\src\hotspot\share\classfile\systemDictionary.cpp, line 256]
Event: 67.796 Thread 0x000001f5ed1003f0 Exception <a 'java/lang/ClassNotFoundException'{0x000000008b179710}: com/android/build/gradle/internal/CompileOptionsBeanInfo> (0x000000008b179710) 
thrown [s\open\src\hotspot\share\classfile\systemDictionary.cpp, line 256]
Event: 67.796 Thread 0x000001f5ed1003f0 Exception <a 'java/lang/ClassNotFoundException'{0x000000008b187a58}: com/android/build/gradle/internal/CompileOptionsCustomizer> (0x000000008b187a58) 
thrown [s\open\src\hotspot\share\classfile\systemDictionary.cpp, line 256]
Event: 67.817 Thread 0x000001f5ed1003f0 Exception <a 'java/lang/ClassNotFoundException'{0x000000008b1a22b0}: com/android/build/gradle/internal/CompileOptions$AgpDecoratedCustomizer> (0x000000008b1a22b0) 
thrown [s\open\src\hotspot\share\classfile\systemDictionary.cpp, line 256]
Event: 67.939 Thread 0x000001f5ed1003f0 Exception <a 'java/lang/ClassNotFoundException'{0x000000008b1bf878}: com/android/build/gradle/internal/CompileOptions$AgpDecorated_DecoratedCustomizer> (0x000000008b1bf878) 
thrown [s\open\src\hotspot\share\classfile\systemDictionary.cpp, line 256]
Event: 67.980 Thread 0x000001f5ed1003f0 Exception <a 'java/lang/ClassNotFoundException'{0x000000008b035e38}: org/jetbrains/kotlin/gradle/plugin/sources/DefaultKotlinSourceSetBeanInfo> (0x000000008b035e38) 
thrown [s\open\src\hotspot\share\classfile\systemDictionary.cpp, line 256]
Event: 67.982 Thread 0x000001f5ed1003f0 Exception <a 'java/lang/ClassNotFoundException'{0x000000008b043f38}: org/jetbrains/kotlin/gradle/plugin/sources/DefaultKotlinSourceSetCustomizer> (0x000000008b043f38) 
thrown [s\open\src\hotspot\share\classfile\systemDictionary.cpp, line 256]
Event: 68.004 Thread 0x000001f5ed1003f0 Exception <a 'java/lang/ClassNotFoundException'{0x000000008b0c4760}: build_1q8x6j6rrlo8ztshygjd59whi$_run_closure1$_closure8BeanInfo> (0x000000008b0c4760) 
thrown [s\open\src\hotspot\share\classfile\systemDictionary.cpp, line 256]
Event: 68.005 Thread 0x000001f5ed1003f0 Exception <a 'java/lang/ClassNotFoundException'{0x000000008b0d0078}: build_1q8x6j6rrlo8ztshygjd59whi$_run_closure1$_closure8Customizer> (0x000000008b0d0078) 
thrown [s\open\src\hotspot\share\classfile\systemDictionary.cpp, line 256]
Event: 68.529 Thread 0x000001f5ed1003f0 Exception <a 'java/lang/NoClassDefFoundError'{0x000000008aa68dc0}: org/jetbrains/kotlin/gradle/plugin/KotlinBasePluginWrapper> (0x000000008aa68dc0) 
thrown [s\open\src\hotspot\share\oops\constantPool.cpp, line 835]
Event: 69.446 Thread 0x000001f5ed7ad810 Exception <a 'java/lang/NoSuchMethodError'{0x000000008be440a8}: 'void java.lang.invoke.DirectMethodHandle$Holder.invokeVirtual(java.lang.Object, java.lang.Object)'> (0x000000008be440a8) 
thrown [s\open\src\hotspot\share\interpreter\linkResolver.cpp, line 759]
Event: 70.019 Thread 0x000001f5ed7ad810 Implicit null exception at 0x000001f5de0f1cd6 to 0x000001f5de0f26cc
Event: 70.025 Thread 0x000001f5ed7ad810 Implicit null exception at 0x000001f5de0f334b to 0x000001f5de0f3eac
Event: 70.095 Thread 0x000001f5ed7ad810 Implicit null exception at 0x000001f5de0f8c90 to 0x000001f5de0f8d64
Event: 70.132 Thread 0x000001f5ed7ad810 Implicit null exception at 0x000001f5de0f6dd0 to 0x000001f5de0f7770
Event: 70.158 Thread 0x000001f5ed7ad810 Implicit null exception at 0x000001f5de0fa304 to 0x000001f5de0fb230
Event: 70.160 Thread 0x000001f5ed7ad810 Implicit null exception at 0x000001f5de0fbb92 to 0x000001f5de0fbc76
Event: 70.311 Thread 0x000001f5ed7ad810 Implicit null exception at 0x000001f5de104852 to 0x000001f5de104ee4

VM Operations (20 events):
Event: 68.621 Executing VM operation: ICBufferFull done
Event: 68.747 Executing VM operation: HandshakeAllThreads
Event: 68.747 Executing VM operation: HandshakeAllThreads done
Event: 69.187 Executing VM operation: G1CollectForAllocation
Event: 69.202 Executing VM operation: G1CollectForAllocation done
Event: 69.576 Executing VM operation: G1Concurrent
Event: 69.605 Executing VM operation: G1Concurrent done
Event: 69.763 Executing VM operation: G1Concurrent
Event: 69.764 Executing VM operation: G1Concurrent done
Event: 70.180 Executing VM operation: G1CollectForAllocation
Event: 70.198 Executing VM operation: G1CollectForAllocation done
Event: 70.387 Executing VM operation: G1CollectForAllocation
Event: 70.392 Executing VM operation: G1CollectForAllocation done
Event: 71.256 Executing VM operation: HandshakeAllThreads
Event: 71.256 Executing VM operation: HandshakeAllThreads done
Event: 71.307 Executing VM operation: HandshakeAllThreads
Event: 71.307 Executing VM operation: HandshakeAllThreads done
Event: 71.312 Executing VM operation: HandshakeAllThreads
Event: 71.312 Executing VM operation: HandshakeAllThreads done
Event: 71.622 Executing VM operation: G1CollectForAllocation

Events (20 events):
Event: 68.746 loading class java/util/AbstractList$ListItr done
Event: 69.351 Thread 0x000001f5f1b173d0 Thread added: 0x000001f5f1b173d0
Event: 69.518 Thread 0x000001f5ef6aa5b0 Thread exited: 0x000001f5ef6aa5b0
Event: 69.757 loading class java/text/MessageFormat
Event: 69.759 loading class java/text/MessageFormat done
Event: 69.759 loading class java/text/MessageFormat$Field
Event: 69.759 loading class java/text/MessageFormat$Field done
Event: 69.874 Thread 0x000001f5ef6a4a90 Thread added: 0x000001f5ef6a4a90
Event: 70.543 loading class java/util/zip/ZipOutputStream
Event: 70.544 loading class java/util/zip/ZipOutputStream done
Event: 70.879 loading class java/lang/ExceptionInInitializerError
Event: 70.880 loading class java/lang/ExceptionInInitializerError done
Event: 71.281 loading class javax/management/InstanceAlreadyExistsException
Event: 71.281 loading class javax/management/InstanceAlreadyExistsException done
Event: 71.281 loading class javax/management/MBeanRegistrationException
Event: 71.281 loading class javax/management/MBeanRegistrationException done
Event: 71.281 loading class javax/management/NotCompliantMBeanException
Event: 71.282 loading class javax/management/NotCompliantMBeanException done
Event: 71.463 loading class java/security/cert/CertificateEncodingException
Event: 71.464 loading class java/security/cert/CertificateEncodingException done


Dynamic libraries:
0x00007ff72d880000 - 0x00007ff72d890000 	C:\Program Files\Java\jdk-17\bin\java.exe
0x00007ff9a6ff0000 - 0x00007ff9a71e8000 	C:\WINDOWS\SYSTEM32\ntdll.dll
0x00007ff9a5d20000 - 0x00007ff9a5ddd000 	C:\WINDOWS\System32\KERNEL32.DLL
0x00007ff9a4c70000 - 0x00007ff9a4f3e000 	C:\WINDOWS\System32\KERNELBASE.dll
0x00007ff9a4870000 - 0x00007ff9a4970000 	C:\WINDOWS\System32\ucrtbase.dll
0x00007ff96ca80000 - 0x00007ff96ca99000 	C:\Program Files\Java\jdk-17\bin\jli.dll
0x00007ff9a5440000 - 0x00007ff9a54ee000 	C:\WINDOWS\System32\ADVAPI32.dll
0x00007ff9a5180000 - 0x00007ff9a521e000 	C:\WINDOWS\System32\msvcrt.dll
0x00007ff9a5560000 - 0x00007ff9a55fc000 	C:\WINDOWS\System32\sechost.dll
0x00007ff9a5050000 - 0x00007ff9a5175000 	C:\WINDOWS\System32\RPCRT4.dll
0x00007ff9a66c0000 - 0x00007ff9a6860000 	C:\WINDOWS\System32\USER32.dll
0x00007ff9a4f90000 - 0x00007ff9a4fb2000 	C:\WINDOWS\System32\win32u.dll
0x00007ff9a62b0000 - 0x00007ff9a62da000 	C:\WINDOWS\System32\GDI32.dll
0x00007ff9a4b30000 - 0x00007ff9a4c3b000 	C:\WINDOWS\System32\gdi32full.dll
0x00007ff9a4970000 - 0x00007ff9a4a0d000 	C:\WINDOWS\System32\msvcp_win.dll
0x00007ff96caa0000 - 0x00007ff96cabb000 	C:\Program Files\Java\jdk-17\bin\VCRUNTIME140.dll
0x00007ff98fa60000 - 0x00007ff98fcfa000 	C:\WINDOWS\WinSxS\amd64_microsoft.windows.common-controls_6595b64144ccf1df_6.0.19041.1110_none_60b5254171f9507e\COMCTL32.dll
0x00007ff999700000 - 0x00007ff99970a000 	C:\WINDOWS\SYSTEM32\VERSION.dll
0x00007ff9a5660000 - 0x00007ff9a5690000 	C:\WINDOWS\System32\IMM32.DLL
0x00007ff98f260000 - 0x00007ff98f26c000 	C:\Program Files\Java\jdk-17\bin\vcruntime140_1.dll
0x00007ff96c7e0000 - 0x00007ff96c86e000 	C:\Program Files\Java\jdk-17\bin\msvcp140.dll
0x00007ff94f350000 - 0x00007ff94ff2d000 	C:\Program Files\Java\jdk-17\bin\server\jvm.dll
0x00007ff9a52b0000 - 0x00007ff9a52b8000 	C:\WINDOWS\System32\PSAPI.DLL
0x00007ff9a2e40000 - 0x00007ff9a2e49000 	C:\WINDOWS\SYSTEM32\WSOCK32.dll
0x00007ff9a5320000 - 0x00007ff9a538b000 	C:\WINDOWS\System32\WS2_32.dll
0x00007ff990740000 - 0x00007ff990767000 	C:\WINDOWS\SYSTEM32\WINMM.dll
0x00007ff9a2f60000 - 0x00007ff9a2f72000 	C:\WINDOWS\SYSTEM32\kernel.appcore.dll
0x00007ff98ef10000 - 0x00007ff98ef1a000 	C:\Program Files\Java\jdk-17\bin\jimage.dll
0x00007ff9a2480000 - 0x00007ff9a2664000 	C:\WINDOWS\SYSTEM32\DBGHELP.DLL
0x00007ff98dc20000 - 0x00007ff98dc4c000 	C:\WINDOWS\SYSTEM32\dbgcore.DLL
0x00007ff9a4fc0000 - 0x00007ff9a5042000 	C:\WINDOWS\System32\bcryptPrimitives.dll
0x00007ff96ca50000 - 0x00007ff96ca75000 	C:\Program Files\Java\jdk-17\bin\java.dll
0x00007ff96c600000 - 0x00007ff96c6d7000 	C:\Program Files\Java\jdk-17\bin\jsvml.dll
0x00007ff9a6860000 - 0x00007ff9a6fa4000 	C:\WINDOWS\System32\SHELL32.dll
0x00007ff9a2670000 - 0x00007ff9a2e04000 	C:\WINDOWS\SYSTEM32\windows.storage.dll
0x00007ff9a6360000 - 0x00007ff9a66b4000 	C:\WINDOWS\System32\combase.dll
0x00007ff9a3fc0000 - 0x00007ff9a3ff0000 	C:\WINDOWS\SYSTEM32\Wldp.dll
0x00007ff9a5390000 - 0x00007ff9a543d000 	C:\WINDOWS\System32\SHCORE.dll
0x00007ff9a5600000 - 0x00007ff9a5655000 	C:\WINDOWS\System32\shlwapi.dll
0x00007ff9a4650000 - 0x00007ff9a466f000 	C:\WINDOWS\SYSTEM32\profapi.dll
0x00007ff96ca30000 - 0x00007ff96ca49000 	C:\Program Files\Java\jdk-17\bin\net.dll
0x00007ff99e860000 - 0x00007ff99e96a000 	C:\WINDOWS\SYSTEM32\WINHTTP.dll
0x00007ff9a3da0000 - 0x00007ff9a3e0a000 	C:\WINDOWS\system32\mswsock.dll
0x00007ff96c7c0000 - 0x00007ff96c7d6000 	C:\Program Files\Java\jdk-17\bin\nio.dll
0x00007ff96c5e0000 - 0x00007ff96c5f8000 	C:\Program Files\Java\jdk-17\bin\zip.dll
0x00007ff98eed0000 - 0x00007ff98eee0000 	C:\Program Files\Java\jdk-17\bin\verify.dll
0x00007ff97a720000 - 0x00007ff97a747000 	C:\Users\dell\.gradle\native\68d5fa5c4cc2d200863cafc0d521ce42e7d3e7ee720ec0a83991735586a16f82\windows-amd64\native-platform.dll
0x00007ff974490000 - 0x00007ff9745d4000 	C:\Users\dell\.gradle\native\e376f236ea51e6404a007f0833ffe2c6e607c4080706a723a18a27aeea778392\windows-amd64\native-platform-file-events.dll
0x00007ff98ed10000 - 0x00007ff98ed1a000 	C:\Program Files\Java\jdk-17\bin\management.dll
0x00007ff98e7e0000 - 0x00007ff98e7eb000 	C:\Program Files\Java\jdk-17\bin\management_ext.dll
0x00007ff9a4000000 - 0x00007ff9a4018000 	C:\WINDOWS\SYSTEM32\CRYPTSP.dll
0x00007ff9a3740000 - 0x00007ff9a3774000 	C:\WINDOWS\system32\rsaenh.dll
0x00007ff9a4c40000 - 0x00007ff9a4c67000 	C:\WINDOWS\System32\bcrypt.dll
0x00007ff9a4610000 - 0x00007ff9a463e000 	C:\WINDOWS\SYSTEM32\USERENV.dll
0x00007ff9a3f30000 - 0x00007ff9a3f3c000 	C:\WINDOWS\SYSTEM32\CRYPTBASE.dll
0x00007ff9a3ab0000 - 0x00007ff9a3aeb000 	C:\WINDOWS\SYSTEM32\IPHLPAPI.DLL
0x00007ff9a5d10000 - 0x00007ff9a5d18000 	C:\WINDOWS\System32\NSI.dll
0x00007ff999390000 - 0x00007ff9993a7000 	C:\WINDOWS\SYSTEM32\dhcpcsvc6.DLL
0x00007ff999bb0000 - 0x00007ff999bcd000 	C:\WINDOWS\SYSTEM32\dhcpcsvc.DLL
0x00007ff9a3af0000 - 0x00007ff9a3bba000 	C:\WINDOWS\SYSTEM32\DNSAPI.dll
0x00007ff99d290000 - 0x00007ff99d29d000 	C:\Program Files\Java\jdk-17\bin\sunmscapi.dll
0x00007ff9a4710000 - 0x00007ff9a4866000 	C:\WINDOWS\System32\CRYPT32.dll
0x00007ff9a4110000 - 0x00007ff9a4137000 	C:\WINDOWS\SYSTEM32\ncrypt.dll
0x00007ff9a40d0000 - 0x00007ff9a410b000 	C:\WINDOWS\SYSTEM32\NTASN1.dll
0x00007ff99d240000 - 0x00007ff99d247000 	C:\WINDOWS\system32\wshunix.dll

dbghelp: loaded successfully - version: 4.0.5 - missing functions: none
symbol engine: initialized successfully - sym options: 0x614 - pdb path: .;C:\Program Files\Java\jdk-17\bin;C:\WINDOWS\SYSTEM32;C:\WINDOWS\WinSxS\amd64_microsoft.windows.common-controls_6595b64144ccf1df_6.0.19041.1110_none_60b5254171f9507e;C:\Program Files\Java\jdk-17\bin\server;C:\Users\dell\.gradle\native\68d5fa5c4cc2d200863cafc0d521ce42e7d3e7ee720ec0a83991735586a16f82\windows-amd64;C:\Users\dell\.gradle\native\e376f236ea51e6404a007f0833ffe2c6e607c4080706a723a18a27aeea778392\windows-amd64

VM Arguments:
jvm_args: -XX:MaxMetaspaceSize=512m --add-opens=java.base/java.util=ALL-UNNAMED --add-opens=java.base/java.lang=ALL-UNNAMED --add-opens=java.base/java.lang.invoke=ALL-UNNAMED --add-opens=java.prefs/java.util.prefs=ALL-UNNAMED --add-opens=java.base/java.nio.charset=ALL-UNNAMED --add-opens=java.base/java.net=ALL-UNNAMED --add-opens=java.base/java.util.concurrent.atomic=ALL-UNNAMED -Xmx2048m -Dfile.encoding=windows-1252 -Duser.country=IN -Duser.language=en -Duser.variant 
java_command: org.gradle.launcher.daemon.bootstrap.GradleDaemon 8.0.1
java_class_path (initial): C:\Users\dell\.gradle\wrapper\dists\gradle-8.0.1-all\aro4hu1c3oeioove7l0i4i14o\gradle-8.0.1\lib\gradle-launcher-8.0.1.jar
Launcher Type: SUN_STANDARD

[Global flags]
     intx CICompilerCount                          = 3                                         {product} {ergonomic}
   size_t CompressedClassSpaceSize                 = 432013312                                 {product} {ergonomic}
     uint ConcGCThreads                            = 1                                         {product} {ergonomic}
     uint G1ConcRefinementThreads                  = 4                                         {product} {ergonomic}
   size_t G1HeapRegionSize                         = 1048576                                   {product} {ergonomic}
    uintx GCDrainStackTargetSize                   = 64                                        {product} {ergonomic}
   size_t InitialHeapSize                          = 134217728                                 {product} {ergonomic}
   size_t MarkStackSize                            = 4194304                                   {product} {ergonomic}
   size_t MaxHeapSize                              = 2147483648                                {product} {command line}
   size_t MaxMetaspaceSize                         = 536870912                                 {product} {command line}
   size_t MaxNewSize                               = 1287651328                                {product} {ergonomic}
   size_t MinHeapDeltaBytes                        = 1048576                                   {product} {ergonomic}
   size_t MinHeapSize                              = 8388608                                   {product} {ergonomic}
    uintx NonNMethodCodeHeapSize                   = 5832780                                {pd product} {ergonomic}
    uintx NonProfiledCodeHeapSize                  = 122912730                              {pd product} {ergonomic}
    uintx ProfiledCodeHeapSize                     = 122912730                              {pd product} {ergonomic}
    uintx ReservedCodeCacheSize                    = 251658240                              {pd product} {ergonomic}
     bool SegmentedCodeCache                       = true                                      {product} {ergonomic}
   size_t SoftMaxHeapSize                          = 2147483648                             {manageable} {ergonomic}
     bool UseCompressedClassPointers               = true                           {product lp64_product} {ergonomic}
     bool UseCompressedOops                        = true                           {product lp64_product} {ergonomic}
     bool UseG1GC                                  = true                                      {product} {ergonomic}
     bool UseLargePagesIndividualAllocation        = false                                  {pd product} {ergonomic}

Logging:
Log output configuration:
 #0: stdout all=warning uptime,level,tags
 #1: stderr all=off uptime,level,tags

Environment Variables:
JAVA_HOME=C:\Program Files\Java\jdk-17
CLASSPATH=F:\react nativ\pictogame\android\\gradle\wrapper\gradle-wrapper.jar
PATH=F:\react nativ\pictogame\node_modules\.bin;F:\react nativ\pictogame\node_modules\.bin;F:\react nativ\node_modules\.bin;F:\node_modules\.bin;C:\Program Files\nodejs\node_modules\npm\node_modules\@npmcli\run-script\lib\node-gyp-bin;C:\oraclexe\app\oracle\product\10.2.0\server\bin;C:\Program Files (x86)\Common Files\Intel\Shared Libraries\redist\intel64\compiler;C:\WINDOWS\system32;C:\WINDOWS;C:\WINDOWS\System32\Wbem;C:\WINDOWS\System32\WindowsPowerShell\v1.0\;C:\WINDOWS\System32\OpenSSH\;C:\Program Files\nodejs\;C:\Users\dell\AppData\Local\Microsoft\WindowsApps;C:\Users\dell\AppData\Local\Programs\Microsoft VS Code\bin;C:\Users\dell\AppData\Roaming\npm;C:\Program Files\Java\jdk-17;C:\Users\dell\AppData\Local\Android\Sdk\platform-tools;
USERNAME=dell
LANG=en_US.UTF-8
OS=Windows_NT
PROCESSOR_IDENTIFIER=Intel64 Family 6 Model 78 Stepping 3, GenuineIntel



---------------  S Y S T E M  ---------------

OS:
 Windows 10 , 64 bit Build 19041 (10.0.19041.1889)
OS uptime: 2 days 12:48 hours
Hyper-V role detected

CPU: total 4 (initial active 4) (2 cores per cpu, 2 threads per core) family 6 model 78 stepping 3 microcode 0xcc, cx8, cmov, fxsr, ht, mmx, 3dnowpref, sse, sse2, sse3, ssse3, sse4.1, sse4.2, popcnt, lzcnt, tsc, tscinvbit, avx, avx2, aes, erms, clmul, bmi1, bmi2, rtm, adx, fma, vzeroupper, clflush, clflushopt, hv

Memory: 4k page, system-wide physical 8084M (429M free)
TotalPageFile size 10116M (AvailPageFile size 109M)
current process WorkingSet (physical memory assigned to process): 472M, peak: 472M
current process commit charge ("private bytes"): 511M, peak: 692M

vm_info: Java HotSpot(TM) 64-Bit Server VM (17.0.7+8-LTS-224) for windows-amd64 JRE (17.0.7+8-LTS-224), built on Feb 28 2023 23:03:02 by "mach5one" with MS VC++ 17.1 (VS2022)

END.
